2016-11-23 14:51:46 [main] INFO  net.codog.ProjectApplication - Starting ProjectApplication on wenhanwang with PID 2540 (started by CreditEase in E:\我的项目\GitHub\personal-blog-webiste\project)
2016-11-23 14:51:46 [main] INFO  net.codog.ProjectApplication - The following profiles are active: prod
2016-11-23 14:51:46 [background-preinit] INFO  org.hibernate.validator.internal.util.Version - HV000001: Hibernate Validator 5.2.4.Final
2016-11-23 14:51:47 [main] INFO  org.springframework.boot.context.embedded.AnnotationConfigEmbeddedWebApplicationContext - Refreshing org.springframework.boot.context.embedded.AnnotationConfigEmbeddedWebApplicationContext@5562c41e: startup date [Wed Nov 23 14:51:47 CST 2016]; root of context hierarchy
2016-11-23 14:51:49 [main] INFO  org.springframework.context.support.PostProcessorRegistrationDelegate$BeanPostProcessorChecker - Bean 'org.springframework.transaction.annotation.ProxyTransactionManagementConfiguration' of type [class org.springframework.transaction.annotation.ProxyTransactionManagementConfiguration$$EnhancerBySpringCGLIB$$ddb1195d] is not eligible for getting processed by all BeanPostProcessors (for example: not eligible for auto-proxying)
2016-11-23 14:51:50 [main] INFO  org.springframework.boot.context.embedded.tomcat.TomcatEmbeddedServletContainer - Tomcat initialized with port(s): 8080 (http)
2016-11-23 14:51:50 [main] INFO  org.apache.catalina.core.StandardService - Starting service Tomcat
2016-11-23 14:51:50 [main] INFO  org.apache.catalina.core.StandardEngine - Starting Servlet Engine: Apache Tomcat/8.5.5
2016-11-23 14:51:50 [localhost-startStop-1] INFO  org.apache.catalina.core.ContainerBase.[Tomcat].[localhost].[/] - Initializing Spring embedded WebApplicationContext
2016-11-23 14:51:50 [localhost-startStop-1] INFO  org.springframework.web.context.ContextLoader - Root WebApplicationContext: initialization completed in 2701 ms
2016-11-23 14:51:50 [localhost-startStop-1] INFO  org.springframework.boot.web.servlet.ServletRegistrationBean - Mapping servlet: 'dispatcherServlet' to [/]
2016-11-23 14:51:50 [localhost-startStop-1] INFO  org.springframework.boot.web.servlet.FilterRegistrationBean - Mapping filter: 'characterEncodingFilter' to: [/*]
2016-11-23 14:51:50 [localhost-startStop-1] INFO  org.springframework.boot.web.servlet.FilterRegistrationBean - Mapping filter: 'hiddenHttpMethodFilter' to: [/*]
2016-11-23 14:51:50 [localhost-startStop-1] INFO  org.springframework.boot.web.servlet.FilterRegistrationBean - Mapping filter: 'httpPutFormContentFilter' to: [/*]
2016-11-23 14:51:50 [localhost-startStop-1] INFO  org.springframework.boot.web.servlet.FilterRegistrationBean - Mapping filter: 'requestContextFilter' to: [/*]
2016-11-23 14:51:51 [main] INFO  org.springframework.web.servlet.mvc.method.annotation.RequestMappingHandlerAdapter - Looking for @ControllerAdvice: org.springframework.boot.context.embedded.AnnotationConfigEmbeddedWebApplicationContext@5562c41e: startup date [Wed Nov 23 14:51:47 CST 2016]; root of context hierarchy
2016-11-23 14:51:51 [main] INFO  org.springframework.web.servlet.mvc.method.annotation.RequestMappingHandlerMapping - Mapped "{[/blog/test],methods=[GET]}" onto public net.codog.vo.ResponseVO<java.util.List<net.codog.domain.Blog>> net.codog.web.BlogController.test()
2016-11-23 14:51:51 [main] INFO  org.springframework.web.servlet.mvc.method.annotation.RequestMappingHandlerMapping - Mapped "{[/guestbook/test],methods=[GET]}" onto public net.codog.vo.ResponseVO<java.util.List<net.codog.domain.Guestbook>> net.codog.web.GuestbookController.test()
2016-11-23 14:51:51 [main] INFO  org.springframework.web.servlet.mvc.method.annotation.RequestMappingHandlerMapping - Mapped "{[/message/test],methods=[GET]}" onto public net.codog.vo.ResponseVO<java.util.List<net.codog.domain.Message>> net.codog.web.MessageController.test()
2016-11-23 14:51:51 [main] INFO  org.springframework.web.servlet.mvc.method.annotation.RequestMappingHandlerMapping - Mapped "{[/news/test],methods=[GET]}" onto public net.codog.vo.ResponseVO<java.util.List<net.codog.domain.News>> net.codog.web.NewsController.test()
2016-11-23 14:51:51 [main] INFO  org.springframework.web.servlet.mvc.method.annotation.RequestMappingHandlerMapping - Mapped "{[/user/test],methods=[GET]}" onto public net.codog.vo.ResponseVO<net.codog.view.UserShowDetail> net.codog.web.UserController.test()
2016-11-23 14:51:51 [main] INFO  org.springframework.web.servlet.mvc.method.annotation.RequestMappingHandlerMapping - Mapped "{[/userfile/test],methods=[GET]}" onto public net.codog.vo.ResponseVO<java.util.List<net.codog.domain.UserfulFile>> net.codog.web.UserfulFileController.test()
2016-11-23 14:51:51 [main] INFO  org.springframework.web.servlet.mvc.method.annotation.RequestMappingHandlerMapping - Mapped "{[/userurl/test],methods=[GET]}" onto public net.codog.vo.ResponseVO<java.util.List<net.codog.domain.UserfulUrl>> net.codog.web.UserfulUrlController.test()
2016-11-23 14:51:51 [main] INFO  org.springframework.web.servlet.mvc.method.annotation.RequestMappingHandlerMapping - Mapped "{[/error]}" onto public org.springframework.http.ResponseEntity<java.util.Map<java.lang.String, java.lang.Object>> org.springframework.boot.autoconfigure.web.BasicErrorController.error(javax.servlet.http.HttpServletRequest)
2016-11-23 14:51:51 [main] INFO  org.springframework.web.servlet.mvc.method.annotation.RequestMappingHandlerMapping - Mapped "{[/error],produces=[text/html]}" onto public org.springframework.web.servlet.ModelAndView org.springframework.boot.autoconfigure.web.BasicErrorController.errorHtml(javax.servlet.http.HttpServletRequest,javax.servlet.http.HttpServletResponse)
2016-11-23 14:51:51 [main] INFO  org.springframework.web.servlet.handler.SimpleUrlHandlerMapping - Mapped URL path [/webjars/**] onto handler of type [class org.springframework.web.servlet.resource.ResourceHttpRequestHandler]
2016-11-23 14:51:51 [main] INFO  org.springframework.web.servlet.handler.SimpleUrlHandlerMapping - Mapped URL path [/**] onto handler of type [class org.springframework.web.servlet.resource.ResourceHttpRequestHandler]
2016-11-23 14:51:51 [main] INFO  org.springframework.web.servlet.handler.SimpleUrlHandlerMapping - Mapped URL path [/**/favicon.ico] onto handler of type [class org.springframework.web.servlet.resource.ResourceHttpRequestHandler]
2016-11-23 14:51:51 [main] WARN  org.springframework.boot.autoconfigure.thymeleaf.AbstractTemplateResolverConfiguration - Cannot find template location: classpath:/templates/ (please add some templates or check your Thymeleaf configuration)
2016-11-23 14:51:52 [main] INFO  org.springframework.jmx.export.annotation.AnnotationMBeanExporter - Registering beans for JMX exposure on startup
2016-11-23 14:51:52 [main] INFO  org.apache.coyote.http11.Http11NioProtocol - Initializing ProtocolHandler ["http-nio-8080"]
2016-11-23 14:51:52 [main] INFO  org.apache.coyote.http11.Http11NioProtocol - Starting ProtocolHandler [http-nio-8080]
2016-11-23 14:51:52 [main] INFO  org.apache.tomcat.util.net.NioSelectorPool - Using a shared selector for servlet write/read
2016-11-23 14:51:52 [main] INFO  org.springframework.boot.context.embedded.tomcat.TomcatEmbeddedServletContainer - Tomcat started on port(s): 8080 (http)
2016-11-23 14:51:52 [main] INFO  net.codog.ProjectApplication - Started ProjectApplication in 6.62 seconds (JVM running for 7.682)
2016-11-23 14:52:26 [http-nio-8080-exec-1] INFO  org.apache.tomcat.util.http.parser.Cookie - A cookie header was received [1472202047,1474180035] that contained an invalid cookie. That cookie will be ignored.Note: further occurrences of this error will be logged at DEBUG level.
2016-11-23 14:52:26 [http-nio-8080-exec-1] INFO  org.apache.catalina.core.ContainerBase.[Tomcat].[localhost].[/] - Initializing Spring FrameworkServlet 'dispatcherServlet'
2016-11-23 14:52:26 [http-nio-8080-exec-1] INFO  org.springframework.web.servlet.DispatcherServlet - FrameworkServlet 'dispatcherServlet': initialization started
2016-11-23 14:52:26 [http-nio-8080-exec-1] INFO  org.springframework.web.servlet.DispatcherServlet - FrameworkServlet 'dispatcherServlet': initialization completed in 30 ms
2016-11-23 15:08:38 [main] INFO  net.codog.ProjectApplication - Starting ProjectApplication on wenhanwang with PID 7224 (started by CreditEase in E:\我的项目\GitHub\personal-blog-webiste\project)
2016-11-23 15:08:38 [main] INFO  net.codog.ProjectApplication - The following profiles are active: prod
2016-11-23 15:08:38 [background-preinit] INFO  org.hibernate.validator.internal.util.Version - HV000001: Hibernate Validator 5.2.4.Final
2016-11-23 15:08:39 [main] INFO  org.springframework.boot.context.embedded.AnnotationConfigEmbeddedWebApplicationContext - Refreshing org.springframework.boot.context.embedded.AnnotationConfigEmbeddedWebApplicationContext@5562c41e: startup date [Wed Nov 23 15:08:39 CST 2016]; root of context hierarchy
2016-11-23 15:08:40 [main] INFO  org.springframework.context.support.PostProcessorRegistrationDelegate$BeanPostProcessorChecker - Bean 'org.springframework.transaction.annotation.ProxyTransactionManagementConfiguration' of type [class org.springframework.transaction.annotation.ProxyTransactionManagementConfiguration$$EnhancerBySpringCGLIB$$61bd410a] is not eligible for getting processed by all BeanPostProcessors (for example: not eligible for auto-proxying)
2016-11-23 15:08:41 [main] INFO  org.springframework.boot.context.embedded.tomcat.TomcatEmbeddedServletContainer - Tomcat initialized with port(s): 8080 (http)
2016-11-23 15:08:41 [main] INFO  org.apache.catalina.core.StandardService - Starting service Tomcat
2016-11-23 15:08:41 [main] INFO  org.apache.catalina.core.StandardEngine - Starting Servlet Engine: Apache Tomcat/8.5.5
2016-11-23 15:08:41 [localhost-startStop-1] INFO  org.apache.catalina.core.ContainerBase.[Tomcat].[localhost].[/] - Initializing Spring embedded WebApplicationContext
2016-11-23 15:08:41 [localhost-startStop-1] INFO  org.springframework.web.context.ContextLoader - Root WebApplicationContext: initialization completed in 2259 ms
2016-11-23 15:08:41 [localhost-startStop-1] INFO  org.springframework.boot.web.servlet.ServletRegistrationBean - Mapping servlet: 'dispatcherServlet' to [/]
2016-11-23 15:08:41 [localhost-startStop-1] INFO  org.springframework.boot.web.servlet.FilterRegistrationBean - Mapping filter: 'characterEncodingFilter' to: [/*]
2016-11-23 15:08:41 [localhost-startStop-1] INFO  org.springframework.boot.web.servlet.FilterRegistrationBean - Mapping filter: 'hiddenHttpMethodFilter' to: [/*]
2016-11-23 15:08:41 [localhost-startStop-1] INFO  org.springframework.boot.web.servlet.FilterRegistrationBean - Mapping filter: 'httpPutFormContentFilter' to: [/*]
2016-11-23 15:08:41 [localhost-startStop-1] INFO  org.springframework.boot.web.servlet.FilterRegistrationBean - Mapping filter: 'requestContextFilter' to: [/*]
2016-11-23 15:08:42 [main] INFO  org.springframework.web.servlet.mvc.method.annotation.RequestMappingHandlerAdapter - Looking for @ControllerAdvice: org.springframework.boot.context.embedded.AnnotationConfigEmbeddedWebApplicationContext@5562c41e: startup date [Wed Nov 23 15:08:39 CST 2016]; root of context hierarchy
2016-11-23 15:08:42 [main] INFO  org.springframework.web.servlet.mvc.method.annotation.RequestMappingHandlerMapping - Mapped "{[/blog/test],methods=[GET]}" onto public net.codog.vo.ResponseVO<java.util.List<net.codog.domain.Blog>> net.codog.web.BlogController.test()
2016-11-23 15:08:42 [main] INFO  org.springframework.web.servlet.mvc.method.annotation.RequestMappingHandlerMapping - Mapped "{[/guestbook/test],methods=[GET]}" onto public net.codog.vo.ResponseVO<java.util.List<net.codog.domain.Guestbook>> net.codog.web.GuestbookController.test()
2016-11-23 15:08:42 [main] INFO  org.springframework.web.servlet.mvc.method.annotation.RequestMappingHandlerMapping - Mapped "{[/message/test],methods=[GET]}" onto public net.codog.vo.ResponseVO<java.util.List<net.codog.domain.Message>> net.codog.web.MessageController.test()
2016-11-23 15:08:42 [main] INFO  org.springframework.web.servlet.mvc.method.annotation.RequestMappingHandlerMapping - Mapped "{[/news/test],methods=[GET]}" onto public net.codog.vo.ResponseVO<java.util.List<net.codog.domain.News>> net.codog.web.NewsController.test()
2016-11-23 15:08:42 [main] INFO  org.springframework.web.servlet.mvc.method.annotation.RequestMappingHandlerMapping - Mapped "{[/user/test],methods=[GET]}" onto public net.codog.vo.ResponseVO<net.codog.view.UserShowDetail> net.codog.web.UserController.test()
2016-11-23 15:08:42 [main] INFO  org.springframework.web.servlet.mvc.method.annotation.RequestMappingHandlerMapping - Mapped "{[/userfile/test],methods=[GET]}" onto public net.codog.vo.ResponseVO<java.util.List<net.codog.domain.UserfulFile>> net.codog.web.UserfulFileController.test()
2016-11-23 15:08:42 [main] INFO  org.springframework.web.servlet.mvc.method.annotation.RequestMappingHandlerMapping - Mapped "{[/userurl/test],methods=[GET]}" onto public net.codog.vo.ResponseVO<java.util.List<net.codog.domain.UserfulUrl>> net.codog.web.UserfulUrlController.test()
2016-11-23 15:08:42 [main] INFO  org.springframework.web.servlet.mvc.method.annotation.RequestMappingHandlerMapping - Mapped "{[/error]}" onto public org.springframework.http.ResponseEntity<java.util.Map<java.lang.String, java.lang.Object>> org.springframework.boot.autoconfigure.web.BasicErrorController.error(javax.servlet.http.HttpServletRequest)
2016-11-23 15:08:42 [main] INFO  org.springframework.web.servlet.mvc.method.annotation.RequestMappingHandlerMapping - Mapped "{[/error],produces=[text/html]}" onto public org.springframework.web.servlet.ModelAndView org.springframework.boot.autoconfigure.web.BasicErrorController.errorHtml(javax.servlet.http.HttpServletRequest,javax.servlet.http.HttpServletResponse)
2016-11-23 15:08:42 [main] INFO  org.springframework.web.servlet.handler.SimpleUrlHandlerMapping - Mapped URL path [/webjars/**] onto handler of type [class org.springframework.web.servlet.resource.ResourceHttpRequestHandler]
2016-11-23 15:08:42 [main] INFO  org.springframework.web.servlet.handler.SimpleUrlHandlerMapping - Mapped URL path [/**] onto handler of type [class org.springframework.web.servlet.resource.ResourceHttpRequestHandler]
2016-11-23 15:08:42 [main] INFO  org.springframework.web.servlet.handler.SimpleUrlHandlerMapping - Mapped URL path [/**/favicon.ico] onto handler of type [class org.springframework.web.servlet.resource.ResourceHttpRequestHandler]
2016-11-23 15:08:42 [main] WARN  org.springframework.boot.autoconfigure.thymeleaf.AbstractTemplateResolverConfiguration - Cannot find template location: classpath:/templates/ (please add some templates or check your Thymeleaf configuration)
2016-11-23 15:08:43 [main] INFO  org.springframework.jmx.export.annotation.AnnotationMBeanExporter - Registering beans for JMX exposure on startup
2016-11-23 15:08:43 [main] INFO  org.apache.coyote.http11.Http11NioProtocol - Initializing ProtocolHandler ["http-nio-8080"]
2016-11-23 15:08:43 [main] INFO  org.apache.coyote.http11.Http11NioProtocol - Starting ProtocolHandler [http-nio-8080]
2016-11-23 15:08:43 [main] INFO  org.apache.tomcat.util.net.NioSelectorPool - Using a shared selector for servlet write/read
2016-11-23 15:08:43 [main] INFO  org.springframework.boot.context.embedded.tomcat.TomcatEmbeddedServletContainer - Tomcat started on port(s): 8080 (http)
2016-11-23 15:08:43 [main] INFO  net.codog.ProjectApplication - Started ProjectApplication in 6.015 seconds (JVM running for 6.867)
2016-11-23 15:09:05 [http-nio-8080-exec-1] INFO  org.apache.tomcat.util.http.parser.Cookie - A cookie header was received [1472202047,1474180035] that contained an invalid cookie. That cookie will be ignored.Note: further occurrences of this error will be logged at DEBUG level.
2016-11-23 15:09:05 [http-nio-8080-exec-1] INFO  org.apache.catalina.core.ContainerBase.[Tomcat].[localhost].[/] - Initializing Spring FrameworkServlet 'dispatcherServlet'
2016-11-23 15:09:05 [http-nio-8080-exec-1] INFO  org.springframework.web.servlet.DispatcherServlet - FrameworkServlet 'dispatcherServlet': initialization started
2016-11-23 15:09:05 [http-nio-8080-exec-1] INFO  org.springframework.web.servlet.DispatcherServlet - FrameworkServlet 'dispatcherServlet': initialization completed in 22 ms
2016-11-23 15:24:27 [background-preinit] INFO  org.hibernate.validator.internal.util.Version - HV000001: Hibernate Validator 5.2.4.Final
2016-11-23 15:24:28 [main] INFO  net.codog.ProjectApplication - Starting ProjectApplication on wenhanwang with PID 4612 (started by CreditEase in E:\我的项目\GitHub\personal-blog-webiste\project)
2016-11-23 15:24:28 [main] INFO  net.codog.ProjectApplication - The following profiles are active: prod
2016-11-23 15:24:29 [main] INFO  org.springframework.boot.context.embedded.AnnotationConfigEmbeddedWebApplicationContext - Refreshing org.springframework.boot.context.embedded.AnnotationConfigEmbeddedWebApplicationContext@5562c41e: startup date [Wed Nov 23 15:24:29 CST 2016]; root of context hierarchy
2016-11-23 15:24:30 [main] INFO  org.springframework.context.support.PostProcessorRegistrationDelegate$BeanPostProcessorChecker - Bean 'org.springframework.transaction.annotation.ProxyTransactionManagementConfiguration' of type [class org.springframework.transaction.annotation.ProxyTransactionManagementConfiguration$$EnhancerBySpringCGLIB$$9d1da576] is not eligible for getting processed by all BeanPostProcessors (for example: not eligible for auto-proxying)
2016-11-23 15:24:30 [main] INFO  org.springframework.boot.context.embedded.tomcat.TomcatEmbeddedServletContainer - Tomcat initialized with port(s): 8080 (http)
2016-11-23 15:24:30 [main] INFO  org.apache.catalina.core.StandardService - Starting service Tomcat
2016-11-23 15:24:30 [main] INFO  org.apache.catalina.core.StandardEngine - Starting Servlet Engine: Apache Tomcat/8.5.5
2016-11-23 15:24:31 [localhost-startStop-1] INFO  org.apache.catalina.core.ContainerBase.[Tomcat].[localhost].[/] - Initializing Spring embedded WebApplicationContext
2016-11-23 15:24:31 [localhost-startStop-1] INFO  org.springframework.web.context.ContextLoader - Root WebApplicationContext: initialization completed in 2067 ms
2016-11-23 15:24:31 [localhost-startStop-1] INFO  org.springframework.boot.web.servlet.ServletRegistrationBean - Mapping servlet: 'dispatcherServlet' to [/]
2016-11-23 15:24:31 [localhost-startStop-1] INFO  org.springframework.boot.web.servlet.FilterRegistrationBean - Mapping filter: 'characterEncodingFilter' to: [/*]
2016-11-23 15:24:31 [localhost-startStop-1] INFO  org.springframework.boot.web.servlet.FilterRegistrationBean - Mapping filter: 'hiddenHttpMethodFilter' to: [/*]
2016-11-23 15:24:31 [localhost-startStop-1] INFO  org.springframework.boot.web.servlet.FilterRegistrationBean - Mapping filter: 'httpPutFormContentFilter' to: [/*]
2016-11-23 15:24:31 [localhost-startStop-1] INFO  org.springframework.boot.web.servlet.FilterRegistrationBean - Mapping filter: 'requestContextFilter' to: [/*]
2016-11-23 15:24:31 [main] INFO  org.springframework.web.servlet.mvc.method.annotation.RequestMappingHandlerAdapter - Looking for @ControllerAdvice: org.springframework.boot.context.embedded.AnnotationConfigEmbeddedWebApplicationContext@5562c41e: startup date [Wed Nov 23 15:24:29 CST 2016]; root of context hierarchy
2016-11-23 15:24:32 [main] INFO  org.springframework.web.servlet.mvc.method.annotation.RequestMappingHandlerMapping - Mapped "{[/blog/test],methods=[GET]}" onto public net.codog.vo.ResponseVO<java.util.List<net.codog.domain.Blog>> net.codog.web.BlogController.test()
2016-11-23 15:24:32 [main] INFO  org.springframework.web.servlet.mvc.method.annotation.RequestMappingHandlerMapping - Mapped "{[/guestbook/test],methods=[GET]}" onto public net.codog.vo.ResponseVO<java.util.List<net.codog.domain.Guestbook>> net.codog.web.GuestbookController.test()
2016-11-23 15:24:32 [main] INFO  org.springframework.web.servlet.mvc.method.annotation.RequestMappingHandlerMapping - Mapped "{[/message/test],methods=[GET]}" onto public net.codog.vo.ResponseVO<java.util.List<net.codog.domain.Message>> net.codog.web.MessageController.test()
2016-11-23 15:24:32 [main] INFO  org.springframework.web.servlet.mvc.method.annotation.RequestMappingHandlerMapping - Mapped "{[/news/test],methods=[GET]}" onto public net.codog.vo.ResponseVO<java.util.List<net.codog.domain.News>> net.codog.web.NewsController.test()
2016-11-23 15:24:32 [main] INFO  org.springframework.web.servlet.mvc.method.annotation.RequestMappingHandlerMapping - Mapped "{[/user/test],methods=[GET]}" onto public net.codog.vo.ResponseVO<net.codog.view.UserShowDetail> net.codog.web.UserController.test()
2016-11-23 15:24:32 [main] INFO  org.springframework.web.servlet.mvc.method.annotation.RequestMappingHandlerMapping - Mapped "{[/userfile/test],methods=[GET]}" onto public net.codog.vo.ResponseVO<java.util.List<net.codog.domain.UserfulFile>> net.codog.web.UserfulFileController.test()
2016-11-23 15:24:32 [main] INFO  org.springframework.web.servlet.mvc.method.annotation.RequestMappingHandlerMapping - Mapped "{[/userurl/test],methods=[GET]}" onto public net.codog.vo.ResponseVO<java.util.List<net.codog.domain.UserfulUrl>> net.codog.web.UserfulUrlController.test()
2016-11-23 15:24:32 [main] INFO  org.springframework.web.servlet.mvc.method.annotation.RequestMappingHandlerMapping - Mapped "{[/error]}" onto public org.springframework.http.ResponseEntity<java.util.Map<java.lang.String, java.lang.Object>> org.springframework.boot.autoconfigure.web.BasicErrorController.error(javax.servlet.http.HttpServletRequest)
2016-11-23 15:24:32 [main] INFO  org.springframework.web.servlet.mvc.method.annotation.RequestMappingHandlerMapping - Mapped "{[/error],produces=[text/html]}" onto public org.springframework.web.servlet.ModelAndView org.springframework.boot.autoconfigure.web.BasicErrorController.errorHtml(javax.servlet.http.HttpServletRequest,javax.servlet.http.HttpServletResponse)
2016-11-23 15:24:32 [main] INFO  org.springframework.web.servlet.handler.SimpleUrlHandlerMapping - Mapped URL path [/webjars/**] onto handler of type [class org.springframework.web.servlet.resource.ResourceHttpRequestHandler]
2016-11-23 15:24:32 [main] INFO  org.springframework.web.servlet.handler.SimpleUrlHandlerMapping - Mapped URL path [/**] onto handler of type [class org.springframework.web.servlet.resource.ResourceHttpRequestHandler]
2016-11-23 15:24:32 [main] INFO  org.springframework.web.servlet.handler.SimpleUrlHandlerMapping - Mapped URL path [/**/favicon.ico] onto handler of type [class org.springframework.web.servlet.resource.ResourceHttpRequestHandler]
2016-11-23 15:24:32 [main] WARN  org.springframework.boot.autoconfigure.thymeleaf.AbstractTemplateResolverConfiguration - Cannot find template location: classpath:/templates/ (please add some templates or check your Thymeleaf configuration)
2016-11-23 15:24:32 [main] INFO  org.springframework.jmx.export.annotation.AnnotationMBeanExporter - Registering beans for JMX exposure on startup
2016-11-23 15:24:32 [main] INFO  org.apache.coyote.http11.Http11NioProtocol - Initializing ProtocolHandler ["http-nio-8080"]
2016-11-23 15:24:32 [main] INFO  org.apache.coyote.http11.Http11NioProtocol - Starting ProtocolHandler [http-nio-8080]
2016-11-23 15:24:32 [main] INFO  org.apache.tomcat.util.net.NioSelectorPool - Using a shared selector for servlet write/read
2016-11-23 15:24:32 [main] INFO  org.springframework.boot.context.embedded.tomcat.TomcatEmbeddedServletContainer - Tomcat started on port(s): 8080 (http)
2016-11-23 15:24:32 [main] INFO  net.codog.ProjectApplication - Started ProjectApplication in 5.587 seconds (JVM running for 6.485)
2016-11-23 15:24:54 [http-nio-8080-exec-1] INFO  org.apache.tomcat.util.http.parser.Cookie - A cookie header was received [1472202047,1474180035] that contained an invalid cookie. That cookie will be ignored.Note: further occurrences of this error will be logged at DEBUG level.
2016-11-23 15:24:54 [http-nio-8080-exec-1] INFO  org.apache.catalina.core.ContainerBase.[Tomcat].[localhost].[/] - Initializing Spring FrameworkServlet 'dispatcherServlet'
2016-11-23 15:24:54 [http-nio-8080-exec-1] INFO  org.springframework.web.servlet.DispatcherServlet - FrameworkServlet 'dispatcherServlet': initialization started
2016-11-23 15:24:54 [http-nio-8080-exec-1] INFO  org.springframework.web.servlet.DispatcherServlet - FrameworkServlet 'dispatcherServlet': initialization completed in 25 ms
2016-11-23 15:26:53 [main] INFO  net.codog.ProjectApplication - Starting ProjectApplication on wenhanwang with PID 6292 (started by CreditEase in E:\我的项目\GitHub\personal-blog-webiste\project)
2016-11-23 15:26:53 [main] INFO  net.codog.ProjectApplication - The following profiles are active: prod
2016-11-23 15:26:54 [background-preinit] INFO  org.hibernate.validator.internal.util.Version - HV000001: Hibernate Validator 5.2.4.Final
2016-11-23 15:26:54 [main] INFO  org.springframework.boot.context.embedded.AnnotationConfigEmbeddedWebApplicationContext - Refreshing org.springframework.boot.context.embedded.AnnotationConfigEmbeddedWebApplicationContext@5562c41e: startup date [Wed Nov 23 15:26:54 CST 2016]; root of context hierarchy
2016-11-23 15:26:55 [main] INFO  org.springframework.context.support.PostProcessorRegistrationDelegate$BeanPostProcessorChecker - Bean 'org.springframework.transaction.annotation.ProxyTransactionManagementConfiguration' of type [class org.springframework.transaction.annotation.ProxyTransactionManagementConfiguration$$EnhancerBySpringCGLIB$$f9180180] is not eligible for getting processed by all BeanPostProcessors (for example: not eligible for auto-proxying)
2016-11-23 15:26:56 [main] INFO  org.springframework.boot.context.embedded.tomcat.TomcatEmbeddedServletContainer - Tomcat initialized with port(s): 8080 (http)
2016-11-23 15:26:56 [main] INFO  org.apache.catalina.core.StandardService - Starting service Tomcat
2016-11-23 15:26:56 [main] INFO  org.apache.catalina.core.StandardEngine - Starting Servlet Engine: Apache Tomcat/8.5.5
2016-11-23 15:26:56 [localhost-startStop-1] INFO  org.apache.catalina.core.ContainerBase.[Tomcat].[localhost].[/] - Initializing Spring embedded WebApplicationContext
2016-11-23 15:26:56 [localhost-startStop-1] INFO  org.springframework.web.context.ContextLoader - Root WebApplicationContext: initialization completed in 2368 ms
2016-11-23 15:26:56 [localhost-startStop-1] INFO  org.springframework.boot.web.servlet.ServletRegistrationBean - Mapping servlet: 'dispatcherServlet' to [/]
2016-11-23 15:26:56 [localhost-startStop-1] INFO  org.springframework.boot.web.servlet.FilterRegistrationBean - Mapping filter: 'characterEncodingFilter' to: [/*]
2016-11-23 15:26:56 [localhost-startStop-1] INFO  org.springframework.boot.web.servlet.FilterRegistrationBean - Mapping filter: 'hiddenHttpMethodFilter' to: [/*]
2016-11-23 15:26:56 [localhost-startStop-1] INFO  org.springframework.boot.web.servlet.FilterRegistrationBean - Mapping filter: 'httpPutFormContentFilter' to: [/*]
2016-11-23 15:26:56 [localhost-startStop-1] INFO  org.springframework.boot.web.servlet.FilterRegistrationBean - Mapping filter: 'requestContextFilter' to: [/*]
2016-11-23 15:26:57 [main] INFO  org.springframework.web.servlet.mvc.method.annotation.RequestMappingHandlerAdapter - Looking for @ControllerAdvice: org.springframework.boot.context.embedded.AnnotationConfigEmbeddedWebApplicationContext@5562c41e: startup date [Wed Nov 23 15:26:54 CST 2016]; root of context hierarchy
2016-11-23 15:26:57 [main] INFO  org.springframework.web.servlet.mvc.method.annotation.RequestMappingHandlerMapping - Mapped "{[/blog/test],methods=[GET]}" onto public net.codog.vo.ResponseVO<java.util.List<net.codog.domain.Blog>> net.codog.web.BlogController.test()
2016-11-23 15:26:57 [main] INFO  org.springframework.web.servlet.mvc.method.annotation.RequestMappingHandlerMapping - Mapped "{[/guestbook/test],methods=[GET]}" onto public net.codog.vo.ResponseVO<java.util.List<net.codog.domain.Guestbook>> net.codog.web.GuestbookController.test()
2016-11-23 15:26:57 [main] INFO  org.springframework.web.servlet.mvc.method.annotation.RequestMappingHandlerMapping - Mapped "{[/message/test],methods=[GET]}" onto public net.codog.vo.ResponseVO<java.util.List<net.codog.domain.Message>> net.codog.web.MessageController.test()
2016-11-23 15:26:57 [main] INFO  org.springframework.web.servlet.mvc.method.annotation.RequestMappingHandlerMapping - Mapped "{[/news/test],methods=[GET]}" onto public net.codog.vo.ResponseVO<java.util.List<net.codog.domain.News>> net.codog.web.NewsController.test()
2016-11-23 15:26:57 [main] INFO  org.springframework.web.servlet.mvc.method.annotation.RequestMappingHandlerMapping - Mapped "{[/user/test],methods=[GET]}" onto public net.codog.vo.ResponseVO<net.codog.view.UserShowDetail> net.codog.web.UserController.test()
2016-11-23 15:26:57 [main] INFO  org.springframework.web.servlet.mvc.method.annotation.RequestMappingHandlerMapping - Mapped "{[/userfile/test],methods=[GET]}" onto public net.codog.vo.ResponseVO<java.util.List<net.codog.domain.UserfulFile>> net.codog.web.UserfulFileController.test()
2016-11-23 15:26:57 [main] INFO  org.springframework.web.servlet.mvc.method.annotation.RequestMappingHandlerMapping - Mapped "{[/userurl/test],methods=[GET]}" onto public net.codog.vo.ResponseVO<java.util.List<net.codog.domain.UserfulUrl>> net.codog.web.UserfulUrlController.test()
2016-11-23 15:26:57 [main] INFO  org.springframework.web.servlet.mvc.method.annotation.RequestMappingHandlerMapping - Mapped "{[/error]}" onto public org.springframework.http.ResponseEntity<java.util.Map<java.lang.String, java.lang.Object>> org.springframework.boot.autoconfigure.web.BasicErrorController.error(javax.servlet.http.HttpServletRequest)
2016-11-23 15:26:57 [main] INFO  org.springframework.web.servlet.mvc.method.annotation.RequestMappingHandlerMapping - Mapped "{[/error],produces=[text/html]}" onto public org.springframework.web.servlet.ModelAndView org.springframework.boot.autoconfigure.web.BasicErrorController.errorHtml(javax.servlet.http.HttpServletRequest,javax.servlet.http.HttpServletResponse)
2016-11-23 15:26:57 [main] INFO  org.springframework.web.servlet.handler.SimpleUrlHandlerMapping - Mapped URL path [/webjars/**] onto handler of type [class org.springframework.web.servlet.resource.ResourceHttpRequestHandler]
2016-11-23 15:26:57 [main] INFO  org.springframework.web.servlet.handler.SimpleUrlHandlerMapping - Mapped URL path [/**] onto handler of type [class org.springframework.web.servlet.resource.ResourceHttpRequestHandler]
2016-11-23 15:26:57 [main] INFO  org.springframework.web.servlet.handler.SimpleUrlHandlerMapping - Mapped URL path [/**/favicon.ico] onto handler of type [class org.springframework.web.servlet.resource.ResourceHttpRequestHandler]
2016-11-23 15:26:57 [main] WARN  org.springframework.boot.autoconfigure.thymeleaf.AbstractTemplateResolverConfiguration - Cannot find template location: classpath:/templates/ (please add some templates or check your Thymeleaf configuration)
2016-11-23 15:26:58 [main] INFO  org.springframework.jmx.export.annotation.AnnotationMBeanExporter - Registering beans for JMX exposure on startup
2016-11-23 15:26:58 [main] INFO  org.apache.coyote.http11.Http11NioProtocol - Initializing ProtocolHandler ["http-nio-8080"]
2016-11-23 15:26:58 [main] INFO  org.apache.coyote.http11.Http11NioProtocol - Starting ProtocolHandler [http-nio-8080]
2016-11-23 15:26:58 [main] INFO  org.apache.tomcat.util.net.NioSelectorPool - Using a shared selector for servlet write/read
2016-11-23 15:26:58 [main] INFO  org.springframework.boot.context.embedded.tomcat.TomcatEmbeddedServletContainer - Tomcat started on port(s): 8080 (http)
2016-11-23 15:26:58 [main] INFO  net.codog.ProjectApplication - Started ProjectApplication in 5.507 seconds (JVM running for 6.347)
2016-11-23 15:27:00 [http-nio-8080-exec-1] INFO  org.apache.tomcat.util.http.parser.Cookie - A cookie header was received [1472202047,1474180035] that contained an invalid cookie. That cookie will be ignored.Note: further occurrences of this error will be logged at DEBUG level.
2016-11-23 15:27:00 [http-nio-8080-exec-1] INFO  org.apache.catalina.core.ContainerBase.[Tomcat].[localhost].[/] - Initializing Spring FrameworkServlet 'dispatcherServlet'
2016-11-23 15:27:00 [http-nio-8080-exec-1] INFO  org.springframework.web.servlet.DispatcherServlet - FrameworkServlet 'dispatcherServlet': initialization started
2016-11-23 15:27:00 [http-nio-8080-exec-1] INFO  org.springframework.web.servlet.DispatcherServlet - FrameworkServlet 'dispatcherServlet': initialization completed in 29 ms
2016-11-23 15:38:07 [main] INFO  net.codog.ProjectApplication - Starting ProjectApplication on wenhanwang with PID 5972 (started by CreditEase in E:\我的项目\GitHub\personal-blog-webiste\project)
2016-11-23 15:38:07 [main] INFO  net.codog.ProjectApplication - The following profiles are active: prod
2016-11-23 15:38:07 [background-preinit] INFO  org.hibernate.validator.internal.util.Version - HV000001: Hibernate Validator 5.2.4.Final
2016-11-23 15:38:07 [main] INFO  org.springframework.boot.context.embedded.AnnotationConfigEmbeddedWebApplicationContext - Refreshing org.springframework.boot.context.embedded.AnnotationConfigEmbeddedWebApplicationContext@5562c41e: startup date [Wed Nov 23 15:38:07 CST 2016]; root of context hierarchy
2016-11-23 15:38:09 [main] INFO  org.springframework.context.support.PostProcessorRegistrationDelegate$BeanPostProcessorChecker - Bean 'org.springframework.transaction.annotation.ProxyTransactionManagementConfiguration' of type [class org.springframework.transaction.annotation.ProxyTransactionManagementConfiguration$$EnhancerBySpringCGLIB$$d9f2760c] is not eligible for getting processed by all BeanPostProcessors (for example: not eligible for auto-proxying)
2016-11-23 15:38:10 [main] INFO  org.springframework.boot.context.embedded.tomcat.TomcatEmbeddedServletContainer - Tomcat initialized with port(s): 8080 (http)
2016-11-23 15:38:10 [main] INFO  org.apache.catalina.core.StandardService - Starting service Tomcat
2016-11-23 15:38:10 [main] INFO  org.apache.catalina.core.StandardEngine - Starting Servlet Engine: Apache Tomcat/8.5.5
2016-11-23 15:38:10 [localhost-startStop-1] INFO  org.apache.catalina.core.ContainerBase.[Tomcat].[localhost].[/] - Initializing Spring embedded WebApplicationContext
2016-11-23 15:38:10 [localhost-startStop-1] INFO  org.springframework.web.context.ContextLoader - Root WebApplicationContext: initialization completed in 3463 ms
2016-11-23 15:38:11 [localhost-startStop-1] INFO  org.springframework.boot.web.servlet.ServletRegistrationBean - Mapping servlet: 'dispatcherServlet' to [/]
2016-11-23 15:38:11 [localhost-startStop-1] INFO  org.springframework.boot.web.servlet.FilterRegistrationBean - Mapping filter: 'characterEncodingFilter' to: [/*]
2016-11-23 15:38:11 [localhost-startStop-1] INFO  org.springframework.boot.web.servlet.FilterRegistrationBean - Mapping filter: 'hiddenHttpMethodFilter' to: [/*]
2016-11-23 15:38:11 [localhost-startStop-1] INFO  org.springframework.boot.web.servlet.FilterRegistrationBean - Mapping filter: 'httpPutFormContentFilter' to: [/*]
2016-11-23 15:38:11 [localhost-startStop-1] INFO  org.springframework.boot.web.servlet.FilterRegistrationBean - Mapping filter: 'requestContextFilter' to: [/*]
2016-11-23 15:38:11 [main] INFO  org.springframework.web.servlet.mvc.method.annotation.RequestMappingHandlerAdapter - Looking for @ControllerAdvice: org.springframework.boot.context.embedded.AnnotationConfigEmbeddedWebApplicationContext@5562c41e: startup date [Wed Nov 23 15:38:07 CST 2016]; root of context hierarchy
2016-11-23 15:38:12 [main] INFO  org.springframework.web.servlet.mvc.method.annotation.RequestMappingHandlerMapping - Mapped "{[/blog/test],methods=[GET]}" onto public net.codog.vo.ResponseVO<java.util.List<net.codog.domain.Blog>> net.codog.web.BlogController.test()
2016-11-23 15:38:12 [main] INFO  org.springframework.web.servlet.mvc.method.annotation.RequestMappingHandlerMapping - Mapped "{[/guestbook/test],methods=[GET]}" onto public net.codog.vo.ResponseVO<java.util.List<net.codog.domain.Guestbook>> net.codog.web.GuestbookController.test()
2016-11-23 15:38:12 [main] INFO  org.springframework.web.servlet.mvc.method.annotation.RequestMappingHandlerMapping - Mapped "{[/message/test],methods=[GET]}" onto public net.codog.vo.ResponseVO<java.util.List<net.codog.domain.Message>> net.codog.web.MessageController.test()
2016-11-23 15:38:12 [main] INFO  org.springframework.web.servlet.mvc.method.annotation.RequestMappingHandlerMapping - Mapped "{[/news/test],methods=[GET]}" onto public net.codog.vo.ResponseVO<java.util.List<net.codog.domain.News>> net.codog.web.NewsController.test()
2016-11-23 15:38:12 [main] INFO  org.springframework.web.servlet.mvc.method.annotation.RequestMappingHandlerMapping - Mapped "{[/user/test],methods=[GET]}" onto public net.codog.vo.ResponseVO<net.codog.view.UserShowDetail> net.codog.web.UserController.test()
2016-11-23 15:38:12 [main] INFO  org.springframework.web.servlet.mvc.method.annotation.RequestMappingHandlerMapping - Mapped "{[/userfile/test],methods=[GET]}" onto public net.codog.vo.ResponseVO<java.util.List<net.codog.domain.UserfulFile>> net.codog.web.UserfulFileController.test()
2016-11-23 15:38:12 [main] INFO  org.springframework.web.servlet.mvc.method.annotation.RequestMappingHandlerMapping - Mapped "{[/userurl/test],methods=[GET]}" onto public net.codog.vo.ResponseVO<java.util.List<net.codog.domain.UserfulUrl>> net.codog.web.UserfulUrlController.test()
2016-11-23 15:38:12 [main] INFO  org.springframework.web.servlet.mvc.method.annotation.RequestMappingHandlerMapping - Mapped "{[/error]}" onto public org.springframework.http.ResponseEntity<java.util.Map<java.lang.String, java.lang.Object>> org.springframework.boot.autoconfigure.web.BasicErrorController.error(javax.servlet.http.HttpServletRequest)
2016-11-23 15:38:12 [main] INFO  org.springframework.web.servlet.mvc.method.annotation.RequestMappingHandlerMapping - Mapped "{[/error],produces=[text/html]}" onto public org.springframework.web.servlet.ModelAndView org.springframework.boot.autoconfigure.web.BasicErrorController.errorHtml(javax.servlet.http.HttpServletRequest,javax.servlet.http.HttpServletResponse)
2016-11-23 15:38:12 [main] INFO  org.springframework.web.servlet.handler.SimpleUrlHandlerMapping - Mapped URL path [/webjars/**] onto handler of type [class org.springframework.web.servlet.resource.ResourceHttpRequestHandler]
2016-11-23 15:38:12 [main] INFO  org.springframework.web.servlet.handler.SimpleUrlHandlerMapping - Mapped URL path [/**] onto handler of type [class org.springframework.web.servlet.resource.ResourceHttpRequestHandler]
2016-11-23 15:38:12 [main] INFO  org.springframework.web.servlet.handler.SimpleUrlHandlerMapping - Mapped URL path [/**/favicon.ico] onto handler of type [class org.springframework.web.servlet.resource.ResourceHttpRequestHandler]
2016-11-23 15:38:12 [main] WARN  org.springframework.boot.autoconfigure.thymeleaf.AbstractTemplateResolverConfiguration - Cannot find template location: classpath:/templates/ (please add some templates or check your Thymeleaf configuration)
2016-11-23 15:38:12 [main] INFO  org.springframework.jmx.export.annotation.AnnotationMBeanExporter - Registering beans for JMX exposure on startup
2016-11-23 15:38:12 [main] INFO  org.apache.coyote.http11.Http11NioProtocol - Initializing ProtocolHandler ["http-nio-8080"]
2016-11-23 15:38:12 [main] INFO  org.apache.coyote.http11.Http11NioProtocol - Starting ProtocolHandler [http-nio-8080]
2016-11-23 15:38:13 [main] INFO  org.apache.tomcat.util.net.NioSelectorPool - Using a shared selector for servlet write/read
2016-11-23 15:38:13 [main] INFO  org.springframework.boot.context.embedded.tomcat.TomcatEmbeddedServletContainer - Tomcat started on port(s): 8080 (http)
2016-11-23 15:38:13 [main] INFO  net.codog.ProjectApplication - Started ProjectApplication in 6.316 seconds (JVM running for 7.127)
2016-11-23 15:38:21 [http-nio-8080-exec-1] INFO  org.apache.tomcat.util.http.parser.Cookie - A cookie header was received [1472202047,1474180035] that contained an invalid cookie. That cookie will be ignored.Note: further occurrences of this error will be logged at DEBUG level.
2016-11-23 15:38:21 [http-nio-8080-exec-1] INFO  org.apache.catalina.core.ContainerBase.[Tomcat].[localhost].[/] - Initializing Spring FrameworkServlet 'dispatcherServlet'
2016-11-23 15:38:21 [http-nio-8080-exec-1] INFO  org.springframework.web.servlet.DispatcherServlet - FrameworkServlet 'dispatcherServlet': initialization started
2016-11-23 15:38:21 [http-nio-8080-exec-1] INFO  org.springframework.web.servlet.DispatcherServlet - FrameworkServlet 'dispatcherServlet': initialization completed in 29 ms
