2017-01-24 09:29:14 [main] INFO  net.codog.ProjectApplication - Starting ProjectApplication on wenhanwang with PID 2456 (started by CreditEase in E:\我的项目\GitHub\personal-blog-webiste\project)
2017-01-24 09:29:14 [main] INFO  net.codog.ProjectApplication - The following profiles are active: prod
2017-01-24 09:29:14 [background-preinit] INFO  org.hibernate.validator.internal.util.Version - HV000001: Hibernate Validator 5.2.4.Final
2017-01-24 09:29:14 [main] INFO  org.springframework.boot.context.embedded.AnnotationConfigEmbeddedWebApplicationContext - Refreshing org.springframework.boot.context.embedded.AnnotationConfigEmbeddedWebApplicationContext@4d0f2471: startup date [Tue Jan 24 09:29:14 CST 2017]; root of context hierarchy
2017-01-24 09:29:16 [main] INFO  org.springframework.context.support.PostProcessorRegistrationDelegate$BeanPostProcessorChecker - Bean 'org.springframework.cache.annotation.ProxyCachingConfiguration' of type [class org.springframework.cache.annotation.ProxyCachingConfiguration$$EnhancerBySpringCGLIB$$86e80b09] is not eligible for getting processed by all BeanPostProcessors (for example: not eligible for auto-proxying)
2017-01-24 09:29:16 [main] INFO  org.springframework.context.support.PostProcessorRegistrationDelegate$BeanPostProcessorChecker - Bean 'org.springframework.transaction.annotation.ProxyTransactionManagementConfiguration' of type [class org.springframework.transaction.annotation.ProxyTransactionManagementConfiguration$$EnhancerBySpringCGLIB$$3dd5d4eb] is not eligible for getting processed by all BeanPostProcessors (for example: not eligible for auto-proxying)
2017-01-24 09:29:16 [main] INFO  org.springframework.context.support.PostProcessorRegistrationDelegate$BeanPostProcessorChecker - Bean 'org.springframework.boot.autoconfigure.cache.CacheAutoConfiguration' of type [class org.springframework.boot.autoconfigure.cache.CacheAutoConfiguration$$EnhancerBySpringCGLIB$$7b5bcfad] is not eligible for getting processed by all BeanPostProcessors (for example: not eligible for auto-proxying)
2017-01-24 09:29:16 [main] INFO  org.springframework.context.support.PostProcessorRegistrationDelegate$BeanPostProcessorChecker - Bean 'spring.cache-org.springframework.boot.autoconfigure.cache.CacheProperties' of type [class org.springframework.boot.autoconfigure.cache.CacheProperties] is not eligible for getting processed by all BeanPostProcessors (for example: not eligible for auto-proxying)
2017-01-24 09:29:16 [main] INFO  org.springframework.context.support.PostProcessorRegistrationDelegate$BeanPostProcessorChecker - Bean 'org.springframework.boot.autoconfigure.cache.CacheManagerCustomizers' of type [class org.springframework.boot.autoconfigure.cache.CacheManagerCustomizers] is not eligible for getting processed by all BeanPostProcessors (for example: not eligible for auto-proxying)
2017-01-24 09:29:16 [main] INFO  org.springframework.context.support.PostProcessorRegistrationDelegate$BeanPostProcessorChecker - Bean 'org.springframework.boot.autoconfigure.cache.SimpleCacheConfiguration' of type [class org.springframework.boot.autoconfigure.cache.SimpleCacheConfiguration$$EnhancerBySpringCGLIB$$1cf7428e] is not eligible for getting processed by all BeanPostProcessors (for example: not eligible for auto-proxying)
2017-01-24 09:29:16 [main] INFO  org.springframework.context.support.PostProcessorRegistrationDelegate$BeanPostProcessorChecker - Bean 'cacheManager' of type [class org.springframework.cache.concurrent.ConcurrentMapCacheManager] is not eligible for getting processed by all BeanPostProcessors (for example: not eligible for auto-proxying)
2017-01-24 09:29:16 [main] INFO  org.springframework.context.support.PostProcessorRegistrationDelegate$BeanPostProcessorChecker - Bean 'cacheAutoConfigurationValidator' of type [class org.springframework.boot.autoconfigure.cache.CacheAutoConfiguration$CacheManagerValidator] is not eligible for getting processed by all BeanPostProcessors (for example: not eligible for auto-proxying)
2017-01-24 09:29:17 [main] INFO  org.springframework.boot.context.embedded.tomcat.TomcatEmbeddedServletContainer - Tomcat initialized with port(s): 80 (http)
2017-01-24 09:29:17 [main] INFO  org.apache.catalina.core.StandardService - Starting service Tomcat
2017-01-24 09:29:17 [main] INFO  org.apache.catalina.core.StandardEngine - Starting Servlet Engine: Apache Tomcat/8.5.5
2017-01-24 09:29:17 [localhost-startStop-1] INFO  org.apache.catalina.core.ContainerBase.[Tomcat].[localhost].[/] - Initializing Spring embedded WebApplicationContext
2017-01-24 09:29:17 [localhost-startStop-1] INFO  org.springframework.web.context.ContextLoader - Root WebApplicationContext: initialization completed in 2735 ms
2017-01-24 09:29:17 [localhost-startStop-1] INFO  org.springframework.boot.web.servlet.ServletRegistrationBean - Mapping servlet: 'dispatcherServlet' to [/]
2017-01-24 09:29:17 [localhost-startStop-1] INFO  org.springframework.boot.web.servlet.FilterRegistrationBean - Mapping filter: 'characterEncodingFilter' to: [/*]
2017-01-24 09:29:17 [localhost-startStop-1] INFO  org.springframework.boot.web.servlet.FilterRegistrationBean - Mapping filter: 'hiddenHttpMethodFilter' to: [/*]
2017-01-24 09:29:17 [localhost-startStop-1] INFO  org.springframework.boot.web.servlet.FilterRegistrationBean - Mapping filter: 'httpPutFormContentFilter' to: [/*]
2017-01-24 09:29:17 [localhost-startStop-1] INFO  org.springframework.boot.web.servlet.FilterRegistrationBean - Mapping filter: 'requestContextFilter' to: [/*]
2017-01-24 09:29:18 [main] INFO  org.springframework.web.servlet.mvc.method.annotation.RequestMappingHandlerAdapter - Looking for @ControllerAdvice: org.springframework.boot.context.embedded.AnnotationConfigEmbeddedWebApplicationContext@4d0f2471: startup date [Tue Jan 24 09:29:14 CST 2017]; root of context hierarchy
2017-01-24 09:29:18 [main] INFO  org.springframework.web.servlet.mvc.method.annotation.RequestMappingHandlerMapping - Mapped "{[/advertise/getadvertises],methods=[POST]}" onto public java.util.List<net.codog.domain.Advertise> net.codog.web.AdvertiseController.getAdvertise()
2017-01-24 09:29:18 [main] INFO  org.springframework.web.servlet.mvc.method.annotation.RequestMappingHandlerMapping - Mapped "{[/blog/getblogcount],methods=[POST]}" onto public java.lang.Integer net.codog.web.BlogController.getBlogCount(java.lang.Integer)
2017-01-24 09:29:18 [main] INFO  org.springframework.web.servlet.mvc.method.annotation.RequestMappingHandlerMapping - Mapped "{[/blog/getblogs],methods=[POST]}" onto public java.util.List<net.codog.domain.Blog> net.codog.web.BlogController.getBlogs(java.lang.Integer,java.lang.Integer,java.lang.Integer,java.lang.Integer)
2017-01-24 09:29:18 [main] INFO  org.springframework.web.servlet.mvc.method.annotation.RequestMappingHandlerMapping - Mapped "{[/blog/getblogcategories],methods=[POST]}" onto public java.util.List<net.codog.domain.BlogCategory> net.codog.web.BlogController.getBlogCategories(java.lang.Integer)
2017-01-24 09:29:18 [main] INFO  org.springframework.web.servlet.mvc.method.annotation.RequestMappingHandlerMapping - Mapped "{[/gamevideo/getgamevideoscount],methods=[POST]}" onto public java.lang.Integer net.codog.web.GameVideoController.getGameVideosCount(java.lang.Integer)
2017-01-24 09:29:18 [main] INFO  org.springframework.web.servlet.mvc.method.annotation.RequestMappingHandlerMapping - Mapped "{[/gamevideo/getgamevideos],methods=[POST]}" onto public java.util.List<net.codog.domain.GameVideo> net.codog.web.GameVideoController.getGameVideos(java.lang.Integer,java.lang.Integer,java.lang.Integer)
2017-01-24 09:29:18 [main] INFO  org.springframework.web.servlet.mvc.method.annotation.RequestMappingHandlerMapping - Mapped "{[/guestbook/test],methods=[GET]}" onto public net.codog.vo.ResponseVO<java.util.List<net.codog.domain.Guestbook>> net.codog.web.GuestbookController.test()
2017-01-24 09:29:18 [main] INFO  org.springframework.web.servlet.mvc.method.annotation.RequestMappingHandlerMapping - Mapped "{[/message/test],methods=[GET]}" onto public net.codog.vo.ResponseVO<java.util.List<net.codog.domain.Message>> net.codog.web.MessageController.test()
2017-01-24 09:29:18 [main] INFO  org.springframework.web.servlet.mvc.method.annotation.RequestMappingHandlerMapping - Mapped "{[/news/test],methods=[GET]}" onto public net.codog.vo.ResponseVO<java.util.List<net.codog.domain.News>> net.codog.web.NewsController.test()
2017-01-24 09:29:18 [main] INFO  org.springframework.web.servlet.mvc.method.annotation.RequestMappingHandlerMapping - Mapped "{[/news/getnewscount],methods=[POST]}" onto public int net.codog.web.NewsController.getNewsCount()
2017-01-24 09:29:18 [main] INFO  org.springframework.web.servlet.mvc.method.annotation.RequestMappingHandlerMapping - Mapped "{[/news/getnewslist],methods=[POST]}" onto public java.util.List<net.codog.domain.News> net.codog.web.NewsController.getNewsList()
2017-01-24 09:29:18 [main] INFO  org.springframework.web.servlet.mvc.method.annotation.RequestMappingHandlerMapping - Mapped "{[/recommand/getrecommands],methods=[POST]}" onto public java.util.List<net.codog.domain.Recommand> net.codog.web.RecommandController.getRecommands()
2017-01-24 09:29:18 [main] INFO  org.springframework.web.servlet.mvc.method.annotation.RequestMappingHandlerMapping - Mapped "{[/searchcategory/getsearchcategories],methods=[POST]}" onto public java.util.List<net.codog.domain.SearchCategory> net.codog.web.SearchCategoryController.getSearchCategories()
2017-01-24 09:29:18 [main] INFO  org.springframework.web.servlet.mvc.method.annotation.RequestMappingHandlerMapping - Mapped "{[/user/register],methods=[POST]}" onto public net.codog.vo.ResponseVO<java.lang.String> net.codog.web.UserController.register(javax.servlet.http.HttpServletRequest,java.lang.String,java.lang.String)
2017-01-24 09:29:18 [main] INFO  org.springframework.web.servlet.mvc.method.annotation.RequestMappingHandlerMapping - Mapped "{[/user/test],methods=[GET]}" onto public net.codog.vo.ResponseVO<net.codog.view.UserShowDetail> net.codog.web.UserController.test()
2017-01-24 09:29:18 [main] INFO  org.springframework.web.servlet.mvc.method.annotation.RequestMappingHandlerMapping - Mapped "{[/userfile/test],methods=[GET]}" onto public net.codog.vo.ResponseVO<java.util.List<net.codog.domain.UserfulFile>> net.codog.web.UserfulFileController.test()
2017-01-24 09:29:18 [main] INFO  org.springframework.web.servlet.mvc.method.annotation.RequestMappingHandlerMapping - Mapped "{[/userurl/test],methods=[GET]}" onto public net.codog.vo.ResponseVO<java.util.List<net.codog.domain.UserfulUrl>> net.codog.web.UserfulUrlController.test()
2017-01-24 09:29:18 [main] INFO  org.springframework.web.servlet.mvc.method.annotation.RequestMappingHandlerMapping - Mapped "{[/error]}" onto public org.springframework.http.ResponseEntity<java.util.Map<java.lang.String, java.lang.Object>> org.springframework.boot.autoconfigure.web.BasicErrorController.error(javax.servlet.http.HttpServletRequest)
2017-01-24 09:29:18 [main] INFO  org.springframework.web.servlet.mvc.method.annotation.RequestMappingHandlerMapping - Mapped "{[/error],produces=[text/html]}" onto public org.springframework.web.servlet.ModelAndView org.springframework.boot.autoconfigure.web.BasicErrorController.errorHtml(javax.servlet.http.HttpServletRequest,javax.servlet.http.HttpServletResponse)
2017-01-24 09:29:18 [main] INFO  org.springframework.web.servlet.handler.SimpleUrlHandlerMapping - Mapped URL path [/webjars/**] onto handler of type [class org.springframework.web.servlet.resource.ResourceHttpRequestHandler]
2017-01-24 09:29:18 [main] INFO  org.springframework.web.servlet.handler.SimpleUrlHandlerMapping - Mapped URL path [/**] onto handler of type [class org.springframework.web.servlet.resource.ResourceHttpRequestHandler]
2017-01-24 09:29:18 [main] INFO  org.springframework.web.servlet.handler.SimpleUrlHandlerMapping - Mapped URL path [/**/favicon.ico] onto handler of type [class org.springframework.web.servlet.resource.ResourceHttpRequestHandler]
2017-01-24 09:29:18 [main] WARN  org.springframework.boot.autoconfigure.thymeleaf.AbstractTemplateResolverConfiguration - Cannot find template location: classpath:/templates/ (please add some templates or check your Thymeleaf configuration)
2017-01-24 09:29:19 [main] INFO  org.springframework.boot.autoconfigure.web.WebMvcAutoConfiguration$WelcomePageHandlerMapping - Adding welcome page: class path resource [public/index.html]
2017-01-24 09:29:19 [main] INFO  org.springframework.jmx.export.annotation.AnnotationMBeanExporter - Registering beans for JMX exposure on startup
2017-01-24 09:29:19 [main] INFO  org.apache.coyote.http11.Http11NioProtocol - Initializing ProtocolHandler ["http-nio-80"]
2017-01-24 09:29:19 [main] INFO  org.apache.coyote.http11.Http11NioProtocol - Starting ProtocolHandler [http-nio-80]
2017-01-24 09:29:19 [main] INFO  org.apache.tomcat.util.net.NioSelectorPool - Using a shared selector for servlet write/read
2017-01-24 09:29:19 [main] INFO  org.springframework.boot.context.embedded.tomcat.TomcatEmbeddedServletContainer - Tomcat started on port(s): 80 (http)
2017-01-24 09:29:19 [main] INFO  net.codog.ProjectApplication - Started ProjectApplication in 6.528 seconds (JVM running for 7.898)
2017-01-24 09:29:59 [http-nio-80-exec-1] INFO  org.apache.catalina.core.ContainerBase.[Tomcat].[localhost].[/] - Initializing Spring FrameworkServlet 'dispatcherServlet'
2017-01-24 09:29:59 [http-nio-80-exec-1] INFO  org.springframework.web.servlet.DispatcherServlet - FrameworkServlet 'dispatcherServlet': initialization started
2017-01-24 09:29:59 [http-nio-80-exec-1] INFO  org.springframework.web.servlet.DispatcherServlet - FrameworkServlet 'dispatcherServlet': initialization completed in 35 ms
2017-01-24 09:29:59 [http-nio-80-exec-3] INFO  net.codog.service.SearchCategoryService - SearchCategoryService
2017-01-24 09:29:59 [http-nio-80-exec-2] INFO  net.codog.service.NewsService - start is null,end is null
2017-01-24 09:29:59 [http-nio-80-exec-2] INFO  net.codog.dao.selectsql.SelectSqlProvider - sql is select * from news where 1
2017-01-24 09:30:00 [http-nio-80-exec-5] INFO  net.codog.service.RecommandService - recommandService
2017-01-24 09:30:00 [http-nio-80-exec-4] INFO  net.codog.service.AdvertiseService - AdvertiseService
2017-01-24 09:31:27 [background-preinit] INFO  org.hibernate.validator.internal.util.Version - HV000001: Hibernate Validator 5.2.4.Final
2017-01-24 09:31:28 [main] INFO  net.codog.ProjectApplication - Starting ProjectApplication on wenhanwang with PID 3224 (started by CreditEase in E:\我的项目\GitHub\personal-blog-webiste\project)
2017-01-24 09:31:28 [main] INFO  net.codog.ProjectApplication - The following profiles are active: prod
2017-01-24 09:31:28 [main] INFO  org.springframework.boot.context.embedded.AnnotationConfigEmbeddedWebApplicationContext - Refreshing org.springframework.boot.context.embedded.AnnotationConfigEmbeddedWebApplicationContext@4d0f2471: startup date [Tue Jan 24 09:31:28 CST 2017]; root of context hierarchy
2017-01-24 09:31:29 [main] INFO  org.springframework.context.support.PostProcessorRegistrationDelegate$BeanPostProcessorChecker - Bean 'org.springframework.cache.annotation.ProxyCachingConfiguration' of type [class org.springframework.cache.annotation.ProxyCachingConfiguration$$EnhancerBySpringCGLIB$$e8edcfe2] is not eligible for getting processed by all BeanPostProcessors (for example: not eligible for auto-proxying)
2017-01-24 09:31:30 [main] INFO  org.springframework.context.support.PostProcessorRegistrationDelegate$BeanPostProcessorChecker - Bean 'org.springframework.transaction.annotation.ProxyTransactionManagementConfiguration' of type [class org.springframework.transaction.annotation.ProxyTransactionManagementConfiguration$$EnhancerBySpringCGLIB$$9fdb99c4] is not eligible for getting processed by all BeanPostProcessors (for example: not eligible for auto-proxying)
2017-01-24 09:31:30 [main] INFO  org.springframework.context.support.PostProcessorRegistrationDelegate$BeanPostProcessorChecker - Bean 'org.springframework.boot.autoconfigure.cache.CacheAutoConfiguration' of type [class org.springframework.boot.autoconfigure.cache.CacheAutoConfiguration$$EnhancerBySpringCGLIB$$dd619486] is not eligible for getting processed by all BeanPostProcessors (for example: not eligible for auto-proxying)
2017-01-24 09:31:30 [main] INFO  org.springframework.context.support.PostProcessorRegistrationDelegate$BeanPostProcessorChecker - Bean 'spring.cache-org.springframework.boot.autoconfigure.cache.CacheProperties' of type [class org.springframework.boot.autoconfigure.cache.CacheProperties] is not eligible for getting processed by all BeanPostProcessors (for example: not eligible for auto-proxying)
2017-01-24 09:31:30 [main] INFO  org.springframework.context.support.PostProcessorRegistrationDelegate$BeanPostProcessorChecker - Bean 'org.springframework.boot.autoconfigure.cache.CacheManagerCustomizers' of type [class org.springframework.boot.autoconfigure.cache.CacheManagerCustomizers] is not eligible for getting processed by all BeanPostProcessors (for example: not eligible for auto-proxying)
2017-01-24 09:31:30 [main] INFO  org.springframework.context.support.PostProcessorRegistrationDelegate$BeanPostProcessorChecker - Bean 'org.springframework.boot.autoconfigure.cache.SimpleCacheConfiguration' of type [class org.springframework.boot.autoconfigure.cache.SimpleCacheConfiguration$$EnhancerBySpringCGLIB$$7efd0767] is not eligible for getting processed by all BeanPostProcessors (for example: not eligible for auto-proxying)
2017-01-24 09:31:30 [main] INFO  org.springframework.context.support.PostProcessorRegistrationDelegate$BeanPostProcessorChecker - Bean 'cacheManager' of type [class org.springframework.cache.concurrent.ConcurrentMapCacheManager] is not eligible for getting processed by all BeanPostProcessors (for example: not eligible for auto-proxying)
2017-01-24 09:31:30 [main] INFO  org.springframework.context.support.PostProcessorRegistrationDelegate$BeanPostProcessorChecker - Bean 'cacheAutoConfigurationValidator' of type [class org.springframework.boot.autoconfigure.cache.CacheAutoConfiguration$CacheManagerValidator] is not eligible for getting processed by all BeanPostProcessors (for example: not eligible for auto-proxying)
2017-01-24 09:31:30 [main] INFO  org.springframework.boot.context.embedded.tomcat.TomcatEmbeddedServletContainer - Tomcat initialized with port(s): 80 (http)
2017-01-24 09:31:30 [main] INFO  org.apache.catalina.core.StandardService - Starting service Tomcat
2017-01-24 09:31:30 [main] INFO  org.apache.catalina.core.StandardEngine - Starting Servlet Engine: Apache Tomcat/8.5.5
2017-01-24 09:31:31 [localhost-startStop-1] INFO  org.apache.catalina.core.ContainerBase.[Tomcat].[localhost].[/] - Initializing Spring embedded WebApplicationContext
2017-01-24 09:31:31 [localhost-startStop-1] INFO  org.springframework.web.context.ContextLoader - Root WebApplicationContext: initialization completed in 2429 ms
2017-01-24 09:31:31 [localhost-startStop-1] INFO  org.springframework.boot.web.servlet.ServletRegistrationBean - Mapping servlet: 'dispatcherServlet' to [/]
2017-01-24 09:31:31 [localhost-startStop-1] INFO  org.springframework.boot.web.servlet.FilterRegistrationBean - Mapping filter: 'characterEncodingFilter' to: [/*]
2017-01-24 09:31:31 [localhost-startStop-1] INFO  org.springframework.boot.web.servlet.FilterRegistrationBean - Mapping filter: 'hiddenHttpMethodFilter' to: [/*]
2017-01-24 09:31:31 [localhost-startStop-1] INFO  org.springframework.boot.web.servlet.FilterRegistrationBean - Mapping filter: 'httpPutFormContentFilter' to: [/*]
2017-01-24 09:31:31 [localhost-startStop-1] INFO  org.springframework.boot.web.servlet.FilterRegistrationBean - Mapping filter: 'requestContextFilter' to: [/*]
2017-01-24 09:31:32 [main] INFO  org.springframework.web.servlet.mvc.method.annotation.RequestMappingHandlerAdapter - Looking for @ControllerAdvice: org.springframework.boot.context.embedded.AnnotationConfigEmbeddedWebApplicationContext@4d0f2471: startup date [Tue Jan 24 09:31:28 CST 2017]; root of context hierarchy
2017-01-24 09:31:32 [main] INFO  org.springframework.web.servlet.mvc.method.annotation.RequestMappingHandlerMapping - Mapped "{[/advertise/getadvertises],methods=[POST]}" onto public java.util.List<net.codog.domain.Advertise> net.codog.web.AdvertiseController.getAdvertise()
2017-01-24 09:31:32 [main] INFO  org.springframework.web.servlet.mvc.method.annotation.RequestMappingHandlerMapping - Mapped "{[/blog/getblogcount],methods=[POST]}" onto public java.lang.Integer net.codog.web.BlogController.getBlogCount(java.lang.Integer)
2017-01-24 09:31:32 [main] INFO  org.springframework.web.servlet.mvc.method.annotation.RequestMappingHandlerMapping - Mapped "{[/blog/getblogs],methods=[POST]}" onto public java.util.List<net.codog.domain.Blog> net.codog.web.BlogController.getBlogs(java.lang.Integer,java.lang.Integer,java.lang.Integer,java.lang.Integer)
2017-01-24 09:31:32 [main] INFO  org.springframework.web.servlet.mvc.method.annotation.RequestMappingHandlerMapping - Mapped "{[/blog/getblogcategories],methods=[POST]}" onto public java.util.List<net.codog.domain.BlogCategory> net.codog.web.BlogController.getBlogCategories(java.lang.Integer)
2017-01-24 09:31:32 [main] INFO  org.springframework.web.servlet.mvc.method.annotation.RequestMappingHandlerMapping - Mapped "{[/gamevideo/getgamevideos],methods=[POST]}" onto public java.util.List<net.codog.domain.GameVideo> net.codog.web.GameVideoController.getGameVideos(java.lang.Integer,java.lang.Integer,java.lang.Integer)
2017-01-24 09:31:32 [main] INFO  org.springframework.web.servlet.mvc.method.annotation.RequestMappingHandlerMapping - Mapped "{[/gamevideo/getgamevideoscount],methods=[POST]}" onto public java.lang.Integer net.codog.web.GameVideoController.getGameVideosCount(java.lang.Integer)
2017-01-24 09:31:32 [main] INFO  org.springframework.web.servlet.mvc.method.annotation.RequestMappingHandlerMapping - Mapped "{[/guestbook/test],methods=[GET]}" onto public net.codog.vo.ResponseVO<java.util.List<net.codog.domain.Guestbook>> net.codog.web.GuestbookController.test()
2017-01-24 09:31:32 [main] INFO  org.springframework.web.servlet.mvc.method.annotation.RequestMappingHandlerMapping - Mapped "{[/message/test],methods=[GET]}" onto public net.codog.vo.ResponseVO<java.util.List<net.codog.domain.Message>> net.codog.web.MessageController.test()
2017-01-24 09:31:32 [main] INFO  org.springframework.web.servlet.mvc.method.annotation.RequestMappingHandlerMapping - Mapped "{[/news/test],methods=[GET]}" onto public net.codog.vo.ResponseVO<java.util.List<net.codog.domain.News>> net.codog.web.NewsController.test()
2017-01-24 09:31:32 [main] INFO  org.springframework.web.servlet.mvc.method.annotation.RequestMappingHandlerMapping - Mapped "{[/news/getnewscount],methods=[POST]}" onto public int net.codog.web.NewsController.getNewsCount()
2017-01-24 09:31:32 [main] INFO  org.springframework.web.servlet.mvc.method.annotation.RequestMappingHandlerMapping - Mapped "{[/news/getnewslist],methods=[POST]}" onto public java.util.List<net.codog.domain.News> net.codog.web.NewsController.getNewsList()
2017-01-24 09:31:32 [main] INFO  org.springframework.web.servlet.mvc.method.annotation.RequestMappingHandlerMapping - Mapped "{[/recommand/getrecommands],methods=[POST]}" onto public java.util.List<net.codog.domain.Recommand> net.codog.web.RecommandController.getRecommands()
2017-01-24 09:31:32 [main] INFO  org.springframework.web.servlet.mvc.method.annotation.RequestMappingHandlerMapping - Mapped "{[/searchcategory/getsearchcategories],methods=[POST]}" onto public java.util.List<net.codog.domain.SearchCategory> net.codog.web.SearchCategoryController.getSearchCategories()
2017-01-24 09:31:32 [main] INFO  org.springframework.web.servlet.mvc.method.annotation.RequestMappingHandlerMapping - Mapped "{[/user/register],methods=[POST]}" onto public net.codog.vo.ResponseVO<java.lang.String> net.codog.web.UserController.register(javax.servlet.http.HttpServletRequest,java.lang.String,java.lang.String)
2017-01-24 09:31:32 [main] INFO  org.springframework.web.servlet.mvc.method.annotation.RequestMappingHandlerMapping - Mapped "{[/user/test],methods=[GET]}" onto public net.codog.vo.ResponseVO<net.codog.view.UserShowDetail> net.codog.web.UserController.test()
2017-01-24 09:31:32 [main] INFO  org.springframework.web.servlet.mvc.method.annotation.RequestMappingHandlerMapping - Mapped "{[/userfile/test],methods=[GET]}" onto public net.codog.vo.ResponseVO<java.util.List<net.codog.domain.UserfulFile>> net.codog.web.UserfulFileController.test()
2017-01-24 09:31:32 [main] INFO  org.springframework.web.servlet.mvc.method.annotation.RequestMappingHandlerMapping - Mapped "{[/userurl/test],methods=[GET]}" onto public net.codog.vo.ResponseVO<java.util.List<net.codog.domain.UserfulUrl>> net.codog.web.UserfulUrlController.test()
2017-01-24 09:31:32 [main] INFO  org.springframework.web.servlet.mvc.method.annotation.RequestMappingHandlerMapping - Mapped "{[/error]}" onto public org.springframework.http.ResponseEntity<java.util.Map<java.lang.String, java.lang.Object>> org.springframework.boot.autoconfigure.web.BasicErrorController.error(javax.servlet.http.HttpServletRequest)
2017-01-24 09:31:32 [main] INFO  org.springframework.web.servlet.mvc.method.annotation.RequestMappingHandlerMapping - Mapped "{[/error],produces=[text/html]}" onto public org.springframework.web.servlet.ModelAndView org.springframework.boot.autoconfigure.web.BasicErrorController.errorHtml(javax.servlet.http.HttpServletRequest,javax.servlet.http.HttpServletResponse)
2017-01-24 09:31:32 [main] INFO  org.springframework.web.servlet.handler.SimpleUrlHandlerMapping - Mapped URL path [/webjars/**] onto handler of type [class org.springframework.web.servlet.resource.ResourceHttpRequestHandler]
2017-01-24 09:31:32 [main] INFO  org.springframework.web.servlet.handler.SimpleUrlHandlerMapping - Mapped URL path [/**] onto handler of type [class org.springframework.web.servlet.resource.ResourceHttpRequestHandler]
2017-01-24 09:31:32 [main] INFO  org.springframework.web.servlet.handler.SimpleUrlHandlerMapping - Mapped URL path [/**/favicon.ico] onto handler of type [class org.springframework.web.servlet.resource.ResourceHttpRequestHandler]
2017-01-24 09:31:32 [main] WARN  org.springframework.boot.autoconfigure.thymeleaf.AbstractTemplateResolverConfiguration - Cannot find template location: classpath:/templates/ (please add some templates or check your Thymeleaf configuration)
2017-01-24 09:31:33 [main] INFO  org.springframework.boot.autoconfigure.web.WebMvcAutoConfiguration$WelcomePageHandlerMapping - Adding welcome page: class path resource [public/index.html]
2017-01-24 09:31:33 [main] INFO  org.springframework.jmx.export.annotation.AnnotationMBeanExporter - Registering beans for JMX exposure on startup
2017-01-24 09:31:33 [main] INFO  org.apache.coyote.http11.Http11NioProtocol - Initializing ProtocolHandler ["http-nio-80"]
2017-01-24 09:31:33 [main] INFO  org.apache.coyote.http11.Http11NioProtocol - Starting ProtocolHandler [http-nio-80]
2017-01-24 09:31:33 [main] INFO  org.apache.tomcat.util.net.NioSelectorPool - Using a shared selector for servlet write/read
2017-01-24 09:31:33 [main] INFO  org.springframework.boot.context.embedded.tomcat.TomcatEmbeddedServletContainer - Tomcat started on port(s): 80 (http)
2017-01-24 09:31:33 [main] INFO  net.codog.ProjectApplication - Started ProjectApplication in 6.826 seconds (JVM running for 7.851)
2017-01-24 09:31:38 [http-nio-80-exec-1] INFO  org.apache.catalina.core.ContainerBase.[Tomcat].[localhost].[/] - Initializing Spring FrameworkServlet 'dispatcherServlet'
2017-01-24 09:31:38 [http-nio-80-exec-1] INFO  org.springframework.web.servlet.DispatcherServlet - FrameworkServlet 'dispatcherServlet': initialization started
2017-01-24 09:31:38 [http-nio-80-exec-1] INFO  org.springframework.web.servlet.DispatcherServlet - FrameworkServlet 'dispatcherServlet': initialization completed in 32 ms
2017-01-24 09:31:38 [http-nio-80-exec-2] INFO  net.codog.service.NewsService - start is null,end is null
2017-01-24 09:31:38 [http-nio-80-exec-3] INFO  net.codog.service.SearchCategoryService - SearchCategoryService
2017-01-24 09:31:38 [http-nio-80-exec-4] INFO  net.codog.service.AdvertiseService - AdvertiseService
2017-01-24 09:31:38 [http-nio-80-exec-5] INFO  net.codog.service.RecommandService - recommandService
2017-01-24 09:31:38 [http-nio-80-exec-2] INFO  net.codog.dao.selectsql.SelectSqlProvider - sql is select * from news where 1
2017-01-24 09:31:46 [http-nio-80-exec-8] INFO  net.codog.service.NewsService - start is null,end is null
2017-01-24 09:31:46 [http-nio-80-exec-8] INFO  net.codog.dao.selectsql.SelectSqlProvider - sql is select * from news where 1
2017-01-24 09:31:46 [http-nio-80-exec-9] INFO  net.codog.service.SearchCategoryService - SearchCategoryService
2017-01-24 09:31:46 [http-nio-80-exec-10] INFO  net.codog.service.AdvertiseService - AdvertiseService
2017-01-24 09:31:46 [http-nio-80-exec-1] INFO  net.codog.service.RecommandService - recommandService
2017-01-24 09:31:47 [http-nio-80-exec-6] INFO  net.codog.service.NewsService - start is null,end is null
2017-01-24 09:31:47 [http-nio-80-exec-6] INFO  net.codog.dao.selectsql.SelectSqlProvider - sql is select * from news where 1
2017-01-24 09:31:47 [http-nio-80-exec-11] INFO  net.codog.service.SearchCategoryService - SearchCategoryService
2017-01-24 09:31:47 [http-nio-80-exec-12] INFO  net.codog.service.AdvertiseService - AdvertiseService
2017-01-24 09:31:47 [http-nio-80-exec-13] INFO  net.codog.service.RecommandService - recommandService
2017-01-24 09:31:48 [http-nio-80-exec-4] INFO  net.codog.web.AdvertiseController - 全部数据是[Advertise(advertise_link=blog.csdn.net, advertise_picture=images/inc/1.gif), Advertise(advertise_link=www.baidu.com, advertise_picture=images/inc/1.gif)]
2017-01-24 09:31:48 [http-nio-80-exec-8] INFO  net.codog.web.NewsController - 获取的全部新闻是[News(news_id=1, news_title=news1, news_content=this is news, news_publish_time=Sat Nov 26 00:00:00 CST 2016, news_modify_time=Sat Nov 26 00:00:00 CST 2016, news_url=www.baidu.com, news_type=null), News(news_id=2, news_title=news2, news_content=this is news2, news_publish_time=Sat Nov 26 00:00:00 CST 2016, news_modify_time=Sat Nov 26 00:00:00 CST 2016, news_url=www.baidu.com, news_type=null)]
2017-01-24 09:31:48 [http-nio-80-exec-12] INFO  net.codog.web.AdvertiseController - 全部数据是[Advertise(advertise_link=blog.csdn.net, advertise_picture=images/inc/1.gif), Advertise(advertise_link=www.baidu.com, advertise_picture=images/inc/1.gif)]
2017-01-24 09:31:48 [http-nio-80-exec-6] INFO  net.codog.web.NewsController - 获取的全部新闻是[News(news_id=1, news_title=news1, news_content=this is news, news_publish_time=Sat Nov 26 00:00:00 CST 2016, news_modify_time=Sat Nov 26 00:00:00 CST 2016, news_url=www.baidu.com, news_type=null), News(news_id=2, news_title=news2, news_content=this is news2, news_publish_time=Sat Nov 26 00:00:00 CST 2016, news_modify_time=Sat Nov 26 00:00:00 CST 2016, news_url=www.baidu.com, news_type=null)]
2017-01-24 09:31:48 [http-nio-80-exec-5] INFO  net.codog.web.RecommandController - 全部数据是[Recommand(recommand_link=www.baidu.com, recommand_picture=001), Recommand(recommand_link=www.baidu.com2, recommand_picture=002), Recommand(recommand_link=www.baidu.com3, recommand_picture=003)]
2017-01-24 09:31:48 [http-nio-80-exec-10] INFO  net.codog.web.AdvertiseController - 全部数据是[Advertise(advertise_link=blog.csdn.net, advertise_picture=images/inc/1.gif), Advertise(advertise_link=www.baidu.com, advertise_picture=images/inc/1.gif)]
2017-01-24 09:31:48 [http-nio-80-exec-13] INFO  net.codog.web.RecommandController - 全部数据是[Recommand(recommand_link=www.baidu.com, recommand_picture=001), Recommand(recommand_link=www.baidu.com2, recommand_picture=002), Recommand(recommand_link=www.baidu.com3, recommand_picture=003)]
2017-01-24 09:31:48 [http-nio-80-exec-2] INFO  net.codog.web.NewsController - 获取的全部新闻是[News(news_id=1, news_title=news1, news_content=this is news, news_publish_time=Sat Nov 26 00:00:00 CST 2016, news_modify_time=Sat Nov 26 00:00:00 CST 2016, news_url=www.baidu.com, news_type=null), News(news_id=2, news_title=news2, news_content=this is news2, news_publish_time=Sat Nov 26 00:00:00 CST 2016, news_modify_time=Sat Nov 26 00:00:00 CST 2016, news_url=www.baidu.com, news_type=null)]
2017-01-24 09:31:48 [http-nio-80-exec-1] INFO  net.codog.web.RecommandController - 全部数据是[Recommand(recommand_link=www.baidu.com, recommand_picture=001), Recommand(recommand_link=www.baidu.com2, recommand_picture=002), Recommand(recommand_link=www.baidu.com3, recommand_picture=003)]
2017-01-24 09:31:48 [http-nio-80-exec-11] INFO  net.codog.web.SearchCategoryController - 获取的全部搜索类型是[SearchCategory(search_category_id=0, search_category_name=博客), SearchCategory(search_category_id=1, search_category_name=娱乐视频)]
2017-01-24 09:31:48 [http-nio-80-exec-3] INFO  net.codog.web.SearchCategoryController - 获取的全部搜索类型是[SearchCategory(search_category_id=0, search_category_name=博客), SearchCategory(search_category_id=1, search_category_name=娱乐视频)]
2017-01-24 09:31:48 [http-nio-80-exec-9] INFO  net.codog.web.SearchCategoryController - 获取的全部搜索类型是[SearchCategory(search_category_id=0, search_category_name=博客), SearchCategory(search_category_id=1, search_category_name=娱乐视频)]
2017-01-24 09:32:03 [http-nio-80-exec-14] INFO  net.codog.service.SearchCategoryService - SearchCategoryService
2017-01-24 09:32:03 [http-nio-80-exec-7] INFO  net.codog.service.NewsService - start is null,end is null
2017-01-24 09:32:03 [http-nio-80-exec-7] INFO  net.codog.dao.selectsql.SelectSqlProvider - sql is select * from news where 1
2017-01-24 09:32:03 [http-nio-80-exec-14] INFO  net.codog.web.SearchCategoryController - 获取的全部搜索类型是[SearchCategory(search_category_id=0, search_category_name=博客), SearchCategory(search_category_id=1, search_category_name=娱乐视频)]
2017-01-24 09:32:03 [http-nio-80-exec-7] INFO  net.codog.web.NewsController - 获取的全部新闻是[News(news_id=1, news_title=news1, news_content=this is news, news_publish_time=Sat Nov 26 00:00:00 CST 2016, news_modify_time=Sat Nov 26 00:00:00 CST 2016, news_url=www.baidu.com, news_type=null), News(news_id=2, news_title=news2, news_content=this is news2, news_publish_time=Sat Nov 26 00:00:00 CST 2016, news_modify_time=Sat Nov 26 00:00:00 CST 2016, news_url=www.baidu.com, news_type=null)]
2017-01-24 09:32:03 [http-nio-80-exec-1] INFO  net.codog.service.AdvertiseService - AdvertiseService
2017-01-24 09:32:03 [http-nio-80-exec-1] INFO  net.codog.web.AdvertiseController - 全部数据是[Advertise(advertise_link=blog.csdn.net, advertise_picture=images/inc/1.gif), Advertise(advertise_link=www.baidu.com, advertise_picture=images/inc/1.gif)]
2017-01-24 09:32:03 [http-nio-80-exec-12] INFO  net.codog.service.RecommandService - recommandService
2017-01-24 09:32:03 [http-nio-80-exec-12] INFO  net.codog.web.RecommandController - 全部数据是[Recommand(recommand_link=www.baidu.com, recommand_picture=001), Recommand(recommand_link=www.baidu.com2, recommand_picture=002), Recommand(recommand_link=www.baidu.com3, recommand_picture=003)]
2017-01-24 09:32:27 [http-nio-80-exec-4] INFO  net.codog.service.BlogCategoryService - isSchool:0
2017-01-24 09:32:27 [http-nio-80-exec-13] INFO  net.codog.web.BlogController - start:0,end:2,isSchool:0,blogCategoryId:0
2017-01-24 09:32:27 [http-nio-80-exec-13] INFO  net.codog.dao.selectsql.SelectSqlProvider - sql is select blog.*,blog_type.blog_type_name from blog left join blog_type on blog.blog_type_id = blog_type.blog_type_id left join blog_category on blog.blog_category_id = blog_category.blog_category_id where blog_category.blog_category_isSchool=0 and blog_category.blog_category_id = 0 limit 0,2
2017-01-24 09:32:29 [http-nio-80-exec-8] INFO  net.codog.service.BlogCategoryService - isSchool:0
2017-01-24 09:32:29 [http-nio-80-exec-6] INFO  net.codog.web.BlogController - start:0,end:2,isSchool:0,blogCategoryId:0
2017-01-24 09:32:29 [http-nio-80-exec-6] INFO  net.codog.dao.selectsql.SelectSqlProvider - sql is select blog.*,blog_type.blog_type_name from blog left join blog_type on blog.blog_type_id = blog_type.blog_type_id left join blog_category on blog.blog_category_id = blog_category.blog_category_id where blog_category.blog_category_isSchool=0 and blog_category.blog_category_id = 0 limit 0,2
2017-01-24 09:51:06 [main] INFO  net.codog.ProjectApplication - Starting ProjectApplication on wenhanwang with PID 6068 (started by CreditEase in E:\我的项目\GitHub\personal-blog-webiste\project)
2017-01-24 09:51:06 [main] INFO  net.codog.ProjectApplication - The following profiles are active: prod
2017-01-24 09:51:06 [background-preinit] INFO  org.hibernate.validator.internal.util.Version - HV000001: Hibernate Validator 5.2.4.Final
2017-01-24 09:51:08 [main] INFO  org.springframework.boot.context.embedded.AnnotationConfigEmbeddedWebApplicationContext - Refreshing org.springframework.boot.context.embedded.AnnotationConfigEmbeddedWebApplicationContext@4d0f2471: startup date [Tue Jan 24 09:51:08 CST 2017]; root of context hierarchy
2017-01-24 09:51:09 [main] INFO  org.springframework.context.support.PostProcessorRegistrationDelegate$BeanPostProcessorChecker - Bean 'org.springframework.cache.annotation.ProxyCachingConfiguration' of type [class org.springframework.cache.annotation.ProxyCachingConfiguration$$EnhancerBySpringCGLIB$$227e5e8c] is not eligible for getting processed by all BeanPostProcessors (for example: not eligible for auto-proxying)
2017-01-24 09:51:09 [main] INFO  org.springframework.context.support.PostProcessorRegistrationDelegate$BeanPostProcessorChecker - Bean 'org.springframework.transaction.annotation.ProxyTransactionManagementConfiguration' of type [class org.springframework.transaction.annotation.ProxyTransactionManagementConfiguration$$EnhancerBySpringCGLIB$$d96c286e] is not eligible for getting processed by all BeanPostProcessors (for example: not eligible for auto-proxying)
2017-01-24 09:51:10 [main] INFO  org.springframework.context.support.PostProcessorRegistrationDelegate$BeanPostProcessorChecker - Bean 'org.springframework.boot.autoconfigure.cache.CacheAutoConfiguration' of type [class org.springframework.boot.autoconfigure.cache.CacheAutoConfiguration$$EnhancerBySpringCGLIB$$16f22330] is not eligible for getting processed by all BeanPostProcessors (for example: not eligible for auto-proxying)
2017-01-24 09:51:10 [main] INFO  org.springframework.context.support.PostProcessorRegistrationDelegate$BeanPostProcessorChecker - Bean 'spring.cache-org.springframework.boot.autoconfigure.cache.CacheProperties' of type [class org.springframework.boot.autoconfigure.cache.CacheProperties] is not eligible for getting processed by all BeanPostProcessors (for example: not eligible for auto-proxying)
2017-01-24 09:51:10 [main] INFO  org.springframework.context.support.PostProcessorRegistrationDelegate$BeanPostProcessorChecker - Bean 'org.springframework.boot.autoconfigure.cache.CacheManagerCustomizers' of type [class org.springframework.boot.autoconfigure.cache.CacheManagerCustomizers] is not eligible for getting processed by all BeanPostProcessors (for example: not eligible for auto-proxying)
2017-01-24 09:51:10 [main] INFO  org.springframework.context.support.PostProcessorRegistrationDelegate$BeanPostProcessorChecker - Bean 'org.springframework.boot.autoconfigure.cache.SimpleCacheConfiguration' of type [class org.springframework.boot.autoconfigure.cache.SimpleCacheConfiguration$$EnhancerBySpringCGLIB$$b88d9611] is not eligible for getting processed by all BeanPostProcessors (for example: not eligible for auto-proxying)
2017-01-24 09:51:10 [main] INFO  org.springframework.context.support.PostProcessorRegistrationDelegate$BeanPostProcessorChecker - Bean 'cacheManager' of type [class org.springframework.cache.concurrent.ConcurrentMapCacheManager] is not eligible for getting processed by all BeanPostProcessors (for example: not eligible for auto-proxying)
2017-01-24 09:51:10 [main] INFO  org.springframework.context.support.PostProcessorRegistrationDelegate$BeanPostProcessorChecker - Bean 'cacheAutoConfigurationValidator' of type [class org.springframework.boot.autoconfigure.cache.CacheAutoConfiguration$CacheManagerValidator] is not eligible for getting processed by all BeanPostProcessors (for example: not eligible for auto-proxying)
2017-01-24 09:51:11 [main] INFO  org.springframework.boot.context.embedded.tomcat.TomcatEmbeddedServletContainer - Tomcat initialized with port(s): 80 (http)
2017-01-24 09:51:11 [main] INFO  org.apache.catalina.core.StandardService - Starting service Tomcat
2017-01-24 09:51:11 [main] INFO  org.apache.catalina.core.StandardEngine - Starting Servlet Engine: Apache Tomcat/8.5.5
2017-01-24 09:51:11 [localhost-startStop-1] INFO  org.apache.catalina.core.ContainerBase.[Tomcat].[localhost].[/] - Initializing Spring embedded WebApplicationContext
2017-01-24 09:51:11 [localhost-startStop-1] INFO  org.springframework.web.context.ContextLoader - Root WebApplicationContext: initialization completed in 3246 ms
2017-01-24 09:51:11 [localhost-startStop-1] INFO  org.springframework.boot.web.servlet.ServletRegistrationBean - Mapping servlet: 'dispatcherServlet' to [/]
2017-01-24 09:51:11 [localhost-startStop-1] INFO  org.springframework.boot.web.servlet.FilterRegistrationBean - Mapping filter: 'characterEncodingFilter' to: [/*]
2017-01-24 09:51:11 [localhost-startStop-1] INFO  org.springframework.boot.web.servlet.FilterRegistrationBean - Mapping filter: 'hiddenHttpMethodFilter' to: [/*]
2017-01-24 09:51:11 [localhost-startStop-1] INFO  org.springframework.boot.web.servlet.FilterRegistrationBean - Mapping filter: 'httpPutFormContentFilter' to: [/*]
2017-01-24 09:51:11 [localhost-startStop-1] INFO  org.springframework.boot.web.servlet.FilterRegistrationBean - Mapping filter: 'requestContextFilter' to: [/*]
2017-01-24 09:51:12 [main] INFO  org.springframework.web.servlet.mvc.method.annotation.RequestMappingHandlerAdapter - Looking for @ControllerAdvice: org.springframework.boot.context.embedded.AnnotationConfigEmbeddedWebApplicationContext@4d0f2471: startup date [Tue Jan 24 09:51:08 CST 2017]; root of context hierarchy
2017-01-24 09:51:13 [main] INFO  org.springframework.web.servlet.mvc.method.annotation.RequestMappingHandlerMapping - Mapped "{[/advertise/getadvertises],methods=[POST]}" onto public java.util.List<net.codog.domain.Advertise> net.codog.web.AdvertiseController.getAdvertise()
2017-01-24 09:51:13 [main] INFO  org.springframework.web.servlet.mvc.method.annotation.RequestMappingHandlerMapping - Mapped "{[/blog/getblogcount],methods=[POST]}" onto public java.lang.Integer net.codog.web.BlogController.getBlogCount(java.lang.Integer)
2017-01-24 09:51:13 [main] INFO  org.springframework.web.servlet.mvc.method.annotation.RequestMappingHandlerMapping - Mapped "{[/blog/getblogs],methods=[POST]}" onto public java.util.List<net.codog.domain.Blog> net.codog.web.BlogController.getBlogs(java.lang.Integer,java.lang.Integer,java.lang.Integer,java.lang.Integer)
2017-01-24 09:51:13 [main] INFO  org.springframework.web.servlet.mvc.method.annotation.RequestMappingHandlerMapping - Mapped "{[/blog/getblogcategories],methods=[POST]}" onto public java.util.List<net.codog.domain.BlogCategory> net.codog.web.BlogController.getBlogCategories(java.lang.Integer)
2017-01-24 09:51:13 [main] INFO  org.springframework.web.servlet.mvc.method.annotation.RequestMappingHandlerMapping - Mapped "{[/gamevideo/getgamevideos],methods=[POST]}" onto public java.util.List<net.codog.domain.GameVideo> net.codog.web.GameVideoController.getGameVideos(java.lang.Integer,java.lang.Integer,java.lang.Integer)
2017-01-24 09:51:13 [main] INFO  org.springframework.web.servlet.mvc.method.annotation.RequestMappingHandlerMapping - Mapped "{[/gamevideo/getgamevideoscount],methods=[POST]}" onto public java.lang.Integer net.codog.web.GameVideoController.getGameVideosCount(java.lang.Integer)
2017-01-24 09:51:13 [main] INFO  org.springframework.web.servlet.mvc.method.annotation.RequestMappingHandlerMapping - Mapped "{[/guestbook/test],methods=[GET]}" onto public net.codog.vo.ResponseVO<java.util.List<net.codog.domain.Guestbook>> net.codog.web.GuestbookController.test()
2017-01-24 09:51:13 [main] INFO  org.springframework.web.servlet.mvc.method.annotation.RequestMappingHandlerMapping - Mapped "{[/message/test],methods=[GET]}" onto public net.codog.vo.ResponseVO<java.util.List<net.codog.domain.Message>> net.codog.web.MessageController.test()
2017-01-24 09:51:13 [main] INFO  org.springframework.web.servlet.mvc.method.annotation.RequestMappingHandlerMapping - Mapped "{[/news/test],methods=[GET]}" onto public net.codog.vo.ResponseVO<java.util.List<net.codog.domain.News>> net.codog.web.NewsController.test()
2017-01-24 09:51:13 [main] INFO  org.springframework.web.servlet.mvc.method.annotation.RequestMappingHandlerMapping - Mapped "{[/news/getnewscount],methods=[POST]}" onto public int net.codog.web.NewsController.getNewsCount()
2017-01-24 09:51:13 [main] INFO  org.springframework.web.servlet.mvc.method.annotation.RequestMappingHandlerMapping - Mapped "{[/news/getnewslist],methods=[POST]}" onto public java.util.List<net.codog.domain.News> net.codog.web.NewsController.getNewsList()
2017-01-24 09:51:13 [main] INFO  org.springframework.web.servlet.mvc.method.annotation.RequestMappingHandlerMapping - Mapped "{[/recommand/getrecommands],methods=[POST]}" onto public java.util.List<net.codog.domain.Recommand> net.codog.web.RecommandController.getRecommands()
2017-01-24 09:51:13 [main] INFO  org.springframework.web.servlet.mvc.method.annotation.RequestMappingHandlerMapping - Mapped "{[/searchcategory/getsearchcategories],methods=[POST]}" onto public java.util.List<net.codog.domain.SearchCategory> net.codog.web.SearchCategoryController.getSearchCategories()
2017-01-24 09:51:13 [main] INFO  org.springframework.web.servlet.mvc.method.annotation.RequestMappingHandlerMapping - Mapped "{[/user/register],methods=[POST]}" onto public net.codog.vo.ResponseVO<java.lang.String> net.codog.web.UserController.register(javax.servlet.http.HttpServletRequest,java.lang.String,java.lang.String)
2017-01-24 09:51:13 [main] INFO  org.springframework.web.servlet.mvc.method.annotation.RequestMappingHandlerMapping - Mapped "{[/user/test],methods=[GET]}" onto public net.codog.vo.ResponseVO<net.codog.view.UserShowDetail> net.codog.web.UserController.test()
2017-01-24 09:51:13 [main] INFO  org.springframework.web.servlet.mvc.method.annotation.RequestMappingHandlerMapping - Mapped "{[/userfile/test],methods=[GET]}" onto public net.codog.vo.ResponseVO<java.util.List<net.codog.domain.UserfulFile>> net.codog.web.UserfulFileController.test()
2017-01-24 09:51:13 [main] INFO  org.springframework.web.servlet.mvc.method.annotation.RequestMappingHandlerMapping - Mapped "{[/userurl/test],methods=[GET]}" onto public net.codog.vo.ResponseVO<java.util.List<net.codog.domain.UserfulUrl>> net.codog.web.UserfulUrlController.test()
2017-01-24 09:51:13 [main] INFO  org.springframework.web.servlet.mvc.method.annotation.RequestMappingHandlerMapping - Mapped "{[/error]}" onto public org.springframework.http.ResponseEntity<java.util.Map<java.lang.String, java.lang.Object>> org.springframework.boot.autoconfigure.web.BasicErrorController.error(javax.servlet.http.HttpServletRequest)
2017-01-24 09:51:13 [main] INFO  org.springframework.web.servlet.mvc.method.annotation.RequestMappingHandlerMapping - Mapped "{[/error],produces=[text/html]}" onto public org.springframework.web.servlet.ModelAndView org.springframework.boot.autoconfigure.web.BasicErrorController.errorHtml(javax.servlet.http.HttpServletRequest,javax.servlet.http.HttpServletResponse)
2017-01-24 09:51:13 [main] INFO  org.springframework.web.servlet.handler.SimpleUrlHandlerMapping - Mapped URL path [/webjars/**] onto handler of type [class org.springframework.web.servlet.resource.ResourceHttpRequestHandler]
2017-01-24 09:51:13 [main] INFO  org.springframework.web.servlet.handler.SimpleUrlHandlerMapping - Mapped URL path [/**] onto handler of type [class org.springframework.web.servlet.resource.ResourceHttpRequestHandler]
2017-01-24 09:51:13 [main] INFO  org.springframework.web.servlet.handler.SimpleUrlHandlerMapping - Mapped URL path [/**/favicon.ico] onto handler of type [class org.springframework.web.servlet.resource.ResourceHttpRequestHandler]
2017-01-24 09:51:13 [main] WARN  org.springframework.boot.autoconfigure.thymeleaf.AbstractTemplateResolverConfiguration - Cannot find template location: classpath:/templates/ (please add some templates or check your Thymeleaf configuration)
2017-01-24 09:51:14 [main] INFO  org.springframework.boot.autoconfigure.web.WebMvcAutoConfiguration$WelcomePageHandlerMapping - Adding welcome page: class path resource [public/index.html]
2017-01-24 09:51:14 [main] INFO  org.springframework.jmx.export.annotation.AnnotationMBeanExporter - Registering beans for JMX exposure on startup
2017-01-24 09:51:14 [main] INFO  org.apache.coyote.http11.Http11NioProtocol - Initializing ProtocolHandler ["http-nio-80"]
2017-01-24 09:51:14 [main] INFO  org.apache.coyote.http11.Http11NioProtocol - Starting ProtocolHandler [http-nio-80]
2017-01-24 09:51:14 [main] INFO  org.apache.tomcat.util.net.NioSelectorPool - Using a shared selector for servlet write/read
2017-01-24 09:51:14 [main] INFO  org.springframework.boot.context.embedded.tomcat.TomcatEmbeddedServletContainer - Tomcat started on port(s): 80 (http)
2017-01-24 09:51:14 [main] INFO  net.codog.ProjectApplication - Started ProjectApplication in 8.369 seconds (JVM running for 9.491)
2017-01-24 09:51:26 [http-nio-80-exec-1] INFO  org.apache.catalina.core.ContainerBase.[Tomcat].[localhost].[/] - Initializing Spring FrameworkServlet 'dispatcherServlet'
2017-01-24 09:51:26 [http-nio-80-exec-1] INFO  org.springframework.web.servlet.DispatcherServlet - FrameworkServlet 'dispatcherServlet': initialization started
2017-01-24 09:51:26 [http-nio-80-exec-1] INFO  org.springframework.web.servlet.DispatcherServlet - FrameworkServlet 'dispatcherServlet': initialization completed in 35 ms
2017-01-24 09:51:26 [http-nio-80-exec-3] INFO  net.codog.service.SearchCategoryService - SearchCategoryService
2017-01-24 09:51:26 [http-nio-80-exec-2] INFO  net.codog.service.NewsService - start is null,end is null
2017-01-24 09:51:26 [http-nio-80-exec-2] INFO  net.codog.dao.selectsql.SelectSqlProvider - sql is select * from news where 1
2017-01-24 09:51:26 [http-nio-80-exec-4] INFO  net.codog.service.AdvertiseService - AdvertiseService
2017-01-24 09:51:26 [http-nio-80-exec-6] INFO  net.codog.service.RecommandService - recommandService
2017-01-24 09:51:26 [http-nio-80-exec-2] INFO  net.codog.web.NewsController - 获取的全部新闻是[News(news_id=1, news_title=news1, news_content=this is news, news_publish_time=Sat Nov 26 00:00:00 CST 2016, news_modify_time=Sat Nov 26 00:00:00 CST 2016, news_url=www.baidu.com, news_type=null), News(news_id=2, news_title=news2, news_content=this is news2, news_publish_time=Sat Nov 26 00:00:00 CST 2016, news_modify_time=Sat Nov 26 00:00:00 CST 2016, news_url=www.baidu.com, news_type=null)]
2017-01-24 09:51:26 [http-nio-80-exec-4] INFO  net.codog.web.AdvertiseController - 全部数据是[Advertise(advertise_link=blog.csdn.net, advertise_picture=images/inc/1.gif), Advertise(advertise_link=www.baidu.com, advertise_picture=images/inc/1.gif)]
2017-01-24 09:51:26 [http-nio-80-exec-6] INFO  net.codog.web.RecommandController - 全部数据是[Recommand(recommand_link=www.baidu.com, recommand_picture=001), Recommand(recommand_link=www.baidu.com2, recommand_picture=002), Recommand(recommand_link=www.baidu.com3, recommand_picture=003)]
2017-01-24 09:51:26 [http-nio-80-exec-3] INFO  net.codog.web.SearchCategoryController - 获取的全部搜索类型是[SearchCategory(search_category_id=0, search_category_name=博客), SearchCategory(search_category_id=1, search_category_name=娱乐视频)]
2017-01-24 09:52:35 [http-nio-80-exec-6] INFO  net.codog.service.BlogCategoryService - isSchool:0
2017-01-24 09:52:35 [http-nio-80-exec-9] INFO  net.codog.web.BlogController - start:0,end:2,isSchool:0,blogCategoryId:0
2017-01-24 09:52:35 [http-nio-80-exec-9] INFO  net.codog.dao.selectsql.SelectSqlProvider - sql is select blog.*,blog_type.blog_type_name from blog left join blog_type on blog.blog_type_id = blog_type.blog_type_id left join blog_category on blog.blog_category_id = blog_category.blog_category_id where blog_category.blog_category_isSchool=0 and blog_category.blog_category_id = 0 limit 0,2
2017-01-24 09:52:38 [http-nio-80-exec-7] INFO  net.codog.web.BlogController - start:2,end:2,isSchool:0,blogCategoryId:0
2017-01-24 09:52:38 [http-nio-80-exec-7] INFO  net.codog.dao.selectsql.SelectSqlProvider - sql is select blog.*,blog_type.blog_type_name from blog left join blog_type on blog.blog_type_id = blog_type.blog_type_id left join blog_category on blog.blog_category_id = blog_category.blog_category_id where blog_category.blog_category_isSchool=0 and blog_category.blog_category_id = 0 limit 2,2
2017-01-24 10:00:56 [main] INFO  net.codog.ProjectApplication - Starting ProjectApplication on wenhanwang with PID 7796 (started by CreditEase in E:\我的项目\GitHub\personal-blog-webiste\project)
2017-01-24 10:00:56 [main] INFO  net.codog.ProjectApplication - The following profiles are active: prod
2017-01-24 10:00:56 [background-preinit] INFO  org.hibernate.validator.internal.util.Version - HV000001: Hibernate Validator 5.2.4.Final
2017-01-24 10:00:56 [main] INFO  org.springframework.boot.context.embedded.AnnotationConfigEmbeddedWebApplicationContext - Refreshing org.springframework.boot.context.embedded.AnnotationConfigEmbeddedWebApplicationContext@4d0f2471: startup date [Tue Jan 24 10:00:56 CST 2017]; root of context hierarchy
2017-01-24 10:00:57 [main] INFO  org.springframework.context.support.PostProcessorRegistrationDelegate$BeanPostProcessorChecker - Bean 'org.springframework.cache.annotation.ProxyCachingConfiguration' of type [class org.springframework.cache.annotation.ProxyCachingConfiguration$$EnhancerBySpringCGLIB$$1a360f3b] is not eligible for getting processed by all BeanPostProcessors (for example: not eligible for auto-proxying)
2017-01-24 10:00:57 [main] INFO  org.springframework.context.support.PostProcessorRegistrationDelegate$BeanPostProcessorChecker - Bean 'org.springframework.transaction.annotation.ProxyTransactionManagementConfiguration' of type [class org.springframework.transaction.annotation.ProxyTransactionManagementConfiguration$$EnhancerBySpringCGLIB$$d123d91d] is not eligible for getting processed by all BeanPostProcessors (for example: not eligible for auto-proxying)
2017-01-24 10:00:57 [main] INFO  org.springframework.context.support.PostProcessorRegistrationDelegate$BeanPostProcessorChecker - Bean 'org.springframework.boot.autoconfigure.cache.CacheAutoConfiguration' of type [class org.springframework.boot.autoconfigure.cache.CacheAutoConfiguration$$EnhancerBySpringCGLIB$$ea9d3df] is not eligible for getting processed by all BeanPostProcessors (for example: not eligible for auto-proxying)
2017-01-24 10:00:58 [main] INFO  org.springframework.context.support.PostProcessorRegistrationDelegate$BeanPostProcessorChecker - Bean 'spring.cache-org.springframework.boot.autoconfigure.cache.CacheProperties' of type [class org.springframework.boot.autoconfigure.cache.CacheProperties] is not eligible for getting processed by all BeanPostProcessors (for example: not eligible for auto-proxying)
2017-01-24 10:00:58 [main] INFO  org.springframework.context.support.PostProcessorRegistrationDelegate$BeanPostProcessorChecker - Bean 'org.springframework.boot.autoconfigure.cache.CacheManagerCustomizers' of type [class org.springframework.boot.autoconfigure.cache.CacheManagerCustomizers] is not eligible for getting processed by all BeanPostProcessors (for example: not eligible for auto-proxying)
2017-01-24 10:00:58 [main] INFO  org.springframework.context.support.PostProcessorRegistrationDelegate$BeanPostProcessorChecker - Bean 'org.springframework.boot.autoconfigure.cache.SimpleCacheConfiguration' of type [class org.springframework.boot.autoconfigure.cache.SimpleCacheConfiguration$$EnhancerBySpringCGLIB$$b04546c0] is not eligible for getting processed by all BeanPostProcessors (for example: not eligible for auto-proxying)
2017-01-24 10:00:58 [main] INFO  org.springframework.context.support.PostProcessorRegistrationDelegate$BeanPostProcessorChecker - Bean 'cacheManager' of type [class org.springframework.cache.concurrent.ConcurrentMapCacheManager] is not eligible for getting processed by all BeanPostProcessors (for example: not eligible for auto-proxying)
2017-01-24 10:00:58 [main] INFO  org.springframework.context.support.PostProcessorRegistrationDelegate$BeanPostProcessorChecker - Bean 'cacheAutoConfigurationValidator' of type [class org.springframework.boot.autoconfigure.cache.CacheAutoConfiguration$CacheManagerValidator] is not eligible for getting processed by all BeanPostProcessors (for example: not eligible for auto-proxying)
2017-01-24 10:00:58 [main] INFO  org.springframework.boot.context.embedded.tomcat.TomcatEmbeddedServletContainer - Tomcat initialized with port(s): 80 (http)
2017-01-24 10:00:58 [main] INFO  org.apache.catalina.core.StandardService - Starting service Tomcat
2017-01-24 10:00:58 [main] INFO  org.apache.catalina.core.StandardEngine - Starting Servlet Engine: Apache Tomcat/8.5.5
2017-01-24 10:00:58 [localhost-startStop-1] INFO  org.apache.catalina.core.ContainerBase.[Tomcat].[localhost].[/] - Initializing Spring embedded WebApplicationContext
2017-01-24 10:00:58 [localhost-startStop-1] INFO  org.springframework.web.context.ContextLoader - Root WebApplicationContext: initialization completed in 2424 ms
2017-01-24 10:00:59 [localhost-startStop-1] INFO  org.springframework.boot.web.servlet.ServletRegistrationBean - Mapping servlet: 'dispatcherServlet' to [/]
2017-01-24 10:00:59 [localhost-startStop-1] INFO  org.springframework.boot.web.servlet.FilterRegistrationBean - Mapping filter: 'characterEncodingFilter' to: [/*]
2017-01-24 10:00:59 [localhost-startStop-1] INFO  org.springframework.boot.web.servlet.FilterRegistrationBean - Mapping filter: 'hiddenHttpMethodFilter' to: [/*]
2017-01-24 10:00:59 [localhost-startStop-1] INFO  org.springframework.boot.web.servlet.FilterRegistrationBean - Mapping filter: 'httpPutFormContentFilter' to: [/*]
2017-01-24 10:00:59 [localhost-startStop-1] INFO  org.springframework.boot.web.servlet.FilterRegistrationBean - Mapping filter: 'requestContextFilter' to: [/*]
2017-01-24 10:01:00 [main] INFO  org.springframework.web.servlet.mvc.method.annotation.RequestMappingHandlerAdapter - Looking for @ControllerAdvice: org.springframework.boot.context.embedded.AnnotationConfigEmbeddedWebApplicationContext@4d0f2471: startup date [Tue Jan 24 10:00:56 CST 2017]; root of context hierarchy
2017-01-24 10:01:00 [main] INFO  org.springframework.web.servlet.mvc.method.annotation.RequestMappingHandlerMapping - Mapped "{[/advertise/getadvertises],methods=[POST]}" onto public java.util.List<net.codog.domain.Advertise> net.codog.web.AdvertiseController.getAdvertise()
2017-01-24 10:01:00 [main] INFO  org.springframework.web.servlet.mvc.method.annotation.RequestMappingHandlerMapping - Mapped "{[/blog/getblogcategories],methods=[POST]}" onto public java.util.List<net.codog.domain.BlogCategory> net.codog.web.BlogController.getBlogCategories(java.lang.Integer)
2017-01-24 10:01:00 [main] INFO  org.springframework.web.servlet.mvc.method.annotation.RequestMappingHandlerMapping - Mapped "{[/blog/getblogs],methods=[POST]}" onto public java.util.List<net.codog.domain.Blog> net.codog.web.BlogController.getBlogs(java.lang.Integer,java.lang.Integer,java.lang.Integer,java.lang.Integer)
2017-01-24 10:01:00 [main] INFO  org.springframework.web.servlet.mvc.method.annotation.RequestMappingHandlerMapping - Mapped "{[/blog/getblogcount],methods=[POST]}" onto public java.lang.Integer net.codog.web.BlogController.getBlogCount(java.lang.Integer)
2017-01-24 10:01:00 [main] INFO  org.springframework.web.servlet.mvc.method.annotation.RequestMappingHandlerMapping - Mapped "{[/gamevideo/getgamevideoscount],methods=[POST]}" onto public java.lang.Integer net.codog.web.GameVideoController.getGameVideosCount(java.lang.Integer)
2017-01-24 10:01:00 [main] INFO  org.springframework.web.servlet.mvc.method.annotation.RequestMappingHandlerMapping - Mapped "{[/gamevideo/getgamevideos],methods=[POST]}" onto public java.util.List<net.codog.domain.GameVideo> net.codog.web.GameVideoController.getGameVideos(java.lang.Integer,java.lang.Integer,java.lang.Integer)
2017-01-24 10:01:00 [main] INFO  org.springframework.web.servlet.mvc.method.annotation.RequestMappingHandlerMapping - Mapped "{[/guestbook/test],methods=[GET]}" onto public net.codog.vo.ResponseVO<java.util.List<net.codog.domain.Guestbook>> net.codog.web.GuestbookController.test()
2017-01-24 10:01:00 [main] INFO  org.springframework.web.servlet.mvc.method.annotation.RequestMappingHandlerMapping - Mapped "{[/message/test],methods=[GET]}" onto public net.codog.vo.ResponseVO<java.util.List<net.codog.domain.Message>> net.codog.web.MessageController.test()
2017-01-24 10:01:00 [main] INFO  org.springframework.web.servlet.mvc.method.annotation.RequestMappingHandlerMapping - Mapped "{[/news/test],methods=[GET]}" onto public net.codog.vo.ResponseVO<java.util.List<net.codog.domain.News>> net.codog.web.NewsController.test()
2017-01-24 10:01:00 [main] INFO  org.springframework.web.servlet.mvc.method.annotation.RequestMappingHandlerMapping - Mapped "{[/news/getnewscount],methods=[POST]}" onto public int net.codog.web.NewsController.getNewsCount()
2017-01-24 10:01:00 [main] INFO  org.springframework.web.servlet.mvc.method.annotation.RequestMappingHandlerMapping - Mapped "{[/news/getnewslist],methods=[POST]}" onto public java.util.List<net.codog.domain.News> net.codog.web.NewsController.getNewsList()
2017-01-24 10:01:00 [main] INFO  org.springframework.web.servlet.mvc.method.annotation.RequestMappingHandlerMapping - Mapped "{[/recommand/getrecommands],methods=[POST]}" onto public java.util.List<net.codog.domain.Recommand> net.codog.web.RecommandController.getRecommands()
2017-01-24 10:01:00 [main] INFO  org.springframework.web.servlet.mvc.method.annotation.RequestMappingHandlerMapping - Mapped "{[/searchcategory/getsearchcategories],methods=[POST]}" onto public java.util.List<net.codog.domain.SearchCategory> net.codog.web.SearchCategoryController.getSearchCategories()
2017-01-24 10:01:00 [main] INFO  org.springframework.web.servlet.mvc.method.annotation.RequestMappingHandlerMapping - Mapped "{[/user/register],methods=[POST]}" onto public net.codog.vo.ResponseVO<java.lang.String> net.codog.web.UserController.register(javax.servlet.http.HttpServletRequest,java.lang.String,java.lang.String)
2017-01-24 10:01:00 [main] INFO  org.springframework.web.servlet.mvc.method.annotation.RequestMappingHandlerMapping - Mapped "{[/user/test],methods=[GET]}" onto public net.codog.vo.ResponseVO<net.codog.view.UserShowDetail> net.codog.web.UserController.test()
2017-01-24 10:01:00 [main] INFO  org.springframework.web.servlet.mvc.method.annotation.RequestMappingHandlerMapping - Mapped "{[/userfile/test],methods=[GET]}" onto public net.codog.vo.ResponseVO<java.util.List<net.codog.domain.UserfulFile>> net.codog.web.UserfulFileController.test()
2017-01-24 10:01:00 [main] INFO  org.springframework.web.servlet.mvc.method.annotation.RequestMappingHandlerMapping - Mapped "{[/userurl/test],methods=[GET]}" onto public net.codog.vo.ResponseVO<java.util.List<net.codog.domain.UserfulUrl>> net.codog.web.UserfulUrlController.test()
2017-01-24 10:01:00 [main] INFO  org.springframework.web.servlet.mvc.method.annotation.RequestMappingHandlerMapping - Mapped "{[/error]}" onto public org.springframework.http.ResponseEntity<java.util.Map<java.lang.String, java.lang.Object>> org.springframework.boot.autoconfigure.web.BasicErrorController.error(javax.servlet.http.HttpServletRequest)
2017-01-24 10:01:00 [main] INFO  org.springframework.web.servlet.mvc.method.annotation.RequestMappingHandlerMapping - Mapped "{[/error],produces=[text/html]}" onto public org.springframework.web.servlet.ModelAndView org.springframework.boot.autoconfigure.web.BasicErrorController.errorHtml(javax.servlet.http.HttpServletRequest,javax.servlet.http.HttpServletResponse)
2017-01-24 10:01:00 [main] INFO  org.springframework.web.servlet.handler.SimpleUrlHandlerMapping - Mapped URL path [/webjars/**] onto handler of type [class org.springframework.web.servlet.resource.ResourceHttpRequestHandler]
2017-01-24 10:01:00 [main] INFO  org.springframework.web.servlet.handler.SimpleUrlHandlerMapping - Mapped URL path [/**] onto handler of type [class org.springframework.web.servlet.resource.ResourceHttpRequestHandler]
2017-01-24 10:01:00 [main] INFO  org.springframework.web.servlet.handler.SimpleUrlHandlerMapping - Mapped URL path [/**/favicon.ico] onto handler of type [class org.springframework.web.servlet.resource.ResourceHttpRequestHandler]
2017-01-24 10:01:00 [main] WARN  org.springframework.boot.autoconfigure.thymeleaf.AbstractTemplateResolverConfiguration - Cannot find template location: classpath:/templates/ (please add some templates or check your Thymeleaf configuration)
2017-01-24 10:01:01 [main] INFO  org.springframework.boot.autoconfigure.web.WebMvcAutoConfiguration$WelcomePageHandlerMapping - Adding welcome page: class path resource [public/index.html]
2017-01-24 10:01:02 [main] INFO  org.springframework.jmx.export.annotation.AnnotationMBeanExporter - Registering beans for JMX exposure on startup
2017-01-24 10:01:02 [main] INFO  org.apache.coyote.http11.Http11NioProtocol - Initializing ProtocolHandler ["http-nio-80"]
2017-01-24 10:01:02 [main] INFO  org.apache.coyote.http11.Http11NioProtocol - Starting ProtocolHandler [http-nio-80]
2017-01-24 10:01:02 [main] INFO  org.apache.tomcat.util.net.NioSelectorPool - Using a shared selector for servlet write/read
2017-01-24 10:01:02 [main] INFO  org.springframework.boot.context.embedded.tomcat.TomcatEmbeddedServletContainer - Tomcat started on port(s): 80 (http)
2017-01-24 10:01:02 [main] INFO  net.codog.ProjectApplication - Started ProjectApplication in 7.662 seconds (JVM running for 8.489)
2017-01-24 10:01:06 [http-nio-80-exec-1] INFO  org.apache.catalina.core.ContainerBase.[Tomcat].[localhost].[/] - Initializing Spring FrameworkServlet 'dispatcherServlet'
2017-01-24 10:01:06 [http-nio-80-exec-1] INFO  org.springframework.web.servlet.DispatcherServlet - FrameworkServlet 'dispatcherServlet': initialization started
2017-01-24 10:01:06 [http-nio-80-exec-1] INFO  org.springframework.web.servlet.DispatcherServlet - FrameworkServlet 'dispatcherServlet': initialization completed in 30 ms
2017-01-24 10:01:06 [http-nio-80-exec-3] INFO  net.codog.service.SearchCategoryService - SearchCategoryService
2017-01-24 10:01:06 [http-nio-80-exec-2] INFO  net.codog.service.NewsService - start is null,end is null
2017-01-24 10:01:06 [http-nio-80-exec-2] INFO  net.codog.dao.selectsql.SelectSqlProvider - sql is select * from news where 1
2017-01-24 10:01:06 [http-nio-80-exec-5] INFO  net.codog.service.RecommandService - recommandService
2017-01-24 10:01:06 [http-nio-80-exec-4] INFO  net.codog.service.AdvertiseService - AdvertiseService
2017-01-24 10:01:07 [http-nio-80-exec-3] INFO  net.codog.web.SearchCategoryController - 获取的全部搜索类型是[SearchCategory(search_category_id=0, search_category_name=博客), SearchCategory(search_category_id=1, search_category_name=娱乐视频)]
2017-01-24 10:01:07 [http-nio-80-exec-5] INFO  net.codog.web.RecommandController - 全部数据是[Recommand(recommand_link=www.baidu.com, recommand_picture=001), Recommand(recommand_link=www.baidu.com2, recommand_picture=002), Recommand(recommand_link=www.baidu.com3, recommand_picture=003)]
2017-01-24 10:01:07 [http-nio-80-exec-2] INFO  net.codog.web.NewsController - 获取的全部新闻是[News(news_id=1, news_title=news1, news_content=this is news, news_publish_time=Sat Nov 26 00:00:00 CST 2016, news_modify_time=Sat Nov 26 00:00:00 CST 2016, news_url=www.baidu.com, news_type=null), News(news_id=2, news_title=news2, news_content=this is news2, news_publish_time=Sat Nov 26 00:00:00 CST 2016, news_modify_time=Sat Nov 26 00:00:00 CST 2016, news_url=www.baidu.com, news_type=null)]
2017-01-24 10:01:07 [http-nio-80-exec-4] INFO  net.codog.web.AdvertiseController - 全部数据是[Advertise(advertise_link=blog.csdn.net, advertise_picture=images/inc/1.gif), Advertise(advertise_link=www.baidu.com, advertise_picture=images/inc/1.gif)]
2017-01-24 10:01:15 [http-nio-80-exec-1] INFO  net.codog.web.BlogController - start:0,end:2,isSchool:2,blogCategoryId:10
2017-01-24 10:01:15 [http-nio-80-exec-1] INFO  net.codog.dao.selectsql.SelectSqlProvider - sql is select blog.*,blog_type.blog_type_name from blog left join blog_type on blog.blog_type_id = blog_type.blog_type_id left join blog_category on blog.blog_category_id = blog_category.blog_category_id where blog_category.blog_category_isSchool=2 and blog_category.blog_category_id = 10 limit 0,2
2017-01-24 10:01:15 [http-nio-80-exec-9] INFO  net.codog.service.BlogCategoryService - isSchool:2
2017-01-24 10:06:59 [http-nio-80-exec-1] INFO  net.codog.service.NewsService - start is null,end is null
2017-01-24 10:06:59 [http-nio-80-exec-1] INFO  net.codog.dao.selectsql.SelectSqlProvider - sql is select * from news where 1
2017-01-24 10:06:59 [http-nio-80-exec-1] INFO  net.codog.web.NewsController - 获取的全部新闻是[News(news_id=1, news_title=news1, news_content=this is news, news_publish_time=Sat Nov 26 00:00:00 CST 2016, news_modify_time=Sat Nov 26 00:00:00 CST 2016, news_url=www.baidu.com, news_type=null), News(news_id=2, news_title=news2, news_content=this is news2, news_publish_time=Sat Nov 26 00:00:00 CST 2016, news_modify_time=Sat Nov 26 00:00:00 CST 2016, news_url=www.baidu.com, news_type=null)]
2017-01-24 10:06:59 [http-nio-80-exec-9] INFO  net.codog.service.SearchCategoryService - SearchCategoryService
2017-01-24 10:06:59 [http-nio-80-exec-9] INFO  net.codog.web.SearchCategoryController - 获取的全部搜索类型是[SearchCategory(search_category_id=0, search_category_name=博客), SearchCategory(search_category_id=1, search_category_name=娱乐视频)]
2017-01-24 10:06:59 [http-nio-80-exec-10] INFO  net.codog.service.AdvertiseService - AdvertiseService
2017-01-24 10:06:59 [http-nio-80-exec-4] INFO  net.codog.service.RecommandService - recommandService
2017-01-24 10:06:59 [http-nio-80-exec-10] INFO  net.codog.web.AdvertiseController - 全部数据是[Advertise(advertise_link=blog.csdn.net, advertise_picture=images/inc/1.gif), Advertise(advertise_link=www.baidu.com, advertise_picture=images/inc/1.gif)]
2017-01-24 10:06:59 [http-nio-80-exec-4] INFO  net.codog.web.RecommandController - 全部数据是[Recommand(recommand_link=www.baidu.com, recommand_picture=001), Recommand(recommand_link=www.baidu.com2, recommand_picture=002), Recommand(recommand_link=www.baidu.com3, recommand_picture=003)]
2017-01-24 10:07:02 [http-nio-80-exec-7] INFO  net.codog.web.BlogController - start:0,end:2,isSchool:2,blogCategoryId:10
2017-01-24 10:07:02 [http-nio-80-exec-2] INFO  net.codog.service.BlogCategoryService - isSchool:2
2017-01-24 10:07:02 [http-nio-80-exec-7] INFO  net.codog.dao.selectsql.SelectSqlProvider - sql is select blog.*,blog_type.blog_type_name from blog left join blog_type on blog.blog_type_id = blog_type.blog_type_id left join blog_category on blog.blog_category_id = blog_category.blog_category_id where blog_category.blog_category_isSchool=2 and blog_category.blog_category_id = 10 limit 0,2
2017-01-24 10:09:34 [background-preinit] INFO  org.hibernate.validator.internal.util.Version - HV000001: Hibernate Validator 5.2.4.Final
2017-01-24 10:09:35 [main] INFO  net.codog.ProjectApplication - Starting ProjectApplication on wenhanwang with PID 7068 (started by CreditEase in E:\我的项目\GitHub\personal-blog-webiste\project)
2017-01-24 10:09:35 [main] INFO  net.codog.ProjectApplication - The following profiles are active: prod
2017-01-24 10:09:35 [main] INFO  org.springframework.boot.context.embedded.AnnotationConfigEmbeddedWebApplicationContext - Refreshing org.springframework.boot.context.embedded.AnnotationConfigEmbeddedWebApplicationContext@4d0f2471: startup date [Tue Jan 24 10:09:35 CST 2017]; root of context hierarchy
2017-01-24 10:09:36 [main] INFO  org.springframework.context.support.PostProcessorRegistrationDelegate$BeanPostProcessorChecker - Bean 'org.springframework.cache.annotation.ProxyCachingConfiguration' of type [class org.springframework.cache.annotation.ProxyCachingConfiguration$$EnhancerBySpringCGLIB$$e8edcfe2] is not eligible for getting processed by all BeanPostProcessors (for example: not eligible for auto-proxying)
2017-01-24 10:09:36 [main] INFO  org.springframework.context.support.PostProcessorRegistrationDelegate$BeanPostProcessorChecker - Bean 'org.springframework.transaction.annotation.ProxyTransactionManagementConfiguration' of type [class org.springframework.transaction.annotation.ProxyTransactionManagementConfiguration$$EnhancerBySpringCGLIB$$9fdb99c4] is not eligible for getting processed by all BeanPostProcessors (for example: not eligible for auto-proxying)
2017-01-24 10:09:36 [main] INFO  org.springframework.context.support.PostProcessorRegistrationDelegate$BeanPostProcessorChecker - Bean 'org.springframework.boot.autoconfigure.cache.CacheAutoConfiguration' of type [class org.springframework.boot.autoconfigure.cache.CacheAutoConfiguration$$EnhancerBySpringCGLIB$$dd619486] is not eligible for getting processed by all BeanPostProcessors (for example: not eligible for auto-proxying)
2017-01-24 10:09:37 [main] INFO  org.springframework.context.support.PostProcessorRegistrationDelegate$BeanPostProcessorChecker - Bean 'spring.cache-org.springframework.boot.autoconfigure.cache.CacheProperties' of type [class org.springframework.boot.autoconfigure.cache.CacheProperties] is not eligible for getting processed by all BeanPostProcessors (for example: not eligible for auto-proxying)
2017-01-24 10:09:37 [main] INFO  org.springframework.context.support.PostProcessorRegistrationDelegate$BeanPostProcessorChecker - Bean 'org.springframework.boot.autoconfigure.cache.CacheManagerCustomizers' of type [class org.springframework.boot.autoconfigure.cache.CacheManagerCustomizers] is not eligible for getting processed by all BeanPostProcessors (for example: not eligible for auto-proxying)
2017-01-24 10:09:37 [main] INFO  org.springframework.context.support.PostProcessorRegistrationDelegate$BeanPostProcessorChecker - Bean 'org.springframework.boot.autoconfigure.cache.SimpleCacheConfiguration' of type [class org.springframework.boot.autoconfigure.cache.SimpleCacheConfiguration$$EnhancerBySpringCGLIB$$7efd0767] is not eligible for getting processed by all BeanPostProcessors (for example: not eligible for auto-proxying)
2017-01-24 10:09:37 [main] INFO  org.springframework.context.support.PostProcessorRegistrationDelegate$BeanPostProcessorChecker - Bean 'cacheManager' of type [class org.springframework.cache.concurrent.ConcurrentMapCacheManager] is not eligible for getting processed by all BeanPostProcessors (for example: not eligible for auto-proxying)
2017-01-24 10:09:37 [main] INFO  org.springframework.context.support.PostProcessorRegistrationDelegate$BeanPostProcessorChecker - Bean 'cacheAutoConfigurationValidator' of type [class org.springframework.boot.autoconfigure.cache.CacheAutoConfiguration$CacheManagerValidator] is not eligible for getting processed by all BeanPostProcessors (for example: not eligible for auto-proxying)
2017-01-24 10:09:37 [main] INFO  org.springframework.boot.context.embedded.tomcat.TomcatEmbeddedServletContainer - Tomcat initialized with port(s): 80 (http)
2017-01-24 10:09:37 [main] INFO  org.apache.catalina.core.StandardService - Starting service Tomcat
2017-01-24 10:09:37 [main] INFO  org.apache.catalina.core.StandardEngine - Starting Servlet Engine: Apache Tomcat/8.5.5
2017-01-24 10:09:37 [localhost-startStop-1] INFO  org.apache.catalina.core.ContainerBase.[Tomcat].[localhost].[/] - Initializing Spring embedded WebApplicationContext
2017-01-24 10:09:37 [localhost-startStop-1] INFO  org.springframework.web.context.ContextLoader - Root WebApplicationContext: initialization completed in 2289 ms
2017-01-24 10:09:38 [localhost-startStop-1] INFO  org.springframework.boot.web.servlet.ServletRegistrationBean - Mapping servlet: 'dispatcherServlet' to [/]
2017-01-24 10:09:38 [localhost-startStop-1] INFO  org.springframework.boot.web.servlet.FilterRegistrationBean - Mapping filter: 'characterEncodingFilter' to: [/*]
2017-01-24 10:09:38 [localhost-startStop-1] INFO  org.springframework.boot.web.servlet.FilterRegistrationBean - Mapping filter: 'hiddenHttpMethodFilter' to: [/*]
2017-01-24 10:09:38 [localhost-startStop-1] INFO  org.springframework.boot.web.servlet.FilterRegistrationBean - Mapping filter: 'httpPutFormContentFilter' to: [/*]
2017-01-24 10:09:38 [localhost-startStop-1] INFO  org.springframework.boot.web.servlet.FilterRegistrationBean - Mapping filter: 'requestContextFilter' to: [/*]
2017-01-24 10:09:38 [main] INFO  org.springframework.web.servlet.mvc.method.annotation.RequestMappingHandlerAdapter - Looking for @ControllerAdvice: org.springframework.boot.context.embedded.AnnotationConfigEmbeddedWebApplicationContext@4d0f2471: startup date [Tue Jan 24 10:09:35 CST 2017]; root of context hierarchy
2017-01-24 10:09:39 [main] INFO  org.springframework.web.servlet.mvc.method.annotation.RequestMappingHandlerMapping - Mapped "{[/advertise/getadvertises],methods=[POST]}" onto public java.util.List<net.codog.domain.Advertise> net.codog.web.AdvertiseController.getAdvertise()
2017-01-24 10:09:39 [main] INFO  org.springframework.web.servlet.mvc.method.annotation.RequestMappingHandlerMapping - Mapped "{[/blog/getblogcategories],methods=[POST]}" onto public java.util.List<net.codog.domain.BlogCategory> net.codog.web.BlogController.getBlogCategories(java.lang.Integer)
2017-01-24 10:09:39 [main] INFO  org.springframework.web.servlet.mvc.method.annotation.RequestMappingHandlerMapping - Mapped "{[/blog/getblogcount],methods=[POST]}" onto public java.lang.Integer net.codog.web.BlogController.getBlogCount(java.lang.Integer)
2017-01-24 10:09:39 [main] INFO  org.springframework.web.servlet.mvc.method.annotation.RequestMappingHandlerMapping - Mapped "{[/blog/getblogs],methods=[POST]}" onto public java.util.List<net.codog.domain.Blog> net.codog.web.BlogController.getBlogs(java.lang.Integer,java.lang.Integer,java.lang.Integer,java.lang.Integer)
2017-01-24 10:09:39 [main] INFO  org.springframework.web.servlet.mvc.method.annotation.RequestMappingHandlerMapping - Mapped "{[/gamevideo/getgamevideoscount],methods=[POST]}" onto public java.lang.Integer net.codog.web.GameVideoController.getGameVideosCount(java.lang.Integer)
2017-01-24 10:09:39 [main] INFO  org.springframework.web.servlet.mvc.method.annotation.RequestMappingHandlerMapping - Mapped "{[/gamevideo/getgamevideos],methods=[POST]}" onto public java.util.List<net.codog.domain.GameVideo> net.codog.web.GameVideoController.getGameVideos(java.lang.Integer,java.lang.Integer,java.lang.Integer)
2017-01-24 10:09:39 [main] INFO  org.springframework.web.servlet.mvc.method.annotation.RequestMappingHandlerMapping - Mapped "{[/guestbook/test],methods=[GET]}" onto public net.codog.vo.ResponseVO<java.util.List<net.codog.domain.Guestbook>> net.codog.web.GuestbookController.test()
2017-01-24 10:09:39 [main] INFO  org.springframework.web.servlet.mvc.method.annotation.RequestMappingHandlerMapping - Mapped "{[/message/test],methods=[GET]}" onto public net.codog.vo.ResponseVO<java.util.List<net.codog.domain.Message>> net.codog.web.MessageController.test()
2017-01-24 10:09:39 [main] INFO  org.springframework.web.servlet.mvc.method.annotation.RequestMappingHandlerMapping - Mapped "{[/news/test],methods=[GET]}" onto public net.codog.vo.ResponseVO<java.util.List<net.codog.domain.News>> net.codog.web.NewsController.test()
2017-01-24 10:09:39 [main] INFO  org.springframework.web.servlet.mvc.method.annotation.RequestMappingHandlerMapping - Mapped "{[/news/getnewscount],methods=[POST]}" onto public int net.codog.web.NewsController.getNewsCount()
2017-01-24 10:09:39 [main] INFO  org.springframework.web.servlet.mvc.method.annotation.RequestMappingHandlerMapping - Mapped "{[/news/getnewslist],methods=[POST]}" onto public java.util.List<net.codog.domain.News> net.codog.web.NewsController.getNewsList()
2017-01-24 10:09:39 [main] INFO  org.springframework.web.servlet.mvc.method.annotation.RequestMappingHandlerMapping - Mapped "{[/recommand/getrecommands],methods=[POST]}" onto public java.util.List<net.codog.domain.Recommand> net.codog.web.RecommandController.getRecommands()
2017-01-24 10:09:39 [main] INFO  org.springframework.web.servlet.mvc.method.annotation.RequestMappingHandlerMapping - Mapped "{[/searchcategory/getsearchcategories],methods=[POST]}" onto public java.util.List<net.codog.domain.SearchCategory> net.codog.web.SearchCategoryController.getSearchCategories()
2017-01-24 10:09:39 [main] INFO  org.springframework.web.servlet.mvc.method.annotation.RequestMappingHandlerMapping - Mapped "{[/user/register],methods=[POST]}" onto public net.codog.vo.ResponseVO<java.lang.String> net.codog.web.UserController.register(javax.servlet.http.HttpServletRequest,java.lang.String,java.lang.String)
2017-01-24 10:09:39 [main] INFO  org.springframework.web.servlet.mvc.method.annotation.RequestMappingHandlerMapping - Mapped "{[/user/test],methods=[GET]}" onto public net.codog.vo.ResponseVO<net.codog.view.UserShowDetail> net.codog.web.UserController.test()
2017-01-24 10:09:39 [main] INFO  org.springframework.web.servlet.mvc.method.annotation.RequestMappingHandlerMapping - Mapped "{[/userfile/test],methods=[GET]}" onto public net.codog.vo.ResponseVO<java.util.List<net.codog.domain.UserfulFile>> net.codog.web.UserfulFileController.test()
2017-01-24 10:09:39 [main] INFO  org.springframework.web.servlet.mvc.method.annotation.RequestMappingHandlerMapping - Mapped "{[/userurl/test],methods=[GET]}" onto public net.codog.vo.ResponseVO<java.util.List<net.codog.domain.UserfulUrl>> net.codog.web.UserfulUrlController.test()
2017-01-24 10:09:39 [main] INFO  org.springframework.web.servlet.mvc.method.annotation.RequestMappingHandlerMapping - Mapped "{[/error]}" onto public org.springframework.http.ResponseEntity<java.util.Map<java.lang.String, java.lang.Object>> org.springframework.boot.autoconfigure.web.BasicErrorController.error(javax.servlet.http.HttpServletRequest)
2017-01-24 10:09:39 [main] INFO  org.springframework.web.servlet.mvc.method.annotation.RequestMappingHandlerMapping - Mapped "{[/error],produces=[text/html]}" onto public org.springframework.web.servlet.ModelAndView org.springframework.boot.autoconfigure.web.BasicErrorController.errorHtml(javax.servlet.http.HttpServletRequest,javax.servlet.http.HttpServletResponse)
2017-01-24 10:09:39 [main] INFO  org.springframework.web.servlet.handler.SimpleUrlHandlerMapping - Mapped URL path [/webjars/**] onto handler of type [class org.springframework.web.servlet.resource.ResourceHttpRequestHandler]
2017-01-24 10:09:39 [main] INFO  org.springframework.web.servlet.handler.SimpleUrlHandlerMapping - Mapped URL path [/**] onto handler of type [class org.springframework.web.servlet.resource.ResourceHttpRequestHandler]
2017-01-24 10:09:39 [main] INFO  org.springframework.web.servlet.handler.SimpleUrlHandlerMapping - Mapped URL path [/**/favicon.ico] onto handler of type [class org.springframework.web.servlet.resource.ResourceHttpRequestHandler]
2017-01-24 10:09:39 [main] WARN  org.springframework.boot.autoconfigure.thymeleaf.AbstractTemplateResolverConfiguration - Cannot find template location: classpath:/templates/ (please add some templates or check your Thymeleaf configuration)
2017-01-24 10:09:39 [main] INFO  org.springframework.boot.autoconfigure.web.WebMvcAutoConfiguration$WelcomePageHandlerMapping - Adding welcome page: class path resource [public/index.html]
2017-01-24 10:09:40 [main] INFO  org.springframework.jmx.export.annotation.AnnotationMBeanExporter - Registering beans for JMX exposure on startup
2017-01-24 10:09:40 [main] INFO  org.apache.coyote.http11.Http11NioProtocol - Initializing ProtocolHandler ["http-nio-80"]
2017-01-24 10:09:40 [main] INFO  org.apache.coyote.http11.Http11NioProtocol - Starting ProtocolHandler [http-nio-80]
2017-01-24 10:09:40 [main] INFO  org.apache.tomcat.util.net.NioSelectorPool - Using a shared selector for servlet write/read
2017-01-24 10:09:40 [main] INFO  org.springframework.boot.context.embedded.tomcat.TomcatEmbeddedServletContainer - Tomcat started on port(s): 80 (http)
2017-01-24 10:09:40 [main] INFO  net.codog.ProjectApplication - Started ProjectApplication in 6.289 seconds (JVM running for 8.206)
2017-01-24 10:09:52 [http-nio-80-exec-1] INFO  org.apache.catalina.core.ContainerBase.[Tomcat].[localhost].[/] - Initializing Spring FrameworkServlet 'dispatcherServlet'
2017-01-24 10:09:52 [http-nio-80-exec-1] INFO  org.springframework.web.servlet.DispatcherServlet - FrameworkServlet 'dispatcherServlet': initialization started
2017-01-24 10:09:52 [http-nio-80-exec-1] INFO  org.springframework.web.servlet.DispatcherServlet - FrameworkServlet 'dispatcherServlet': initialization completed in 27 ms
2017-01-24 10:09:52 [http-nio-80-exec-2] INFO  net.codog.service.NewsService - start is null,end is null
2017-01-24 10:09:52 [http-nio-80-exec-3] INFO  net.codog.service.SearchCategoryService - SearchCategoryService
2017-01-24 10:09:52 [http-nio-80-exec-2] INFO  net.codog.dao.selectsql.SelectSqlProvider - sql is select * from news where 1
2017-01-24 10:09:52 [http-nio-80-exec-4] INFO  net.codog.service.AdvertiseService - AdvertiseService
2017-01-24 10:09:52 [http-nio-80-exec-5] INFO  net.codog.service.RecommandService - recommandService
2017-01-24 10:09:52 [http-nio-80-exec-4] INFO  net.codog.web.AdvertiseController - 全部数据是[Advertise(advertise_link=blog.csdn.net, advertise_picture=images/inc/1.gif), Advertise(advertise_link=www.baidu.com, advertise_picture=images/inc/1.gif)]
2017-01-24 10:09:52 [http-nio-80-exec-2] INFO  net.codog.web.NewsController - 获取的全部新闻是[News(news_id=1, news_title=news1, news_content=this is news, news_publish_time=Sat Nov 26 00:00:00 CST 2016, news_modify_time=Sat Nov 26 00:00:00 CST 2016, news_url=www.baidu.com, news_type=null), News(news_id=2, news_title=news2, news_content=this is news2, news_publish_time=Sat Nov 26 00:00:00 CST 2016, news_modify_time=Sat Nov 26 00:00:00 CST 2016, news_url=www.baidu.com, news_type=null)]
2017-01-24 10:09:52 [http-nio-80-exec-5] INFO  net.codog.web.RecommandController - 全部数据是[Recommand(recommand_link=www.baidu.com, recommand_picture=001), Recommand(recommand_link=www.baidu.com2, recommand_picture=002), Recommand(recommand_link=www.baidu.com3, recommand_picture=003)]
2017-01-24 10:09:52 [http-nio-80-exec-3] INFO  net.codog.web.SearchCategoryController - 获取的全部搜索类型是[SearchCategory(search_category_id=0, search_category_name=博客), SearchCategory(search_category_id=1, search_category_name=娱乐视频)]
2017-01-24 10:09:55 [http-nio-80-exec-9] INFO  net.codog.service.BlogCategoryService - isSchool:2
2017-01-24 10:09:55 [http-nio-80-exec-1] INFO  net.codog.web.BlogController - start:0,end:2,isSchool:2,blogCategoryId:10
2017-01-24 10:09:55 [http-nio-80-exec-1] INFO  net.codog.dao.selectsql.SelectSqlProvider - sql is select blog.*,blog_type.blog_type_name from blog left join blog_type on blog.blog_type_id = blog_type.blog_type_id left join blog_category on blog.blog_category_id = blog_category.blog_category_id where blog_category.blog_category_isSchool=2 and blog_category.blog_category_id = 10 limit 0,2
