2017-01-27 14:12:17 [main] INFO  net.codog.ProjectApplication - Starting ProjectApplication on wenhanwang with PID 1832 (started by CreditEase in E:\我的项目\GitHub\personal-blog-webiste\project)
2017-01-27 14:12:17 [main] INFO  net.codog.ProjectApplication - The following profiles are active: prod
2017-01-27 14:12:17 [main] INFO  org.springframework.boot.context.embedded.AnnotationConfigEmbeddedWebApplicationContext - Refreshing org.springframework.boot.context.embedded.AnnotationConfigEmbeddedWebApplicationContext@4d0f2471: startup date [Fri Jan 27 14:12:17 CST 2017]; root of context hierarchy
2017-01-27 14:12:19 [background-preinit] INFO  org.hibernate.validator.internal.util.Version - HV000001: Hibernate Validator 5.2.4.Final
2017-01-27 14:12:19 [main] INFO  org.springframework.context.support.PostProcessorRegistrationDelegate$BeanPostProcessorChecker - Bean 'org.springframework.cache.annotation.ProxyCachingConfiguration' of type [class org.springframework.cache.annotation.ProxyCachingConfiguration$$EnhancerBySpringCGLIB$$dbda0ce5] is not eligible for getting processed by all BeanPostProcessors (for example: not eligible for auto-proxying)
2017-01-27 14:12:19 [main] INFO  org.springframework.context.support.PostProcessorRegistrationDelegate$BeanPostProcessorChecker - Bean 'org.springframework.transaction.annotation.ProxyTransactionManagementConfiguration' of type [class org.springframework.transaction.annotation.ProxyTransactionManagementConfiguration$$EnhancerBySpringCGLIB$$92c7d6c7] is not eligible for getting processed by all BeanPostProcessors (for example: not eligible for auto-proxying)
2017-01-27 14:12:19 [main] INFO  org.springframework.context.support.PostProcessorRegistrationDelegate$BeanPostProcessorChecker - Bean 'org.springframework.boot.autoconfigure.cache.CacheAutoConfiguration' of type [class org.springframework.boot.autoconfigure.cache.CacheAutoConfiguration$$EnhancerBySpringCGLIB$$d04dd189] is not eligible for getting processed by all BeanPostProcessors (for example: not eligible for auto-proxying)
2017-01-27 14:12:19 [main] INFO  org.springframework.context.support.PostProcessorRegistrationDelegate$BeanPostProcessorChecker - Bean 'spring.cache-org.springframework.boot.autoconfigure.cache.CacheProperties' of type [class org.springframework.boot.autoconfigure.cache.CacheProperties] is not eligible for getting processed by all BeanPostProcessors (for example: not eligible for auto-proxying)
2017-01-27 14:12:19 [main] INFO  org.springframework.context.support.PostProcessorRegistrationDelegate$BeanPostProcessorChecker - Bean 'org.springframework.boot.autoconfigure.cache.CacheManagerCustomizers' of type [class org.springframework.boot.autoconfigure.cache.CacheManagerCustomizers] is not eligible for getting processed by all BeanPostProcessors (for example: not eligible for auto-proxying)
2017-01-27 14:12:19 [main] INFO  org.springframework.context.support.PostProcessorRegistrationDelegate$BeanPostProcessorChecker - Bean 'org.springframework.boot.autoconfigure.cache.SimpleCacheConfiguration' of type [class org.springframework.boot.autoconfigure.cache.SimpleCacheConfiguration$$EnhancerBySpringCGLIB$$71e9446a] is not eligible for getting processed by all BeanPostProcessors (for example: not eligible for auto-proxying)
2017-01-27 14:12:20 [main] INFO  org.springframework.context.support.PostProcessorRegistrationDelegate$BeanPostProcessorChecker - Bean 'cacheManager' of type [class org.springframework.cache.concurrent.ConcurrentMapCacheManager] is not eligible for getting processed by all BeanPostProcessors (for example: not eligible for auto-proxying)
2017-01-27 14:12:20 [main] INFO  org.springframework.context.support.PostProcessorRegistrationDelegate$BeanPostProcessorChecker - Bean 'cacheAutoConfigurationValidator' of type [class org.springframework.boot.autoconfigure.cache.CacheAutoConfiguration$CacheManagerValidator] is not eligible for getting processed by all BeanPostProcessors (for example: not eligible for auto-proxying)
2017-01-27 14:12:20 [main] INFO  org.springframework.boot.context.embedded.tomcat.TomcatEmbeddedServletContainer - Tomcat initialized with port(s): 80 (http)
2017-01-27 14:12:20 [main] INFO  org.apache.catalina.core.StandardService - Starting service Tomcat
2017-01-27 14:12:20 [main] INFO  org.apache.catalina.core.StandardEngine - Starting Servlet Engine: Apache Tomcat/8.5.5
2017-01-27 14:12:21 [localhost-startStop-1] INFO  org.apache.catalina.core.ContainerBase.[Tomcat].[localhost].[/] - Initializing Spring embedded WebApplicationContext
2017-01-27 14:12:21 [localhost-startStop-1] INFO  org.springframework.web.context.ContextLoader - Root WebApplicationContext: initialization completed in 3326 ms
2017-01-27 14:12:21 [localhost-startStop-1] INFO  org.springframework.boot.web.servlet.ServletRegistrationBean - Mapping servlet: 'dispatcherServlet' to [/]
2017-01-27 14:12:21 [localhost-startStop-1] INFO  org.springframework.boot.web.servlet.FilterRegistrationBean - Mapping filter: 'characterEncodingFilter' to: [/*]
2017-01-27 14:12:21 [localhost-startStop-1] INFO  org.springframework.boot.web.servlet.FilterRegistrationBean - Mapping filter: 'hiddenHttpMethodFilter' to: [/*]
2017-01-27 14:12:21 [localhost-startStop-1] INFO  org.springframework.boot.web.servlet.FilterRegistrationBean - Mapping filter: 'httpPutFormContentFilter' to: [/*]
2017-01-27 14:12:21 [localhost-startStop-1] INFO  org.springframework.boot.web.servlet.FilterRegistrationBean - Mapping filter: 'requestContextFilter' to: [/*]
2017-01-27 14:12:22 [main] INFO  org.springframework.web.servlet.mvc.method.annotation.RequestMappingHandlerAdapter - Looking for @ControllerAdvice: org.springframework.boot.context.embedded.AnnotationConfigEmbeddedWebApplicationContext@4d0f2471: startup date [Fri Jan 27 14:12:17 CST 2017]; root of context hierarchy
2017-01-27 14:12:22 [main] INFO  org.springframework.web.servlet.mvc.method.annotation.RequestMappingHandlerMapping - Mapped "{[/advertise/getadvertises],methods=[POST]}" onto public java.util.List<net.codog.domain.Advertise> net.codog.web.AdvertiseController.getAdvertise()
2017-01-27 14:12:22 [main] INFO  org.springframework.web.servlet.mvc.method.annotation.RequestMappingHandlerMapping - Mapped "{[/blog/getblogcount],methods=[POST]}" onto public java.lang.Integer net.codog.web.BlogController.getBlogCount(java.lang.Integer)
2017-01-27 14:12:22 [main] INFO  org.springframework.web.servlet.mvc.method.annotation.RequestMappingHandlerMapping - Mapped "{[/blog/getblogs],methods=[POST]}" onto public java.util.List<net.codog.domain.Blog> net.codog.web.BlogController.getBlogs(java.lang.Integer,java.lang.Integer,java.lang.Integer,java.lang.Integer)
2017-01-27 14:12:22 [main] INFO  org.springframework.web.servlet.mvc.method.annotation.RequestMappingHandlerMapping - Mapped "{[/blog/getblogcategories],methods=[POST]}" onto public java.util.List<net.codog.domain.BlogCategory> net.codog.web.BlogController.getBlogCategories(java.lang.Integer)
2017-01-27 14:12:22 [main] INFO  org.springframework.web.servlet.mvc.method.annotation.RequestMappingHandlerMapping - Mapped "{[/email/sendmail],methods=[POST]}" onto public net.codog.vo.ResponseVO<java.lang.String> net.codog.web.EmailController.sendMail(java.lang.String,java.lang.String)
2017-01-27 14:12:22 [main] INFO  org.springframework.web.servlet.mvc.method.annotation.RequestMappingHandlerMapping - Mapped "{[/gamevideo/getgamevideos],methods=[POST]}" onto public java.util.List<net.codog.domain.GameVideo> net.codog.web.GameVideoController.getGameVideos(java.lang.Integer,java.lang.Integer,java.lang.Integer)
2017-01-27 14:12:22 [main] INFO  org.springframework.web.servlet.mvc.method.annotation.RequestMappingHandlerMapping - Mapped "{[/gamevideo/getgamevideoscount],methods=[POST]}" onto public java.lang.Integer net.codog.web.GameVideoController.getGameVideosCount(java.lang.Integer)
2017-01-27 14:12:22 [main] INFO  org.springframework.web.servlet.mvc.method.annotation.RequestMappingHandlerMapping - Mapped "{[/guestbook/test],methods=[GET]}" onto public net.codog.vo.ResponseVO<java.util.List<net.codog.domain.Guestbook>> net.codog.web.GuestbookController.test()
2017-01-27 14:12:22 [main] INFO  org.springframework.web.servlet.mvc.method.annotation.RequestMappingHandlerMapping - Mapped "{[/message/test],methods=[GET]}" onto public net.codog.vo.ResponseVO<java.util.List<net.codog.domain.Message>> net.codog.web.MessageController.test()
2017-01-27 14:12:22 [main] INFO  org.springframework.web.servlet.mvc.method.annotation.RequestMappingHandlerMapping - Mapped "{[/news/test],methods=[GET]}" onto public net.codog.vo.ResponseVO<java.util.List<net.codog.domain.News>> net.codog.web.NewsController.test()
2017-01-27 14:12:22 [main] INFO  org.springframework.web.servlet.mvc.method.annotation.RequestMappingHandlerMapping - Mapped "{[/news/getnewscount],methods=[POST]}" onto public int net.codog.web.NewsController.getNewsCount()
2017-01-27 14:12:22 [main] INFO  org.springframework.web.servlet.mvc.method.annotation.RequestMappingHandlerMapping - Mapped "{[/news/getnewslist],methods=[POST]}" onto public java.util.List<net.codog.domain.News> net.codog.web.NewsController.getNewsList()
2017-01-27 14:12:22 [main] INFO  org.springframework.web.servlet.mvc.method.annotation.RequestMappingHandlerMapping - Mapped "{[/recommand/getrecommands],methods=[POST]}" onto public java.util.List<net.codog.domain.Recommand> net.codog.web.RecommandController.getRecommands()
2017-01-27 14:12:22 [main] INFO  org.springframework.web.servlet.mvc.method.annotation.RequestMappingHandlerMapping - Mapped "{[/searchcategory/getsearchcategories],methods=[POST]}" onto public java.util.List<net.codog.domain.SearchCategory> net.codog.web.SearchCategoryController.getSearchCategories()
2017-01-27 14:12:22 [main] INFO  org.springframework.web.servlet.mvc.method.annotation.RequestMappingHandlerMapping - Mapped "{[/user/register],methods=[POST]}" onto public net.codog.vo.ResponseVO<java.lang.String> net.codog.web.UserController.register(javax.servlet.http.HttpServletRequest,java.lang.String,java.lang.String)
2017-01-27 14:12:22 [main] INFO  org.springframework.web.servlet.mvc.method.annotation.RequestMappingHandlerMapping - Mapped "{[/user/test],methods=[GET]}" onto public net.codog.vo.ResponseVO<net.codog.view.UserShowDetail> net.codog.web.UserController.test()
2017-01-27 14:12:22 [main] INFO  org.springframework.web.servlet.mvc.method.annotation.RequestMappingHandlerMapping - Mapped "{[/userfile/test],methods=[GET]}" onto public net.codog.vo.ResponseVO<java.util.List<net.codog.domain.UserfulFile>> net.codog.web.UserfulFileController.test()
2017-01-27 14:12:22 [main] INFO  org.springframework.web.servlet.mvc.method.annotation.RequestMappingHandlerMapping - Mapped "{[/userurl/test],methods=[GET]}" onto public net.codog.vo.ResponseVO<java.util.List<net.codog.domain.UserfulUrl>> net.codog.web.UserfulUrlController.test()
2017-01-27 14:12:22 [main] INFO  org.springframework.web.servlet.mvc.method.annotation.RequestMappingHandlerMapping - Mapped "{[/error]}" onto public org.springframework.http.ResponseEntity<java.util.Map<java.lang.String, java.lang.Object>> org.springframework.boot.autoconfigure.web.BasicErrorController.error(javax.servlet.http.HttpServletRequest)
2017-01-27 14:12:22 [main] INFO  org.springframework.web.servlet.mvc.method.annotation.RequestMappingHandlerMapping - Mapped "{[/error],produces=[text/html]}" onto public org.springframework.web.servlet.ModelAndView org.springframework.boot.autoconfigure.web.BasicErrorController.errorHtml(javax.servlet.http.HttpServletRequest,javax.servlet.http.HttpServletResponse)
2017-01-27 14:12:22 [main] INFO  org.springframework.web.servlet.handler.SimpleUrlHandlerMapping - Mapped URL path [/webjars/**] onto handler of type [class org.springframework.web.servlet.resource.ResourceHttpRequestHandler]
2017-01-27 14:12:22 [main] INFO  org.springframework.web.servlet.handler.SimpleUrlHandlerMapping - Mapped URL path [/**] onto handler of type [class org.springframework.web.servlet.resource.ResourceHttpRequestHandler]
2017-01-27 14:12:22 [main] INFO  org.springframework.web.servlet.handler.SimpleUrlHandlerMapping - Mapped URL path [/**/favicon.ico] onto handler of type [class org.springframework.web.servlet.resource.ResourceHttpRequestHandler]
2017-01-27 14:12:22 [main] WARN  org.springframework.boot.autoconfigure.thymeleaf.AbstractTemplateResolverConfiguration - Cannot find template location: classpath:/templates/ (please add some templates or check your Thymeleaf configuration)
2017-01-27 14:12:23 [main] INFO  org.springframework.boot.autoconfigure.web.WebMvcAutoConfiguration$WelcomePageHandlerMapping - Adding welcome page: class path resource [public/index.html]
2017-01-27 14:12:23 [main] INFO  org.springframework.jmx.export.annotation.AnnotationMBeanExporter - Registering beans for JMX exposure on startup
2017-01-27 14:12:23 [main] INFO  org.apache.coyote.http11.Http11NioProtocol - Initializing ProtocolHandler ["http-nio-80"]
2017-01-27 14:12:23 [main] INFO  org.apache.coyote.http11.Http11NioProtocol - Starting ProtocolHandler [http-nio-80]
2017-01-27 14:12:23 [main] INFO  org.apache.tomcat.util.net.NioSelectorPool - Using a shared selector for servlet write/read
2017-01-27 14:12:23 [main] INFO  org.springframework.boot.context.embedded.tomcat.TomcatEmbeddedServletContainer - Tomcat started on port(s): 80 (http)
2017-01-27 14:12:23 [main] INFO  net.codog.ProjectApplication - Started ProjectApplication in 6.611 seconds (JVM running for 7.827)
2017-01-27 14:12:38 [http-nio-80-exec-1] INFO  org.apache.catalina.core.ContainerBase.[Tomcat].[localhost].[/] - Initializing Spring FrameworkServlet 'dispatcherServlet'
2017-01-27 14:12:38 [http-nio-80-exec-1] INFO  org.springframework.web.servlet.DispatcherServlet - FrameworkServlet 'dispatcherServlet': initialization started
2017-01-27 14:12:39 [http-nio-80-exec-1] INFO  org.springframework.web.servlet.DispatcherServlet - FrameworkServlet 'dispatcherServlet': initialization completed in 43 ms
2017-01-27 14:12:40 [http-nio-80-exec-2] INFO  net.codog.service.NewsService - start is null,end is null
2017-01-27 14:12:40 [http-nio-80-exec-3] INFO  net.codog.service.SearchCategoryService - SearchCategoryService
2017-01-27 14:12:40 [http-nio-80-exec-2] INFO  net.codog.dao.selectsql.SelectSqlProvider - sql is select * from news where 1
2017-01-27 14:12:40 [http-nio-80-exec-6] INFO  net.codog.service.RecommandService - recommandService
2017-01-27 14:12:40 [http-nio-80-exec-5] INFO  net.codog.service.AdvertiseService - AdvertiseService
2017-01-27 14:12:51 [http-nio-80-exec-5] INFO  net.codog.web.AdvertiseController - 全部数据是[Advertise(advertise_link=blog.csdn.net, advertise_picture=images/inc/1.gif), Advertise(advertise_link=www.baidu.com, advertise_picture=images/inc/1.gif)]
2017-01-27 14:12:51 [http-nio-80-exec-2] INFO  net.codog.web.NewsController - 获取的全部新闻是[News(news_id=1, news_title=news1, news_content=this is news, news_publish_time=Sat Nov 26 00:00:00 CST 2016, news_modify_time=Sat Nov 26 00:00:00 CST 2016, news_url=www.baidu.com, news_type=null), News(news_id=2, news_title=news2, news_content=this is news2, news_publish_time=Sat Nov 26 00:00:00 CST 2016, news_modify_time=Sat Nov 26 00:00:00 CST 2016, news_url=www.baidu.com, news_type=null)]
2017-01-27 14:12:51 [http-nio-80-exec-6] INFO  net.codog.web.RecommandController - 全部数据是[Recommand(recommand_link=www.baidu.com, recommand_picture=001), Recommand(recommand_link=www.baidu.com2, recommand_picture=002), Recommand(recommand_link=www.baidu.com3, recommand_picture=003)]
2017-01-27 14:12:51 [http-nio-80-exec-3] INFO  net.codog.web.SearchCategoryController - 获取的全部搜索类型是[SearchCategory(search_category_id=0, search_category_name=博客), SearchCategory(search_category_id=1, search_category_name=娱乐视频)]
2017-01-27 14:18:29 [http-nio-80-exec-2] INFO  net.codog.service.SearchCategoryService - SearchCategoryService
2017-01-27 14:18:29 [http-nio-80-exec-5] INFO  net.codog.service.NewsService - start is null,end is null
2017-01-27 14:18:29 [http-nio-80-exec-5] INFO  net.codog.dao.selectsql.SelectSqlProvider - sql is select * from news where 1
2017-01-27 14:18:29 [http-nio-80-exec-5] INFO  net.codog.web.NewsController - 获取的全部新闻是[News(news_id=1, news_title=news1, news_content=this is news, news_publish_time=Sat Nov 26 00:00:00 CST 2016, news_modify_time=Sat Nov 26 00:00:00 CST 2016, news_url=www.baidu.com, news_type=null), News(news_id=2, news_title=news2, news_content=this is news2, news_publish_time=Sat Nov 26 00:00:00 CST 2016, news_modify_time=Sat Nov 26 00:00:00 CST 2016, news_url=www.baidu.com, news_type=null)]
2017-01-27 14:18:29 [http-nio-80-exec-3] INFO  net.codog.service.AdvertiseService - AdvertiseService
2017-01-27 14:18:29 [http-nio-80-exec-7] INFO  net.codog.service.RecommandService - recommandService
2017-01-27 14:18:29 [http-nio-80-exec-3] INFO  net.codog.web.AdvertiseController - 全部数据是[Advertise(advertise_link=blog.csdn.net, advertise_picture=images/inc/1.gif), Advertise(advertise_link=www.baidu.com, advertise_picture=images/inc/1.gif)]
2017-01-27 14:18:29 [http-nio-80-exec-7] INFO  net.codog.web.RecommandController - 全部数据是[Recommand(recommand_link=www.baidu.com, recommand_picture=001), Recommand(recommand_link=www.baidu.com2, recommand_picture=002), Recommand(recommand_link=www.baidu.com3, recommand_picture=003)]
2017-01-27 14:18:29 [http-nio-80-exec-2] INFO  net.codog.web.SearchCategoryController - 获取的全部搜索类型是[SearchCategory(search_category_id=0, search_category_name=博客), SearchCategory(search_category_id=1, search_category_name=娱乐视频)]
2017-01-27 14:23:30 [http-nio-80-exec-8] INFO  net.codog.service.NewsService - start is null,end is null
2017-01-27 14:23:30 [http-nio-80-exec-8] INFO  net.codog.dao.selectsql.SelectSqlProvider - sql is select * from news where 1
2017-01-27 14:23:30 [http-nio-80-exec-7] INFO  net.codog.service.SearchCategoryService - SearchCategoryService
2017-01-27 14:23:30 [http-nio-80-exec-7] INFO  net.codog.web.SearchCategoryController - 获取的全部搜索类型是[SearchCategory(search_category_id=0, search_category_name=博客), SearchCategory(search_category_id=1, search_category_name=娱乐视频)]
2017-01-27 14:23:30 [http-nio-80-exec-10] INFO  net.codog.service.RecommandService - recommandService
2017-01-27 14:23:30 [http-nio-80-exec-10] INFO  net.codog.web.RecommandController - 全部数据是[Recommand(recommand_link=www.baidu.com, recommand_picture=001), Recommand(recommand_link=www.baidu.com2, recommand_picture=002), Recommand(recommand_link=www.baidu.com3, recommand_picture=003)]
2017-01-27 14:23:30 [http-nio-80-exec-1] INFO  net.codog.service.AdvertiseService - AdvertiseService
2017-01-27 14:23:30 [http-nio-80-exec-1] INFO  net.codog.web.AdvertiseController - 全部数据是[Advertise(advertise_link=blog.csdn.net, advertise_picture=images/inc/1.gif), Advertise(advertise_link=www.baidu.com, advertise_picture=images/inc/1.gif)]
2017-01-27 14:23:30 [http-nio-80-exec-8] INFO  net.codog.web.NewsController - 获取的全部新闻是[News(news_id=1, news_title=news1, news_content=this is news, news_publish_time=Sat Nov 26 00:00:00 CST 2016, news_modify_time=Sat Nov 26 00:00:00 CST 2016, news_url=www.baidu.com, news_type=null), News(news_id=2, news_title=news2, news_content=this is news2, news_publish_time=Sat Nov 26 00:00:00 CST 2016, news_modify_time=Sat Nov 26 00:00:00 CST 2016, news_url=www.baidu.com, news_type=null)]
2017-01-27 14:24:44 [http-nio-80-exec-1] INFO  net.codog.service.NewsService - start is null,end is null
2017-01-27 14:24:44 [http-nio-80-exec-2] INFO  net.codog.service.SearchCategoryService - SearchCategoryService
2017-01-27 14:24:44 [http-nio-80-exec-1] INFO  net.codog.dao.selectsql.SelectSqlProvider - sql is select * from news where 1
2017-01-27 14:24:44 [http-nio-80-exec-2] INFO  net.codog.web.SearchCategoryController - 获取的全部搜索类型是[SearchCategory(search_category_id=0, search_category_name=博客), SearchCategory(search_category_id=1, search_category_name=娱乐视频)]
2017-01-27 14:24:44 [http-nio-80-exec-1] INFO  net.codog.web.NewsController - 获取的全部新闻是[News(news_id=1, news_title=news1, news_content=this is news, news_publish_time=Sat Nov 26 00:00:00 CST 2016, news_modify_time=Sat Nov 26 00:00:00 CST 2016, news_url=www.baidu.com, news_type=null), News(news_id=2, news_title=news2, news_content=this is news2, news_publish_time=Sat Nov 26 00:00:00 CST 2016, news_modify_time=Sat Nov 26 00:00:00 CST 2016, news_url=www.baidu.com, news_type=null)]
2017-01-27 14:24:44 [http-nio-80-exec-8] INFO  net.codog.service.AdvertiseService - AdvertiseService
2017-01-27 14:24:44 [http-nio-80-exec-8] INFO  net.codog.web.AdvertiseController - 全部数据是[Advertise(advertise_link=blog.csdn.net, advertise_picture=images/inc/1.gif), Advertise(advertise_link=www.baidu.com, advertise_picture=images/inc/1.gif)]
2017-01-27 14:24:44 [http-nio-80-exec-4] INFO  net.codog.service.RecommandService - recommandService
2017-01-27 14:24:44 [http-nio-80-exec-4] INFO  net.codog.web.RecommandController - 全部数据是[Recommand(recommand_link=www.baidu.com, recommand_picture=001), Recommand(recommand_link=www.baidu.com2, recommand_picture=002), Recommand(recommand_link=www.baidu.com3, recommand_picture=003)]
2017-01-27 14:32:38 [http-nio-80-exec-1] INFO  net.codog.service.NewsService - start is null,end is null
2017-01-27 14:32:38 [http-nio-80-exec-1] INFO  net.codog.dao.selectsql.SelectSqlProvider - sql is select * from news where 1
2017-01-27 14:32:38 [http-nio-80-exec-4] INFO  net.codog.service.SearchCategoryService - SearchCategoryService
2017-01-27 14:32:38 [http-nio-80-exec-4] INFO  net.codog.web.SearchCategoryController - 获取的全部搜索类型是[SearchCategory(search_category_id=0, search_category_name=博客), SearchCategory(search_category_id=1, search_category_name=娱乐视频)]
2017-01-27 14:32:38 [http-nio-80-exec-10] INFO  net.codog.service.AdvertiseService - AdvertiseService
2017-01-27 14:32:38 [http-nio-80-exec-9] INFO  net.codog.service.RecommandService - recommandService
2017-01-27 14:32:38 [http-nio-80-exec-10] INFO  net.codog.web.AdvertiseController - 全部数据是[Advertise(advertise_link=blog.csdn.net, advertise_picture=images/inc/1.gif), Advertise(advertise_link=www.baidu.com, advertise_picture=images/inc/1.gif)]
2017-01-27 14:32:38 [http-nio-80-exec-9] INFO  net.codog.web.RecommandController - 全部数据是[Recommand(recommand_link=www.baidu.com, recommand_picture=001), Recommand(recommand_link=www.baidu.com2, recommand_picture=002), Recommand(recommand_link=www.baidu.com3, recommand_picture=003)]
2017-01-27 14:32:39 [http-nio-80-exec-1] INFO  net.codog.web.NewsController - 获取的全部新闻是[News(news_id=1, news_title=news1, news_content=this is news, news_publish_time=Sat Nov 26 00:00:00 CST 2016, news_modify_time=Sat Nov 26 00:00:00 CST 2016, news_url=www.baidu.com, news_type=null), News(news_id=2, news_title=news2, news_content=this is news2, news_publish_time=Sat Nov 26 00:00:00 CST 2016, news_modify_time=Sat Nov 26 00:00:00 CST 2016, news_url=www.baidu.com, news_type=null)]
2017-01-27 14:34:00 [http-nio-80-exec-5] INFO  net.codog.service.NewsService - start is null,end is null
2017-01-27 14:34:00 [http-nio-80-exec-5] INFO  net.codog.dao.selectsql.SelectSqlProvider - sql is select * from news where 1
2017-01-27 14:34:00 [http-nio-80-exec-5] INFO  net.codog.web.NewsController - 获取的全部新闻是[News(news_id=1, news_title=news1, news_content=this is news, news_publish_time=Sat Nov 26 00:00:00 CST 2016, news_modify_time=Sat Nov 26 00:00:00 CST 2016, news_url=www.baidu.com, news_type=null), News(news_id=2, news_title=news2, news_content=this is news2, news_publish_time=Sat Nov 26 00:00:00 CST 2016, news_modify_time=Sat Nov 26 00:00:00 CST 2016, news_url=www.baidu.com, news_type=null)]
2017-01-27 14:34:00 [http-nio-80-exec-1] INFO  net.codog.service.SearchCategoryService - SearchCategoryService
2017-01-27 14:34:00 [http-nio-80-exec-1] INFO  net.codog.web.SearchCategoryController - 获取的全部搜索类型是[SearchCategory(search_category_id=0, search_category_name=博客), SearchCategory(search_category_id=1, search_category_name=娱乐视频)]
2017-01-27 14:34:00 [http-nio-80-exec-8] INFO  net.codog.service.AdvertiseService - AdvertiseService
2017-01-27 14:34:00 [http-nio-80-exec-8] INFO  net.codog.web.AdvertiseController - 全部数据是[Advertise(advertise_link=blog.csdn.net, advertise_picture=images/inc/1.gif), Advertise(advertise_link=www.baidu.com, advertise_picture=images/inc/1.gif)]
2017-01-27 14:34:00 [http-nio-80-exec-2] INFO  net.codog.service.RecommandService - recommandService
2017-01-27 14:34:00 [http-nio-80-exec-2] INFO  net.codog.web.RecommandController - 全部数据是[Recommand(recommand_link=www.baidu.com, recommand_picture=001), Recommand(recommand_link=www.baidu.com2, recommand_picture=002), Recommand(recommand_link=www.baidu.com3, recommand_picture=003)]
2017-01-27 15:30:01 [main] INFO  net.codog.ProjectApplication - Starting ProjectApplication on wenhanwang with PID 2244 (started by CreditEase in E:\我的项目\GitHub\personal-blog-webiste\project)
2017-01-27 15:30:01 [main] INFO  net.codog.ProjectApplication - The following profiles are active: prod
2017-01-27 15:30:01 [main] INFO  org.springframework.boot.context.embedded.AnnotationConfigEmbeddedWebApplicationContext - Refreshing org.springframework.boot.context.embedded.AnnotationConfigEmbeddedWebApplicationContext@47faa49c: startup date [Fri Jan 27 15:30:01 CST 2017]; root of context hierarchy
2017-01-27 15:30:02 [background-preinit] INFO  org.hibernate.validator.internal.util.Version - HV000001: Hibernate Validator 5.2.4.Final
2017-01-27 15:30:02 [main] INFO  org.springframework.context.support.PostProcessorRegistrationDelegate$BeanPostProcessorChecker - Bean 'org.springframework.cache.annotation.ProxyCachingConfiguration' of type [class org.springframework.cache.annotation.ProxyCachingConfiguration$$EnhancerBySpringCGLIB$$3c4952c1] is not eligible for getting processed by all BeanPostProcessors (for example: not eligible for auto-proxying)
2017-01-27 15:30:02 [main] INFO  org.springframework.context.support.PostProcessorRegistrationDelegate$BeanPostProcessorChecker - Bean 'org.springframework.transaction.annotation.ProxyTransactionManagementConfiguration' of type [class org.springframework.transaction.annotation.ProxyTransactionManagementConfiguration$$EnhancerBySpringCGLIB$$f3371ca3] is not eligible for getting processed by all BeanPostProcessors (for example: not eligible for auto-proxying)
2017-01-27 15:30:03 [main] INFO  org.springframework.context.support.PostProcessorRegistrationDelegate$BeanPostProcessorChecker - Bean 'org.springframework.boot.autoconfigure.cache.CacheAutoConfiguration' of type [class org.springframework.boot.autoconfigure.cache.CacheAutoConfiguration$$EnhancerBySpringCGLIB$$30bd1765] is not eligible for getting processed by all BeanPostProcessors (for example: not eligible for auto-proxying)
2017-01-27 15:30:03 [main] INFO  org.springframework.context.support.PostProcessorRegistrationDelegate$BeanPostProcessorChecker - Bean 'spring.cache-org.springframework.boot.autoconfigure.cache.CacheProperties' of type [class org.springframework.boot.autoconfigure.cache.CacheProperties] is not eligible for getting processed by all BeanPostProcessors (for example: not eligible for auto-proxying)
2017-01-27 15:30:03 [main] INFO  org.springframework.context.support.PostProcessorRegistrationDelegate$BeanPostProcessorChecker - Bean 'org.springframework.boot.autoconfigure.cache.CacheManagerCustomizers' of type [class org.springframework.boot.autoconfigure.cache.CacheManagerCustomizers] is not eligible for getting processed by all BeanPostProcessors (for example: not eligible for auto-proxying)
2017-01-27 15:30:03 [main] INFO  org.springframework.context.support.PostProcessorRegistrationDelegate$BeanPostProcessorChecker - Bean 'org.springframework.boot.autoconfigure.cache.SimpleCacheConfiguration' of type [class org.springframework.boot.autoconfigure.cache.SimpleCacheConfiguration$$EnhancerBySpringCGLIB$$d2588a46] is not eligible for getting processed by all BeanPostProcessors (for example: not eligible for auto-proxying)
2017-01-27 15:30:03 [main] INFO  org.springframework.context.support.PostProcessorRegistrationDelegate$BeanPostProcessorChecker - Bean 'cacheManager' of type [class org.springframework.cache.concurrent.ConcurrentMapCacheManager] is not eligible for getting processed by all BeanPostProcessors (for example: not eligible for auto-proxying)
2017-01-27 15:30:03 [main] INFO  org.springframework.context.support.PostProcessorRegistrationDelegate$BeanPostProcessorChecker - Bean 'cacheAutoConfigurationValidator' of type [class org.springframework.boot.autoconfigure.cache.CacheAutoConfiguration$CacheManagerValidator] is not eligible for getting processed by all BeanPostProcessors (for example: not eligible for auto-proxying)
2017-01-27 15:30:03 [main] INFO  org.springframework.boot.context.embedded.tomcat.TomcatEmbeddedServletContainer - Tomcat initialized with port(s): 80 (http)
2017-01-27 15:30:03 [main] INFO  org.apache.catalina.core.StandardService - Starting service Tomcat
2017-01-27 15:30:03 [main] INFO  org.apache.catalina.core.StandardEngine - Starting Servlet Engine: Apache Tomcat/8.5.5
2017-01-27 15:30:03 [localhost-startStop-1] INFO  org.apache.catalina.core.ContainerBase.[Tomcat].[localhost].[/] - Initializing Spring embedded WebApplicationContext
2017-01-27 15:30:03 [localhost-startStop-1] INFO  org.springframework.web.context.ContextLoader - Root WebApplicationContext: initialization completed in 2456 ms
2017-01-27 15:30:04 [localhost-startStop-1] INFO  org.springframework.boot.web.servlet.ServletRegistrationBean - Mapping servlet: 'dispatcherServlet' to [/]
2017-01-27 15:30:04 [localhost-startStop-1] INFO  org.springframework.boot.web.servlet.FilterRegistrationBean - Mapping filter: 'characterEncodingFilter' to: [/*]
2017-01-27 15:30:04 [localhost-startStop-1] INFO  org.springframework.boot.web.servlet.FilterRegistrationBean - Mapping filter: 'hiddenHttpMethodFilter' to: [/*]
2017-01-27 15:30:04 [localhost-startStop-1] INFO  org.springframework.boot.web.servlet.FilterRegistrationBean - Mapping filter: 'httpPutFormContentFilter' to: [/*]
2017-01-27 15:30:04 [localhost-startStop-1] INFO  org.springframework.boot.web.servlet.FilterRegistrationBean - Mapping filter: 'requestContextFilter' to: [/*]
2017-01-27 15:30:04 [main] INFO  org.springframework.web.servlet.mvc.method.annotation.RequestMappingHandlerAdapter - Looking for @ControllerAdvice: org.springframework.boot.context.embedded.AnnotationConfigEmbeddedWebApplicationContext@47faa49c: startup date [Fri Jan 27 15:30:01 CST 2017]; root of context hierarchy
2017-01-27 15:30:05 [main] INFO  org.springframework.web.servlet.mvc.method.annotation.RequestMappingHandlerMapping - Mapped "{[/advertise/getadvertises],methods=[POST]}" onto public java.util.List<net.codog.domain.Advertise> net.codog.web.AdvertiseController.getAdvertise()
2017-01-27 15:30:05 [main] INFO  org.springframework.web.servlet.mvc.method.annotation.RequestMappingHandlerMapping - Mapped "{[/blog/getblogcategories],methods=[POST]}" onto public java.util.List<net.codog.domain.BlogCategory> net.codog.web.BlogController.getBlogCategories(java.lang.Integer)
2017-01-27 15:30:05 [main] INFO  org.springframework.web.servlet.mvc.method.annotation.RequestMappingHandlerMapping - Mapped "{[/blog/getblogcount],methods=[POST]}" onto public java.lang.Integer net.codog.web.BlogController.getBlogCount(java.lang.Integer)
2017-01-27 15:30:05 [main] INFO  org.springframework.web.servlet.mvc.method.annotation.RequestMappingHandlerMapping - Mapped "{[/blog/getblogs],methods=[POST]}" onto public java.util.List<net.codog.domain.Blog> net.codog.web.BlogController.getBlogs(java.lang.Integer,java.lang.Integer,java.lang.Integer,java.lang.Integer)
2017-01-27 15:30:05 [main] INFO  org.springframework.web.servlet.mvc.method.annotation.RequestMappingHandlerMapping - Mapped "{[/email/sendmail],methods=[POST]}" onto public net.codog.vo.ResponseVO<java.lang.String> net.codog.web.EmailController.sendMail(java.lang.String,java.lang.String)
2017-01-27 15:30:05 [main] INFO  org.springframework.web.servlet.mvc.method.annotation.RequestMappingHandlerMapping - Mapped "{[/gamevideo/getgamevideoscount],methods=[POST]}" onto public java.lang.Integer net.codog.web.GameVideoController.getGameVideosCount(java.lang.Integer)
2017-01-27 15:30:05 [main] INFO  org.springframework.web.servlet.mvc.method.annotation.RequestMappingHandlerMapping - Mapped "{[/gamevideo/getgamevideos],methods=[POST]}" onto public java.util.List<net.codog.domain.GameVideo> net.codog.web.GameVideoController.getGameVideos(java.lang.Integer,java.lang.Integer,java.lang.Integer)
2017-01-27 15:30:05 [main] INFO  org.springframework.web.servlet.mvc.method.annotation.RequestMappingHandlerMapping - Mapped "{[/guestbook/test],methods=[GET]}" onto public net.codog.vo.ResponseVO<java.util.List<net.codog.domain.Guestbook>> net.codog.web.GuestbookController.test()
2017-01-27 15:30:05 [main] INFO  org.springframework.web.servlet.mvc.method.annotation.RequestMappingHandlerMapping - Mapped "{[/message/test],methods=[GET]}" onto public net.codog.vo.ResponseVO<java.util.List<net.codog.domain.Message>> net.codog.web.MessageController.test()
2017-01-27 15:30:05 [main] INFO  org.springframework.web.servlet.mvc.method.annotation.RequestMappingHandlerMapping - Mapped "{[/news/test],methods=[GET]}" onto public net.codog.vo.ResponseVO<java.util.List<net.codog.domain.News>> net.codog.web.NewsController.test()
2017-01-27 15:30:05 [main] INFO  org.springframework.web.servlet.mvc.method.annotation.RequestMappingHandlerMapping - Mapped "{[/news/getnewscount],methods=[POST]}" onto public int net.codog.web.NewsController.getNewsCount()
2017-01-27 15:30:05 [main] INFO  org.springframework.web.servlet.mvc.method.annotation.RequestMappingHandlerMapping - Mapped "{[/news/getnewslist],methods=[POST]}" onto public java.util.List<net.codog.domain.News> net.codog.web.NewsController.getNewsList()
2017-01-27 15:30:05 [main] INFO  org.springframework.web.servlet.mvc.method.annotation.RequestMappingHandlerMapping - Mapped "{[/recommand/getrecommands],methods=[POST]}" onto public java.util.List<net.codog.domain.Recommand> net.codog.web.RecommandController.getRecommands()
2017-01-27 15:30:05 [main] INFO  org.springframework.web.servlet.mvc.method.annotation.RequestMappingHandlerMapping - Mapped "{[/searchcategory/getsearchcategories],methods=[POST]}" onto public java.util.List<net.codog.domain.SearchCategory> net.codog.web.SearchCategoryController.getSearchCategories()
2017-01-27 15:30:05 [main] INFO  org.springframework.web.servlet.mvc.method.annotation.RequestMappingHandlerMapping - Mapped "{[/user/register],methods=[POST]}" onto public net.codog.vo.ResponseVO<java.lang.String> net.codog.web.UserController.register(javax.servlet.http.HttpServletRequest,java.lang.String,java.lang.String)
2017-01-27 15:30:05 [main] INFO  org.springframework.web.servlet.mvc.method.annotation.RequestMappingHandlerMapping - Mapped "{[/user/test],methods=[GET]}" onto public net.codog.vo.ResponseVO<net.codog.view.UserShowDetail> net.codog.web.UserController.test()
2017-01-27 15:30:05 [main] INFO  org.springframework.web.servlet.mvc.method.annotation.RequestMappingHandlerMapping - Mapped "{[/userfile/test],methods=[GET]}" onto public net.codog.vo.ResponseVO<java.util.List<net.codog.domain.UserfulFile>> net.codog.web.UserfulFileController.test()
2017-01-27 15:30:05 [main] INFO  org.springframework.web.servlet.mvc.method.annotation.RequestMappingHandlerMapping - Mapped "{[/userurl/getuserfulurlbytype],methods=[POST]}" onto public java.util.List<net.codog.domain.UserfulUrl> net.codog.web.UserfulUrlController.getUserfulUrlByType(int,int,int)
2017-01-27 15:30:05 [main] INFO  org.springframework.web.servlet.mvc.method.annotation.RequestMappingHandlerMapping - Mapped "{[/error]}" onto public org.springframework.http.ResponseEntity<java.util.Map<java.lang.String, java.lang.Object>> org.springframework.boot.autoconfigure.web.BasicErrorController.error(javax.servlet.http.HttpServletRequest)
2017-01-27 15:30:05 [main] INFO  org.springframework.web.servlet.mvc.method.annotation.RequestMappingHandlerMapping - Mapped "{[/error],produces=[text/html]}" onto public org.springframework.web.servlet.ModelAndView org.springframework.boot.autoconfigure.web.BasicErrorController.errorHtml(javax.servlet.http.HttpServletRequest,javax.servlet.http.HttpServletResponse)
2017-01-27 15:30:05 [main] INFO  org.springframework.web.servlet.handler.SimpleUrlHandlerMapping - Mapped URL path [/webjars/**] onto handler of type [class org.springframework.web.servlet.resource.ResourceHttpRequestHandler]
2017-01-27 15:30:05 [main] INFO  org.springframework.web.servlet.handler.SimpleUrlHandlerMapping - Mapped URL path [/**] onto handler of type [class org.springframework.web.servlet.resource.ResourceHttpRequestHandler]
2017-01-27 15:30:05 [main] INFO  org.springframework.web.servlet.handler.SimpleUrlHandlerMapping - Mapped URL path [/**/favicon.ico] onto handler of type [class org.springframework.web.servlet.resource.ResourceHttpRequestHandler]
2017-01-27 15:30:05 [main] WARN  org.springframework.boot.autoconfigure.thymeleaf.AbstractTemplateResolverConfiguration - Cannot find template location: classpath:/templates/ (please add some templates or check your Thymeleaf configuration)
2017-01-27 15:30:05 [main] INFO  org.springframework.boot.autoconfigure.web.WebMvcAutoConfiguration$WelcomePageHandlerMapping - Adding welcome page: class path resource [public/index.html]
2017-01-27 15:30:05 [main] INFO  org.springframework.jmx.export.annotation.AnnotationMBeanExporter - Registering beans for JMX exposure on startup
2017-01-27 15:30:06 [main] INFO  org.apache.coyote.http11.Http11NioProtocol - Initializing ProtocolHandler ["http-nio-80"]
2017-01-27 15:30:06 [main] INFO  org.apache.coyote.http11.Http11NioProtocol - Starting ProtocolHandler [http-nio-80]
2017-01-27 15:30:06 [main] INFO  org.apache.tomcat.util.net.NioSelectorPool - Using a shared selector for servlet write/read
2017-01-27 15:30:06 [main] INFO  org.springframework.boot.context.embedded.tomcat.TomcatEmbeddedServletContainer - Tomcat started on port(s): 80 (http)
2017-01-27 15:30:06 [main] INFO  net.codog.ProjectApplication - Started ProjectApplication in 5.37 seconds (JVM running for 6.227)
2017-01-27 15:30:19 [http-nio-80-exec-1] INFO  org.apache.catalina.core.ContainerBase.[Tomcat].[localhost].[/] - Initializing Spring FrameworkServlet 'dispatcherServlet'
2017-01-27 15:30:19 [http-nio-80-exec-1] INFO  org.springframework.web.servlet.DispatcherServlet - FrameworkServlet 'dispatcherServlet': initialization started
2017-01-27 15:30:19 [http-nio-80-exec-1] INFO  org.springframework.web.servlet.DispatcherServlet - FrameworkServlet 'dispatcherServlet': initialization completed in 35 ms
2017-01-27 15:30:20 [http-nio-80-exec-2] INFO  net.codog.service.NewsService - start is null,end is null
2017-01-27 15:30:20 [http-nio-80-exec-3] INFO  net.codog.service.SearchCategoryService - SearchCategoryService
2017-01-27 15:30:20 [http-nio-80-exec-2] INFO  net.codog.dao.selectsql.SelectSqlProvider - sql is select * from news where 1
2017-01-27 15:30:20 [http-nio-80-exec-4] INFO  net.codog.service.AdvertiseService - AdvertiseService
2017-01-27 15:30:20 [http-nio-80-exec-5] INFO  net.codog.service.RecommandService - recommandService
2017-01-27 15:30:20 [http-nio-80-exec-3] INFO  net.codog.web.SearchCategoryController - 获取的全部搜索类型是[SearchCategory(search_category_id=0, search_category_name=博客), SearchCategory(search_category_id=1, search_category_name=娱乐视频)]
2017-01-27 15:30:20 [http-nio-80-exec-2] INFO  net.codog.web.NewsController - 获取的全部新闻是[News(news_id=1, news_title=news1, news_content=this is news, news_publish_time=Sat Nov 26 00:00:00 CST 2016, news_modify_time=Sat Nov 26 00:00:00 CST 2016, news_url=www.baidu.com, news_type=null), News(news_id=2, news_title=news2, news_content=this is news2, news_publish_time=Sat Nov 26 00:00:00 CST 2016, news_modify_time=Sat Nov 26 00:00:00 CST 2016, news_url=www.baidu.com, news_type=null)]
2017-01-27 15:30:20 [http-nio-80-exec-5] INFO  net.codog.web.RecommandController - 全部数据是[Recommand(recommand_link=www.baidu.com, recommand_picture=001), Recommand(recommand_link=www.baidu.com2, recommand_picture=002), Recommand(recommand_link=www.baidu.com3, recommand_picture=003)]
2017-01-27 15:30:20 [http-nio-80-exec-4] INFO  net.codog.web.AdvertiseController - 全部数据是[Advertise(advertise_link=blog.csdn.net, advertise_picture=images/inc/1.gif), Advertise(advertise_link=www.baidu.com, advertise_picture=images/inc/1.gif)]
2017-01-27 15:36:12 [main] INFO  net.codog.ProjectApplication - Starting ProjectApplication on wenhanwang with PID 5012 (started by CreditEase in E:\我的项目\GitHub\personal-blog-webiste\project)
2017-01-27 15:36:12 [main] INFO  net.codog.ProjectApplication - The following profiles are active: prod
2017-01-27 15:36:12 [main] INFO  org.springframework.boot.context.embedded.AnnotationConfigEmbeddedWebApplicationContext - Refreshing org.springframework.boot.context.embedded.AnnotationConfigEmbeddedWebApplicationContext@47faa49c: startup date [Fri Jan 27 15:36:12 CST 2017]; root of context hierarchy
2017-01-27 15:36:13 [background-preinit] INFO  org.hibernate.validator.internal.util.Version - HV000001: Hibernate Validator 5.2.4.Final
2017-01-27 15:36:14 [main] INFO  org.springframework.context.support.PostProcessorRegistrationDelegate$BeanPostProcessorChecker - Bean 'org.springframework.cache.annotation.ProxyCachingConfiguration' of type [class org.springframework.cache.annotation.ProxyCachingConfiguration$$EnhancerBySpringCGLIB$$7232e0fe] is not eligible for getting processed by all BeanPostProcessors (for example: not eligible for auto-proxying)
2017-01-27 15:36:14 [main] INFO  org.springframework.context.support.PostProcessorRegistrationDelegate$BeanPostProcessorChecker - Bean 'org.springframework.transaction.annotation.ProxyTransactionManagementConfiguration' of type [class org.springframework.transaction.annotation.ProxyTransactionManagementConfiguration$$EnhancerBySpringCGLIB$$2920aae0] is not eligible for getting processed by all BeanPostProcessors (for example: not eligible for auto-proxying)
2017-01-27 15:36:14 [main] INFO  org.springframework.context.support.PostProcessorRegistrationDelegate$BeanPostProcessorChecker - Bean 'org.springframework.boot.autoconfigure.cache.CacheAutoConfiguration' of type [class org.springframework.boot.autoconfigure.cache.CacheAutoConfiguration$$EnhancerBySpringCGLIB$$66a6a5a2] is not eligible for getting processed by all BeanPostProcessors (for example: not eligible for auto-proxying)
2017-01-27 15:36:14 [main] INFO  org.springframework.context.support.PostProcessorRegistrationDelegate$BeanPostProcessorChecker - Bean 'spring.cache-org.springframework.boot.autoconfigure.cache.CacheProperties' of type [class org.springframework.boot.autoconfigure.cache.CacheProperties] is not eligible for getting processed by all BeanPostProcessors (for example: not eligible for auto-proxying)
2017-01-27 15:36:14 [main] INFO  org.springframework.context.support.PostProcessorRegistrationDelegate$BeanPostProcessorChecker - Bean 'org.springframework.boot.autoconfigure.cache.CacheManagerCustomizers' of type [class org.springframework.boot.autoconfigure.cache.CacheManagerCustomizers] is not eligible for getting processed by all BeanPostProcessors (for example: not eligible for auto-proxying)
2017-01-27 15:36:14 [main] INFO  org.springframework.context.support.PostProcessorRegistrationDelegate$BeanPostProcessorChecker - Bean 'org.springframework.boot.autoconfigure.cache.SimpleCacheConfiguration' of type [class org.springframework.boot.autoconfigure.cache.SimpleCacheConfiguration$$EnhancerBySpringCGLIB$$8421883] is not eligible for getting processed by all BeanPostProcessors (for example: not eligible for auto-proxying)
2017-01-27 15:36:14 [main] INFO  org.springframework.context.support.PostProcessorRegistrationDelegate$BeanPostProcessorChecker - Bean 'cacheManager' of type [class org.springframework.cache.concurrent.ConcurrentMapCacheManager] is not eligible for getting processed by all BeanPostProcessors (for example: not eligible for auto-proxying)
2017-01-27 15:36:14 [main] INFO  org.springframework.context.support.PostProcessorRegistrationDelegate$BeanPostProcessorChecker - Bean 'cacheAutoConfigurationValidator' of type [class org.springframework.boot.autoconfigure.cache.CacheAutoConfiguration$CacheManagerValidator] is not eligible for getting processed by all BeanPostProcessors (for example: not eligible for auto-proxying)
2017-01-27 15:36:15 [main] INFO  org.springframework.boot.context.embedded.tomcat.TomcatEmbeddedServletContainer - Tomcat initialized with port(s): 80 (http)
2017-01-27 15:36:15 [main] INFO  org.apache.catalina.core.StandardService - Starting service Tomcat
2017-01-27 15:36:15 [main] INFO  org.apache.catalina.core.StandardEngine - Starting Servlet Engine: Apache Tomcat/8.5.5
2017-01-27 15:36:15 [localhost-startStop-1] INFO  org.apache.catalina.core.ContainerBase.[Tomcat].[localhost].[/] - Initializing Spring embedded WebApplicationContext
2017-01-27 15:36:15 [localhost-startStop-1] INFO  org.springframework.web.context.ContextLoader - Root WebApplicationContext: initialization completed in 2556 ms
2017-01-27 15:36:15 [localhost-startStop-1] INFO  org.springframework.boot.web.servlet.ServletRegistrationBean - Mapping servlet: 'dispatcherServlet' to [/]
2017-01-27 15:36:15 [localhost-startStop-1] INFO  org.springframework.boot.web.servlet.FilterRegistrationBean - Mapping filter: 'characterEncodingFilter' to: [/*]
2017-01-27 15:36:15 [localhost-startStop-1] INFO  org.springframework.boot.web.servlet.FilterRegistrationBean - Mapping filter: 'hiddenHttpMethodFilter' to: [/*]
2017-01-27 15:36:15 [localhost-startStop-1] INFO  org.springframework.boot.web.servlet.FilterRegistrationBean - Mapping filter: 'httpPutFormContentFilter' to: [/*]
2017-01-27 15:36:15 [localhost-startStop-1] INFO  org.springframework.boot.web.servlet.FilterRegistrationBean - Mapping filter: 'requestContextFilter' to: [/*]
2017-01-27 15:36:16 [main] INFO  org.springframework.web.servlet.mvc.method.annotation.RequestMappingHandlerAdapter - Looking for @ControllerAdvice: org.springframework.boot.context.embedded.AnnotationConfigEmbeddedWebApplicationContext@47faa49c: startup date [Fri Jan 27 15:36:12 CST 2017]; root of context hierarchy
2017-01-27 15:36:16 [main] INFO  org.springframework.web.servlet.mvc.method.annotation.RequestMappingHandlerMapping - Mapped "{[/advertise/getadvertises],methods=[POST]}" onto public java.util.List<net.codog.domain.Advertise> net.codog.web.AdvertiseController.getAdvertise()
2017-01-27 15:36:16 [main] INFO  org.springframework.web.servlet.mvc.method.annotation.RequestMappingHandlerMapping - Mapped "{[/blog/getblogcount],methods=[POST]}" onto public java.lang.Integer net.codog.web.BlogController.getBlogCount(java.lang.Integer)
2017-01-27 15:36:16 [main] INFO  org.springframework.web.servlet.mvc.method.annotation.RequestMappingHandlerMapping - Mapped "{[/blog/getblogcategories],methods=[POST]}" onto public java.util.List<net.codog.domain.BlogCategory> net.codog.web.BlogController.getBlogCategories(java.lang.Integer)
2017-01-27 15:36:16 [main] INFO  org.springframework.web.servlet.mvc.method.annotation.RequestMappingHandlerMapping - Mapped "{[/blog/getblogs],methods=[POST]}" onto public java.util.List<net.codog.domain.Blog> net.codog.web.BlogController.getBlogs(java.lang.Integer,java.lang.Integer,java.lang.Integer,java.lang.Integer)
2017-01-27 15:36:16 [main] INFO  org.springframework.web.servlet.mvc.method.annotation.RequestMappingHandlerMapping - Mapped "{[/email/sendmail],methods=[POST]}" onto public net.codog.vo.ResponseVO<java.lang.String> net.codog.web.EmailController.sendMail(java.lang.String,java.lang.String)
2017-01-27 15:36:16 [main] INFO  org.springframework.web.servlet.mvc.method.annotation.RequestMappingHandlerMapping - Mapped "{[/gamevideo/getgamevideoscount],methods=[POST]}" onto public java.lang.Integer net.codog.web.GameVideoController.getGameVideosCount(java.lang.Integer)
2017-01-27 15:36:16 [main] INFO  org.springframework.web.servlet.mvc.method.annotation.RequestMappingHandlerMapping - Mapped "{[/gamevideo/getgamevideos],methods=[POST]}" onto public java.util.List<net.codog.domain.GameVideo> net.codog.web.GameVideoController.getGameVideos(java.lang.Integer,java.lang.Integer,java.lang.Integer)
2017-01-27 15:36:16 [main] INFO  org.springframework.web.servlet.mvc.method.annotation.RequestMappingHandlerMapping - Mapped "{[/guestbook/test],methods=[GET]}" onto public net.codog.vo.ResponseVO<java.util.List<net.codog.domain.Guestbook>> net.codog.web.GuestbookController.test()
2017-01-27 15:36:16 [main] INFO  org.springframework.web.servlet.mvc.method.annotation.RequestMappingHandlerMapping - Mapped "{[/message/test],methods=[GET]}" onto public net.codog.vo.ResponseVO<java.util.List<net.codog.domain.Message>> net.codog.web.MessageController.test()
2017-01-27 15:36:16 [main] INFO  org.springframework.web.servlet.mvc.method.annotation.RequestMappingHandlerMapping - Mapped "{[/news/test],methods=[GET]}" onto public net.codog.vo.ResponseVO<java.util.List<net.codog.domain.News>> net.codog.web.NewsController.test()
2017-01-27 15:36:16 [main] INFO  org.springframework.web.servlet.mvc.method.annotation.RequestMappingHandlerMapping - Mapped "{[/news/getnewscount],methods=[POST]}" onto public int net.codog.web.NewsController.getNewsCount()
2017-01-27 15:36:16 [main] INFO  org.springframework.web.servlet.mvc.method.annotation.RequestMappingHandlerMapping - Mapped "{[/news/getnewslist],methods=[POST]}" onto public java.util.List<net.codog.domain.News> net.codog.web.NewsController.getNewsList()
2017-01-27 15:36:16 [main] INFO  org.springframework.web.servlet.mvc.method.annotation.RequestMappingHandlerMapping - Mapped "{[/recommand/getrecommands],methods=[POST]}" onto public java.util.List<net.codog.domain.Recommand> net.codog.web.RecommandController.getRecommands()
2017-01-27 15:36:16 [main] INFO  org.springframework.web.servlet.mvc.method.annotation.RequestMappingHandlerMapping - Mapped "{[/searchcategory/getsearchcategories],methods=[POST]}" onto public java.util.List<net.codog.domain.SearchCategory> net.codog.web.SearchCategoryController.getSearchCategories()
2017-01-27 15:36:16 [main] INFO  org.springframework.web.servlet.mvc.method.annotation.RequestMappingHandlerMapping - Mapped "{[/user/register],methods=[POST]}" onto public net.codog.vo.ResponseVO<java.lang.String> net.codog.web.UserController.register(javax.servlet.http.HttpServletRequest,java.lang.String,java.lang.String)
2017-01-27 15:36:16 [main] INFO  org.springframework.web.servlet.mvc.method.annotation.RequestMappingHandlerMapping - Mapped "{[/user/test],methods=[GET]}" onto public net.codog.vo.ResponseVO<net.codog.view.UserShowDetail> net.codog.web.UserController.test()
2017-01-27 15:36:16 [main] INFO  org.springframework.web.servlet.mvc.method.annotation.RequestMappingHandlerMapping - Mapped "{[/userfile/test],methods=[GET]}" onto public net.codog.vo.ResponseVO<java.util.List<net.codog.domain.UserfulFile>> net.codog.web.UserfulFileController.test()
2017-01-27 15:36:16 [main] INFO  org.springframework.web.servlet.mvc.method.annotation.RequestMappingHandlerMapping - Mapped "{[/userurl/getuserfulurlbytype],methods=[POST]}" onto public java.util.List<net.codog.domain.UserfulUrl> net.codog.web.UserfulUrlController.getUserfulUrlByType(int,java.lang.Integer,java.lang.Integer)
2017-01-27 15:36:16 [main] INFO  org.springframework.web.servlet.mvc.method.annotation.RequestMappingHandlerMapping - Mapped "{[/error]}" onto public org.springframework.http.ResponseEntity<java.util.Map<java.lang.String, java.lang.Object>> org.springframework.boot.autoconfigure.web.BasicErrorController.error(javax.servlet.http.HttpServletRequest)
2017-01-27 15:36:16 [main] INFO  org.springframework.web.servlet.mvc.method.annotation.RequestMappingHandlerMapping - Mapped "{[/error],produces=[text/html]}" onto public org.springframework.web.servlet.ModelAndView org.springframework.boot.autoconfigure.web.BasicErrorController.errorHtml(javax.servlet.http.HttpServletRequest,javax.servlet.http.HttpServletResponse)
2017-01-27 15:36:16 [main] INFO  org.springframework.web.servlet.handler.SimpleUrlHandlerMapping - Mapped URL path [/webjars/**] onto handler of type [class org.springframework.web.servlet.resource.ResourceHttpRequestHandler]
2017-01-27 15:36:16 [main] INFO  org.springframework.web.servlet.handler.SimpleUrlHandlerMapping - Mapped URL path [/**] onto handler of type [class org.springframework.web.servlet.resource.ResourceHttpRequestHandler]
2017-01-27 15:36:16 [main] INFO  org.springframework.web.servlet.handler.SimpleUrlHandlerMapping - Mapped URL path [/**/favicon.ico] onto handler of type [class org.springframework.web.servlet.resource.ResourceHttpRequestHandler]
2017-01-27 15:36:16 [main] WARN  org.springframework.boot.autoconfigure.thymeleaf.AbstractTemplateResolverConfiguration - Cannot find template location: classpath:/templates/ (please add some templates or check your Thymeleaf configuration)
2017-01-27 15:36:17 [main] INFO  org.springframework.boot.autoconfigure.web.WebMvcAutoConfiguration$WelcomePageHandlerMapping - Adding welcome page: class path resource [public/index.html]
2017-01-27 15:36:17 [main] INFO  org.springframework.jmx.export.annotation.AnnotationMBeanExporter - Registering beans for JMX exposure on startup
2017-01-27 15:36:17 [main] INFO  org.apache.coyote.http11.Http11NioProtocol - Initializing ProtocolHandler ["http-nio-80"]
2017-01-27 15:36:17 [main] INFO  org.apache.coyote.http11.Http11NioProtocol - Starting ProtocolHandler [http-nio-80]
2017-01-27 15:36:17 [main] INFO  org.apache.tomcat.util.net.NioSelectorPool - Using a shared selector for servlet write/read
2017-01-27 15:36:17 [main] INFO  org.springframework.boot.context.embedded.tomcat.TomcatEmbeddedServletContainer - Tomcat started on port(s): 80 (http)
2017-01-27 15:36:17 [main] INFO  net.codog.ProjectApplication - Started ProjectApplication in 5.58 seconds (JVM running for 6.482)
2017-01-27 15:36:24 [http-nio-80-exec-1] INFO  org.apache.catalina.core.ContainerBase.[Tomcat].[localhost].[/] - Initializing Spring FrameworkServlet 'dispatcherServlet'
2017-01-27 15:36:24 [http-nio-80-exec-1] INFO  org.springframework.web.servlet.DispatcherServlet - FrameworkServlet 'dispatcherServlet': initialization started
2017-01-27 15:36:24 [http-nio-80-exec-1] INFO  org.springframework.web.servlet.DispatcherServlet - FrameworkServlet 'dispatcherServlet': initialization completed in 28 ms
2017-01-27 15:36:25 [http-nio-80-exec-2] INFO  net.codog.service.NewsService - start is null,end is null
2017-01-27 15:36:25 [http-nio-80-exec-3] INFO  net.codog.service.SearchCategoryService - SearchCategoryService
2017-01-27 15:36:25 [http-nio-80-exec-2] INFO  net.codog.dao.selectsql.SelectSqlProvider - sql is select * from news where 1
2017-01-27 15:36:25 [http-nio-80-exec-5] INFO  net.codog.service.RecommandService - recommandService
2017-01-27 15:36:25 [http-nio-80-exec-4] INFO  net.codog.service.AdvertiseService - AdvertiseService
2017-01-27 15:36:25 [http-nio-80-exec-5] INFO  net.codog.web.RecommandController - 全部数据是[Recommand(recommand_link=www.baidu.com, recommand_picture=001), Recommand(recommand_link=www.baidu.com2, recommand_picture=002), Recommand(recommand_link=www.baidu.com3, recommand_picture=003)]
2017-01-27 15:36:25 [http-nio-80-exec-3] INFO  net.codog.web.SearchCategoryController - 获取的全部搜索类型是[SearchCategory(search_category_id=0, search_category_name=博客), SearchCategory(search_category_id=1, search_category_name=娱乐视频)]
2017-01-27 15:36:25 [http-nio-80-exec-4] INFO  net.codog.web.AdvertiseController - 全部数据是[Advertise(advertise_link=blog.csdn.net, advertise_picture=images/inc/1.gif), Advertise(advertise_link=www.baidu.com, advertise_picture=images/inc/1.gif)]
2017-01-27 15:36:25 [http-nio-80-exec-2] INFO  net.codog.web.NewsController - 获取的全部新闻是[News(news_id=1, news_title=news1, news_content=this is news, news_publish_time=Sat Nov 26 00:00:00 CST 2016, news_modify_time=Sat Nov 26 00:00:00 CST 2016, news_url=www.baidu.com, news_type=null), News(news_id=2, news_title=news2, news_content=this is news2, news_publish_time=Sat Nov 26 00:00:00 CST 2016, news_modify_time=Sat Nov 26 00:00:00 CST 2016, news_url=www.baidu.com, news_type=null)]
2017-01-27 15:37:26 [http-nio-80-exec-7] INFO  net.codog.service.NewsService - start is null,end is null
2017-01-27 15:37:26 [http-nio-80-exec-7] INFO  net.codog.dao.selectsql.SelectSqlProvider - sql is select * from news where 1
2017-01-27 15:37:26 [http-nio-80-exec-9] INFO  net.codog.service.SearchCategoryService - SearchCategoryService
2017-01-27 15:37:26 [http-nio-80-exec-7] INFO  net.codog.web.NewsController - 获取的全部新闻是[News(news_id=1, news_title=news1, news_content=this is news, news_publish_time=Sat Nov 26 00:00:00 CST 2016, news_modify_time=Sat Nov 26 00:00:00 CST 2016, news_url=www.baidu.com, news_type=null), News(news_id=2, news_title=news2, news_content=this is news2, news_publish_time=Sat Nov 26 00:00:00 CST 2016, news_modify_time=Sat Nov 26 00:00:00 CST 2016, news_url=www.baidu.com, news_type=null)]
2017-01-27 15:37:26 [http-nio-80-exec-9] INFO  net.codog.web.SearchCategoryController - 获取的全部搜索类型是[SearchCategory(search_category_id=0, search_category_name=博客), SearchCategory(search_category_id=1, search_category_name=娱乐视频)]
2017-01-27 15:37:26 [http-nio-80-exec-6] INFO  net.codog.service.AdvertiseService - AdvertiseService
2017-01-27 15:37:26 [http-nio-80-exec-6] INFO  net.codog.web.AdvertiseController - 全部数据是[Advertise(advertise_link=blog.csdn.net, advertise_picture=images/inc/1.gif), Advertise(advertise_link=www.baidu.com, advertise_picture=images/inc/1.gif)]
2017-01-27 15:37:26 [http-nio-80-exec-9] INFO  net.codog.service.RecommandService - recommandService
2017-01-27 15:37:26 [http-nio-80-exec-9] INFO  net.codog.web.RecommandController - 全部数据是[Recommand(recommand_link=www.baidu.com, recommand_picture=001), Recommand(recommand_link=www.baidu.com2, recommand_picture=002), Recommand(recommand_link=www.baidu.com3, recommand_picture=003)]
2017-01-27 15:37:36 [http-nio-80-exec-9] INFO  net.codog.web.UserfulUrlController - getUserfulUrlByType
2017-01-27 15:47:48 [http-nio-80-exec-8] INFO  net.codog.service.SearchCategoryService - SearchCategoryService
2017-01-27 15:47:48 [http-nio-80-exec-6] INFO  net.codog.service.NewsService - start is null,end is null
2017-01-27 15:47:48 [http-nio-80-exec-6] INFO  net.codog.dao.selectsql.SelectSqlProvider - sql is select * from news where 1
2017-01-27 15:47:48 [http-nio-80-exec-8] INFO  net.codog.web.SearchCategoryController - 获取的全部搜索类型是[SearchCategory(search_category_id=0, search_category_name=博客), SearchCategory(search_category_id=1, search_category_name=娱乐视频)]
2017-01-27 15:47:48 [http-nio-80-exec-6] INFO  net.codog.web.NewsController - 获取的全部新闻是[News(news_id=1, news_title=news1, news_content=this is news, news_publish_time=Sat Nov 26 00:00:00 CST 2016, news_modify_time=Sat Nov 26 00:00:00 CST 2016, news_url=www.baidu.com, news_type=null), News(news_id=2, news_title=news2, news_content=this is news2, news_publish_time=Sat Nov 26 00:00:00 CST 2016, news_modify_time=Sat Nov 26 00:00:00 CST 2016, news_url=www.baidu.com, news_type=null)]
2017-01-27 15:47:49 [http-nio-80-exec-3] INFO  net.codog.service.AdvertiseService - AdvertiseService
2017-01-27 15:47:49 [http-nio-80-exec-7] INFO  net.codog.service.RecommandService - recommandService
2017-01-27 15:47:49 [http-nio-80-exec-7] INFO  net.codog.web.RecommandController - 全部数据是[Recommand(recommand_link=www.baidu.com, recommand_picture=001), Recommand(recommand_link=www.baidu.com2, recommand_picture=002), Recommand(recommand_link=www.baidu.com3, recommand_picture=003)]
2017-01-27 15:47:49 [http-nio-80-exec-3] INFO  net.codog.web.AdvertiseController - 全部数据是[Advertise(advertise_link=blog.csdn.net, advertise_picture=images/inc/1.gif), Advertise(advertise_link=www.baidu.com, advertise_picture=images/inc/1.gif)]
2017-01-27 15:48:04 [http-nio-80-exec-2] INFO  net.codog.web.UserfulUrlController - getUserfulUrlByType
2017-01-27 15:50:11 [http-nio-80-exec-2] INFO  net.codog.service.NewsService - start is null,end is null
2017-01-27 15:50:11 [http-nio-80-exec-2] INFO  net.codog.dao.selectsql.SelectSqlProvider - sql is select * from news where 1
2017-01-27 15:50:11 [http-nio-80-exec-2] INFO  net.codog.web.NewsController - 获取的全部新闻是[News(news_id=1, news_title=news1, news_content=this is news, news_publish_time=Sat Nov 26 00:00:00 CST 2016, news_modify_time=Sat Nov 26 00:00:00 CST 2016, news_url=www.baidu.com, news_type=null), News(news_id=2, news_title=news2, news_content=this is news2, news_publish_time=Sat Nov 26 00:00:00 CST 2016, news_modify_time=Sat Nov 26 00:00:00 CST 2016, news_url=www.baidu.com, news_type=null)]
2017-01-27 15:50:11 [http-nio-80-exec-1] INFO  net.codog.service.SearchCategoryService - SearchCategoryService
2017-01-27 15:50:11 [http-nio-80-exec-1] INFO  net.codog.web.SearchCategoryController - 获取的全部搜索类型是[SearchCategory(search_category_id=0, search_category_name=博客), SearchCategory(search_category_id=1, search_category_name=娱乐视频)]
2017-01-27 15:50:11 [http-nio-80-exec-10] INFO  net.codog.service.RecommandService - recommandService
2017-01-27 15:50:11 [http-nio-80-exec-10] INFO  net.codog.web.RecommandController - 全部数据是[Recommand(recommand_link=www.baidu.com, recommand_picture=001), Recommand(recommand_link=www.baidu.com2, recommand_picture=002), Recommand(recommand_link=www.baidu.com3, recommand_picture=003)]
2017-01-27 15:50:11 [http-nio-80-exec-5] INFO  net.codog.service.AdvertiseService - AdvertiseService
2017-01-27 15:50:11 [http-nio-80-exec-5] INFO  net.codog.web.AdvertiseController - 全部数据是[Advertise(advertise_link=blog.csdn.net, advertise_picture=images/inc/1.gif), Advertise(advertise_link=www.baidu.com, advertise_picture=images/inc/1.gif)]
2017-01-27 15:50:27 [http-nio-80-exec-2] INFO  net.codog.web.UserfulUrlController - getUserfulUrlByType
2017-01-27 15:50:29 [http-nio-80-exec-7] INFO  net.codog.web.UserfulUrlController - getUserfulUrlByType
2017-01-27 15:51:52 [http-nio-80-exec-4] INFO  net.codog.service.NewsService - start is null,end is null
2017-01-27 15:51:52 [http-nio-80-exec-7] INFO  net.codog.service.SearchCategoryService - SearchCategoryService
2017-01-27 15:51:52 [http-nio-80-exec-4] INFO  net.codog.dao.selectsql.SelectSqlProvider - sql is select * from news where 1
2017-01-27 15:51:52 [http-nio-80-exec-7] INFO  net.codog.web.SearchCategoryController - 获取的全部搜索类型是[SearchCategory(search_category_id=0, search_category_name=博客), SearchCategory(search_category_id=1, search_category_name=娱乐视频)]
2017-01-27 15:51:52 [http-nio-80-exec-4] INFO  net.codog.web.NewsController - 获取的全部新闻是[News(news_id=1, news_title=news1, news_content=this is news, news_publish_time=Sat Nov 26 00:00:00 CST 2016, news_modify_time=Sat Nov 26 00:00:00 CST 2016, news_url=www.baidu.com, news_type=null), News(news_id=2, news_title=news2, news_content=this is news2, news_publish_time=Sat Nov 26 00:00:00 CST 2016, news_modify_time=Sat Nov 26 00:00:00 CST 2016, news_url=www.baidu.com, news_type=null)]
2017-01-27 15:51:52 [http-nio-80-exec-5] INFO  net.codog.service.AdvertiseService - AdvertiseService
2017-01-27 15:51:52 [http-nio-80-exec-5] INFO  net.codog.web.AdvertiseController - 全部数据是[Advertise(advertise_link=blog.csdn.net, advertise_picture=images/inc/1.gif), Advertise(advertise_link=www.baidu.com, advertise_picture=images/inc/1.gif)]
2017-01-27 15:51:52 [http-nio-80-exec-9] INFO  net.codog.service.RecommandService - recommandService
2017-01-27 15:51:52 [http-nio-80-exec-9] INFO  net.codog.web.RecommandController - 全部数据是[Recommand(recommand_link=www.baidu.com, recommand_picture=001), Recommand(recommand_link=www.baidu.com2, recommand_picture=002), Recommand(recommand_link=www.baidu.com3, recommand_picture=003)]
2017-01-27 15:52:37 [http-nio-80-exec-7] INFO  net.codog.service.NewsService - start is null,end is null
2017-01-27 15:52:37 [http-nio-80-exec-7] INFO  net.codog.dao.selectsql.SelectSqlProvider - sql is select * from news where 1
2017-01-27 15:52:37 [http-nio-80-exec-6] INFO  net.codog.service.SearchCategoryService - SearchCategoryService
2017-01-27 15:52:37 [http-nio-80-exec-6] INFO  net.codog.web.SearchCategoryController - 获取的全部搜索类型是[SearchCategory(search_category_id=0, search_category_name=博客), SearchCategory(search_category_id=1, search_category_name=娱乐视频)]
2017-01-27 15:52:37 [http-nio-80-exec-7] INFO  net.codog.web.NewsController - 获取的全部新闻是[News(news_id=1, news_title=news1, news_content=this is news, news_publish_time=Sat Nov 26 00:00:00 CST 2016, news_modify_time=Sat Nov 26 00:00:00 CST 2016, news_url=www.baidu.com, news_type=null), News(news_id=2, news_title=news2, news_content=this is news2, news_publish_time=Sat Nov 26 00:00:00 CST 2016, news_modify_time=Sat Nov 26 00:00:00 CST 2016, news_url=www.baidu.com, news_type=null)]
2017-01-27 15:52:38 [http-nio-80-exec-9] INFO  net.codog.service.AdvertiseService - AdvertiseService
2017-01-27 15:52:38 [http-nio-80-exec-10] INFO  net.codog.service.RecommandService - recommandService
2017-01-27 15:52:38 [http-nio-80-exec-10] INFO  net.codog.web.RecommandController - 全部数据是[Recommand(recommand_link=www.baidu.com, recommand_picture=001), Recommand(recommand_link=www.baidu.com2, recommand_picture=002), Recommand(recommand_link=www.baidu.com3, recommand_picture=003)]
2017-01-27 15:52:38 [http-nio-80-exec-9] INFO  net.codog.web.AdvertiseController - 全部数据是[Advertise(advertise_link=blog.csdn.net, advertise_picture=images/inc/1.gif), Advertise(advertise_link=www.baidu.com, advertise_picture=images/inc/1.gif)]
2017-01-27 15:52:46 [http-nio-80-exec-5] INFO  net.codog.web.UserfulUrlController - getUserfulUrlByType
2017-01-27 15:52:54 [http-nio-80-exec-2] INFO  net.codog.web.UserfulUrlController - getUserfulUrlByType
2017-01-27 15:59:32 [background-preinit] INFO  org.hibernate.validator.internal.util.Version - HV000001: Hibernate Validator 5.2.4.Final
2017-01-27 15:59:32 [main] INFO  net.codog.ProjectApplication - Starting ProjectApplication on wenhanwang with PID 5564 (started by CreditEase in E:\我的项目\GitHub\personal-blog-webiste\project)
2017-01-27 15:59:32 [main] INFO  net.codog.ProjectApplication - The following profiles are active: prod
2017-01-27 15:59:33 [main] INFO  org.springframework.boot.context.embedded.AnnotationConfigEmbeddedWebApplicationContext - Refreshing org.springframework.boot.context.embedded.AnnotationConfigEmbeddedWebApplicationContext@47faa49c: startup date [Fri Jan 27 15:59:33 CST 2017]; root of context hierarchy
2017-01-27 15:59:34 [main] INFO  org.springframework.context.support.PostProcessorRegistrationDelegate$BeanPostProcessorChecker - Bean 'org.springframework.cache.annotation.ProxyCachingConfiguration' of type [class org.springframework.cache.annotation.ProxyCachingConfiguration$$EnhancerBySpringCGLIB$$b31d96] is not eligible for getting processed by all BeanPostProcessors (for example: not eligible for auto-proxying)
2017-01-27 15:59:34 [main] INFO  org.springframework.context.support.PostProcessorRegistrationDelegate$BeanPostProcessorChecker - Bean 'org.springframework.transaction.annotation.ProxyTransactionManagementConfiguration' of type [class org.springframework.transaction.annotation.ProxyTransactionManagementConfiguration$$EnhancerBySpringCGLIB$$b7a0e778] is not eligible for getting processed by all BeanPostProcessors (for example: not eligible for auto-proxying)
2017-01-27 15:59:34 [main] INFO  org.springframework.context.support.PostProcessorRegistrationDelegate$BeanPostProcessorChecker - Bean 'org.springframework.boot.autoconfigure.cache.CacheAutoConfiguration' of type [class org.springframework.boot.autoconfigure.cache.CacheAutoConfiguration$$EnhancerBySpringCGLIB$$f526e23a] is not eligible for getting processed by all BeanPostProcessors (for example: not eligible for auto-proxying)
2017-01-27 15:59:34 [main] INFO  org.springframework.context.support.PostProcessorRegistrationDelegate$BeanPostProcessorChecker - Bean 'spring.cache-org.springframework.boot.autoconfigure.cache.CacheProperties' of type [class org.springframework.boot.autoconfigure.cache.CacheProperties] is not eligible for getting processed by all BeanPostProcessors (for example: not eligible for auto-proxying)
2017-01-27 15:59:34 [main] INFO  org.springframework.context.support.PostProcessorRegistrationDelegate$BeanPostProcessorChecker - Bean 'org.springframework.boot.autoconfigure.cache.CacheManagerCustomizers' of type [class org.springframework.boot.autoconfigure.cache.CacheManagerCustomizers] is not eligible for getting processed by all BeanPostProcessors (for example: not eligible for auto-proxying)
2017-01-27 15:59:34 [main] INFO  org.springframework.context.support.PostProcessorRegistrationDelegate$BeanPostProcessorChecker - Bean 'org.springframework.boot.autoconfigure.cache.SimpleCacheConfiguration' of type [class org.springframework.boot.autoconfigure.cache.SimpleCacheConfiguration$$EnhancerBySpringCGLIB$$96c2551b] is not eligible for getting processed by all BeanPostProcessors (for example: not eligible for auto-proxying)
2017-01-27 15:59:34 [main] INFO  org.springframework.context.support.PostProcessorRegistrationDelegate$BeanPostProcessorChecker - Bean 'cacheManager' of type [class org.springframework.cache.concurrent.ConcurrentMapCacheManager] is not eligible for getting processed by all BeanPostProcessors (for example: not eligible for auto-proxying)
2017-01-27 15:59:34 [main] INFO  org.springframework.context.support.PostProcessorRegistrationDelegate$BeanPostProcessorChecker - Bean 'cacheAutoConfigurationValidator' of type [class org.springframework.boot.autoconfigure.cache.CacheAutoConfiguration$CacheManagerValidator] is not eligible for getting processed by all BeanPostProcessors (for example: not eligible for auto-proxying)
2017-01-27 15:59:35 [main] INFO  org.springframework.boot.context.embedded.tomcat.TomcatEmbeddedServletContainer - Tomcat initialized with port(s): 80 (http)
2017-01-27 15:59:35 [main] INFO  org.apache.catalina.core.StandardService - Starting service Tomcat
2017-01-27 15:59:35 [main] INFO  org.apache.catalina.core.StandardEngine - Starting Servlet Engine: Apache Tomcat/8.5.5
2017-01-27 15:59:35 [localhost-startStop-1] INFO  org.apache.catalina.core.ContainerBase.[Tomcat].[localhost].[/] - Initializing Spring embedded WebApplicationContext
2017-01-27 15:59:35 [localhost-startStop-1] INFO  org.springframework.web.context.ContextLoader - Root WebApplicationContext: initialization completed in 2387 ms
2017-01-27 15:59:35 [localhost-startStop-1] INFO  org.springframework.boot.web.servlet.ServletRegistrationBean - Mapping servlet: 'dispatcherServlet' to [/]
2017-01-27 15:59:35 [localhost-startStop-1] INFO  org.springframework.boot.web.servlet.FilterRegistrationBean - Mapping filter: 'characterEncodingFilter' to: [/*]
2017-01-27 15:59:35 [localhost-startStop-1] INFO  org.springframework.boot.web.servlet.FilterRegistrationBean - Mapping filter: 'hiddenHttpMethodFilter' to: [/*]
2017-01-27 15:59:35 [localhost-startStop-1] INFO  org.springframework.boot.web.servlet.FilterRegistrationBean - Mapping filter: 'httpPutFormContentFilter' to: [/*]
2017-01-27 15:59:35 [localhost-startStop-1] INFO  org.springframework.boot.web.servlet.FilterRegistrationBean - Mapping filter: 'requestContextFilter' to: [/*]
2017-01-27 15:59:36 [main] INFO  org.springframework.web.servlet.mvc.method.annotation.RequestMappingHandlerAdapter - Looking for @ControllerAdvice: org.springframework.boot.context.embedded.AnnotationConfigEmbeddedWebApplicationContext@47faa49c: startup date [Fri Jan 27 15:59:33 CST 2017]; root of context hierarchy
2017-01-27 15:59:36 [main] INFO  org.springframework.web.servlet.mvc.method.annotation.RequestMappingHandlerMapping - Mapped "{[/advertise/getadvertises],methods=[POST]}" onto public java.util.List<net.codog.domain.Advertise> net.codog.web.AdvertiseController.getAdvertise()
2017-01-27 15:59:36 [main] INFO  org.springframework.web.servlet.mvc.method.annotation.RequestMappingHandlerMapping - Mapped "{[/blog/getblogcount],methods=[POST]}" onto public java.lang.Integer net.codog.web.BlogController.getBlogCount(java.lang.Integer)
2017-01-27 15:59:36 [main] INFO  org.springframework.web.servlet.mvc.method.annotation.RequestMappingHandlerMapping - Mapped "{[/blog/getblogs],methods=[POST]}" onto public java.util.List<net.codog.domain.Blog> net.codog.web.BlogController.getBlogs(java.lang.Integer,java.lang.Integer,java.lang.Integer,java.lang.Integer)
2017-01-27 15:59:36 [main] INFO  org.springframework.web.servlet.mvc.method.annotation.RequestMappingHandlerMapping - Mapped "{[/blog/getblogcategories],methods=[POST]}" onto public java.util.List<net.codog.domain.BlogCategory> net.codog.web.BlogController.getBlogCategories(java.lang.Integer)
2017-01-27 15:59:36 [main] INFO  org.springframework.web.servlet.mvc.method.annotation.RequestMappingHandlerMapping - Mapped "{[/email/sendmail],methods=[POST]}" onto public net.codog.vo.ResponseVO<java.lang.String> net.codog.web.EmailController.sendMail(java.lang.String,java.lang.String)
2017-01-27 15:59:36 [main] INFO  org.springframework.web.servlet.mvc.method.annotation.RequestMappingHandlerMapping - Mapped "{[/gamevideo/getgamevideos],methods=[POST]}" onto public java.util.List<net.codog.domain.GameVideo> net.codog.web.GameVideoController.getGameVideos(java.lang.Integer,java.lang.Integer,java.lang.Integer)
2017-01-27 15:59:36 [main] INFO  org.springframework.web.servlet.mvc.method.annotation.RequestMappingHandlerMapping - Mapped "{[/gamevideo/getgamevideoscount],methods=[POST]}" onto public java.lang.Integer net.codog.web.GameVideoController.getGameVideosCount(java.lang.Integer)
2017-01-27 15:59:36 [main] INFO  org.springframework.web.servlet.mvc.method.annotation.RequestMappingHandlerMapping - Mapped "{[/guestbook/test],methods=[GET]}" onto public net.codog.vo.ResponseVO<java.util.List<net.codog.domain.Guestbook>> net.codog.web.GuestbookController.test()
2017-01-27 15:59:36 [main] INFO  org.springframework.web.servlet.mvc.method.annotation.RequestMappingHandlerMapping - Mapped "{[/message/test],methods=[GET]}" onto public net.codog.vo.ResponseVO<java.util.List<net.codog.domain.Message>> net.codog.web.MessageController.test()
2017-01-27 15:59:36 [main] INFO  org.springframework.web.servlet.mvc.method.annotation.RequestMappingHandlerMapping - Mapped "{[/news/test],methods=[GET]}" onto public net.codog.vo.ResponseVO<java.util.List<net.codog.domain.News>> net.codog.web.NewsController.test()
2017-01-27 15:59:36 [main] INFO  org.springframework.web.servlet.mvc.method.annotation.RequestMappingHandlerMapping - Mapped "{[/news/getnewscount],methods=[POST]}" onto public int net.codog.web.NewsController.getNewsCount()
2017-01-27 15:59:36 [main] INFO  org.springframework.web.servlet.mvc.method.annotation.RequestMappingHandlerMapping - Mapped "{[/news/getnewslist],methods=[POST]}" onto public java.util.List<net.codog.domain.News> net.codog.web.NewsController.getNewsList()
2017-01-27 15:59:36 [main] INFO  org.springframework.web.servlet.mvc.method.annotation.RequestMappingHandlerMapping - Mapped "{[/recommand/getrecommands],methods=[POST]}" onto public java.util.List<net.codog.domain.Recommand> net.codog.web.RecommandController.getRecommands()
2017-01-27 15:59:36 [main] INFO  org.springframework.web.servlet.mvc.method.annotation.RequestMappingHandlerMapping - Mapped "{[/searchcategory/getsearchcategories],methods=[POST]}" onto public java.util.List<net.codog.domain.SearchCategory> net.codog.web.SearchCategoryController.getSearchCategories()
2017-01-27 15:59:36 [main] INFO  org.springframework.web.servlet.mvc.method.annotation.RequestMappingHandlerMapping - Mapped "{[/user/register],methods=[POST]}" onto public net.codog.vo.ResponseVO<java.lang.String> net.codog.web.UserController.register(javax.servlet.http.HttpServletRequest,java.lang.String,java.lang.String)
2017-01-27 15:59:36 [main] INFO  org.springframework.web.servlet.mvc.method.annotation.RequestMappingHandlerMapping - Mapped "{[/user/test],methods=[GET]}" onto public net.codog.vo.ResponseVO<net.codog.view.UserShowDetail> net.codog.web.UserController.test()
2017-01-27 15:59:36 [main] INFO  org.springframework.web.servlet.mvc.method.annotation.RequestMappingHandlerMapping - Mapped "{[/userfile/test],methods=[GET]}" onto public net.codog.vo.ResponseVO<java.util.List<net.codog.domain.UserfulFile>> net.codog.web.UserfulFileController.test()
2017-01-27 15:59:36 [main] INFO  org.springframework.web.servlet.mvc.method.annotation.RequestMappingHandlerMapping - Mapped "{[/userurl/getuserfulurlbytype],methods=[POST]}" onto public java.util.List<net.codog.domain.UserfulUrl> net.codog.web.UserfulUrlController.getUserfulUrlByType(int,java.lang.Integer,java.lang.Integer)
2017-01-27 15:59:36 [main] INFO  org.springframework.web.servlet.mvc.method.annotation.RequestMappingHandlerMapping - Mapped "{[/error]}" onto public org.springframework.http.ResponseEntity<java.util.Map<java.lang.String, java.lang.Object>> org.springframework.boot.autoconfigure.web.BasicErrorController.error(javax.servlet.http.HttpServletRequest)
2017-01-27 15:59:36 [main] INFO  org.springframework.web.servlet.mvc.method.annotation.RequestMappingHandlerMapping - Mapped "{[/error],produces=[text/html]}" onto public org.springframework.web.servlet.ModelAndView org.springframework.boot.autoconfigure.web.BasicErrorController.errorHtml(javax.servlet.http.HttpServletRequest,javax.servlet.http.HttpServletResponse)
2017-01-27 15:59:36 [main] INFO  org.springframework.web.servlet.handler.SimpleUrlHandlerMapping - Mapped URL path [/webjars/**] onto handler of type [class org.springframework.web.servlet.resource.ResourceHttpRequestHandler]
2017-01-27 15:59:36 [main] INFO  org.springframework.web.servlet.handler.SimpleUrlHandlerMapping - Mapped URL path [/**] onto handler of type [class org.springframework.web.servlet.resource.ResourceHttpRequestHandler]
2017-01-27 15:59:36 [main] INFO  org.springframework.web.servlet.handler.SimpleUrlHandlerMapping - Mapped URL path [/**/favicon.ico] onto handler of type [class org.springframework.web.servlet.resource.ResourceHttpRequestHandler]
2017-01-27 15:59:37 [main] WARN  org.springframework.boot.autoconfigure.thymeleaf.AbstractTemplateResolverConfiguration - Cannot find template location: classpath:/templates/ (please add some templates or check your Thymeleaf configuration)
2017-01-27 15:59:37 [main] INFO  org.springframework.boot.autoconfigure.web.WebMvcAutoConfiguration$WelcomePageHandlerMapping - Adding welcome page: class path resource [public/index.html]
2017-01-27 15:59:37 [main] INFO  org.springframework.jmx.export.annotation.AnnotationMBeanExporter - Registering beans for JMX exposure on startup
2017-01-27 15:59:37 [main] INFO  org.apache.coyote.http11.Http11NioProtocol - Initializing ProtocolHandler ["http-nio-80"]
2017-01-27 15:59:37 [main] INFO  org.apache.coyote.http11.Http11NioProtocol - Starting ProtocolHandler [http-nio-80]
2017-01-27 15:59:37 [main] INFO  org.apache.tomcat.util.net.NioSelectorPool - Using a shared selector for servlet write/read
2017-01-27 15:59:37 [main] INFO  org.springframework.boot.context.embedded.tomcat.TomcatEmbeddedServletContainer - Tomcat started on port(s): 80 (http)
2017-01-27 15:59:37 [main] INFO  net.codog.ProjectApplication - Started ProjectApplication in 6.499 seconds (JVM running for 7.39)
2017-01-27 15:59:42 [http-nio-80-exec-1] INFO  org.apache.catalina.core.ContainerBase.[Tomcat].[localhost].[/] - Initializing Spring FrameworkServlet 'dispatcherServlet'
2017-01-27 15:59:42 [http-nio-80-exec-1] INFO  org.springframework.web.servlet.DispatcherServlet - FrameworkServlet 'dispatcherServlet': initialization started
2017-01-27 15:59:42 [http-nio-80-exec-1] INFO  org.springframework.web.servlet.DispatcherServlet - FrameworkServlet 'dispatcherServlet': initialization completed in 77 ms
2017-01-27 15:59:44 [http-nio-80-exec-3] INFO  net.codog.service.NewsService - start is null,end is null
2017-01-27 15:59:44 [http-nio-80-exec-2] INFO  net.codog.service.SearchCategoryService - SearchCategoryService
2017-01-27 15:59:44 [http-nio-80-exec-3] INFO  net.codog.dao.selectsql.SelectSqlProvider - sql is select * from news where 1
2017-01-27 15:59:44 [http-nio-80-exec-1] INFO  net.codog.service.AdvertiseService - AdvertiseService
2017-01-27 15:59:44 [http-nio-80-exec-7] INFO  net.codog.service.RecommandService - recommandService
2017-01-27 15:59:44 [http-nio-80-exec-2] INFO  net.codog.web.SearchCategoryController - 获取的全部搜索类型是[SearchCategory(search_category_id=0, search_category_name=博客), SearchCategory(search_category_id=1, search_category_name=娱乐视频)]
2017-01-27 15:59:44 [http-nio-80-exec-1] INFO  net.codog.web.AdvertiseController - 全部数据是[Advertise(advertise_link=blog.csdn.net, advertise_picture=images/inc/1.gif), Advertise(advertise_link=www.baidu.com, advertise_picture=images/inc/1.gif)]
2017-01-27 15:59:44 [http-nio-80-exec-3] INFO  net.codog.web.NewsController - 获取的全部新闻是[News(news_id=1, news_title=news1, news_content=this is news, news_publish_time=Sat Nov 26 00:00:00 CST 2016, news_modify_time=Sat Nov 26 00:00:00 CST 2016, news_url=www.baidu.com, news_type=null), News(news_id=2, news_title=news2, news_content=this is news2, news_publish_time=Sat Nov 26 00:00:00 CST 2016, news_modify_time=Sat Nov 26 00:00:00 CST 2016, news_url=www.baidu.com, news_type=null)]
2017-01-27 15:59:44 [http-nio-80-exec-7] INFO  net.codog.web.RecommandController - 全部数据是[Recommand(recommand_link=www.baidu.com, recommand_picture=001), Recommand(recommand_link=www.baidu.com2, recommand_picture=002), Recommand(recommand_link=www.baidu.com3, recommand_picture=003)]
2017-01-27 15:59:52 [http-nio-80-exec-2] INFO  net.codog.web.UserfulUrlController - getUserfulUrlByType
2017-01-27 15:59:53 [http-nio-80-exec-4] INFO  net.codog.web.UserfulUrlController - getUserfulUrlByType
